[类型]:Error
[线程]:1
[内存]:4.17M
[时间]:2015-07-03 11:12:24
[内容]:在与 SQL Server 建立连接时出现与网络相关的或特定于实例的错误。未找到或无法访问服务器。请验证实例名称是否正确并且 SQL Server 已配置为允许远程连接。 (provider: Named Pipes Provider, error: 40 - 无法打开到 SQL Server 的连接)
[来源]:.Net SqlClient Data Provider
[目标]:Void OnError(System.Data.SqlClient.SqlException, Boolean, System.Action`1[System.Action])
[堆栈]:   在 System.Data.SqlClient.SqlInternalConnection.OnError(SqlException exception, Boolean breakConnection, Action`1 wrapCloseInAction)
   在 System.Data.SqlClient.TdsParser.ThrowExceptionAndWarning(TdsParserStateObject stateObj, Boolean callerHasConnectionLock, Boolean asyncClose)
   在 System.Data.SqlClient.TdsParser.Connect(ServerInfo serverInfo, SqlInternalConnectionTds connHandler, Boolean ignoreSniOpenTimeout, Int64 timerExpire, Boolean encrypt, Boolean trustServerCert, Boolean integratedSecurity, Boolean withFailover)
   在 System.Data.SqlClient.SqlInternalConnectionTds.AttemptOneLogin(ServerInfo serverInfo, String newPassword, SecureString newSecurePassword, Boolean ignoreSniOpenTimeout, TimeoutTimer timeout, Boolean withFailover)
   在 System.Data.SqlClient.SqlInternalConnectionTds.LoginNoFailover(ServerInfo serverInfo, String newPassword, SecureString newSecurePassword, Boolean redirectedUserInstance, SqlConnectionString connectionOptions, SqlCredential credential, TimeoutTimer timeout)
   在 System.Data.SqlClient.SqlInternalConnectionTds.OpenLoginEnlist(TimeoutTimer timeout, SqlConnectionString connectionOptions, SqlCredential credential, String newPassword, SecureString newSecurePassword, Boolean redirectedUserInstance)
   在 System.Data.SqlClient.SqlInternalConnectionTds..ctor(DbConnectionPoolIdentity identity, SqlConnectionString connectionOptions, SqlCredential credential, Object providerInfo, String newPassword, SecureString newSecurePassword, Boolean redirectedUserInstance, SqlConnectionString userConnectionOptions, SessionData reconnectSessionData)
   在 System.Data.SqlClient.SqlConnectionFactory.CreateConnection(DbConnectionOptions options, DbConnectionPoolKey poolKey, Object poolGroupProviderInfo, DbConnectionPool pool, DbConnection owningConnection, DbConnectionOptions userOptions)
   在 System.Data.ProviderBase.DbConnectionFactory.CreatePooledConnection(DbConnectionPool pool, DbConnection owningObject, DbConnectionOptions options, DbConnectionPoolKey poolKey, DbConnectionOptions userOptions)
   在 System.Data.ProviderBase.DbConnectionPool.CreateObject(DbConnection owningObject, DbConnectionOptions userOptions, DbConnectionInternal oldConnection)
   在 System.Data.ProviderBase.DbConnectionPool.UserCreateRequest(DbConnection owningObject, DbConnectionOptions userOptions, DbConnectionInternal oldConnection)
   在 System.Data.ProviderBase.DbConnectionPool.TryGetConnection(DbConnection owningObject, UInt32 waitForMultipleObjectsTimeout, Boolean allowCreate, Boolean onlyOneCheckConnection, DbConnectionOptions userOptions, DbConnectionInternal& connection)
   在 System.Data.ProviderBase.DbConnectionPool.TryGetConnection(DbConnection owningObject, TaskCompletionSource`1 retry, DbConnectionOptions userOptions, DbConnectionInternal& connection)
   在 System.Data.ProviderBase.DbConnectionFactory.TryGetConnection(DbConnection owningConnection, TaskCompletionSource`1 retry, DbConnectionOptions userOptions, DbConnectionInternal oldConnection, DbConnectionInternal& connection)
   在 System.Data.ProviderBase.DbConnectionInternal.TryOpenConnectionInternal(DbConnection outerConnection, DbConnectionFactory connectionFactory, TaskCompletionSource`1 retry, DbConnectionOptions userOptions)
   在 System.Data.SqlClient.SqlConnection.TryOpenInner(TaskCompletionSource`1 retry)
   在 System.Data.SqlClient.SqlConnection.TryOpen(TaskCompletionSource`1 retry)
   在 System.Data.SqlClient.SqlConnection.Open()
   在 EAS.Data.Access.AbstractProvider.vcAy0jsYBiT9cSXpiE7(Object )
   在 EAS.Data.Access.AbstractProvider.Open()
   在 EAS.Data.Access.DataAccessor.f1K5SGYNCFxRGIChLHg(Object )
   在 EAS.Data.Access.DataAccessor.DelegateQuery(DataReaderHandler handler, String commandText, CommandType commandType, ParameterCollection parameters)
   在 EAS.Data.ORM.OrmAccessor.iBDOnpDFqn(Type , Condition , List`1 propertys, Int32 , Int32 )
   在 EAS.Data.ORM.OrmAccessor.EAS.Data.ORM.IDataChannel.Select2(String T, Condition condition, List`1 propertys, Int32 skip, Int32 count)
   在 EAS.Data.Caching.DbCacheProvider.N1nAz44fsk(String , String , DateTime , Type )
   在 EAS.Data.Caching.DbCacheProvider.GetData(String dataType, String updateProperty, DateTime updateTime, Guid sessionID)
   在 EAS.Data.Caching.CacheService.OTVH3n843AXiZvuoXNd(Object , Object , Object , DateTime updateTime, Guid sessionID)
   在 EAS.Data.Caching.CacheService.GetData(String dataType, String updateProperty, DateTime updateTime, Guid sessionID)


[类型]:Error
[线程]:1
[内存]:4.29M
[时间]:2015-07-03 11:12:25
[内容]:系统找不到指定的文件。
[来源]:
[目标]:
[堆栈]:


[类型]:Error
[线程]:1
[内存]:4.72M
[时间]:2015-07-03 11:12:24
[内容]:在与 SQL Server 建立连接时出现与网络相关的或特定于实例的错误。未找到或无法访问服务器。请验证实例名称是否正确并且 SQL Server 已配置为允许远程连接。 (provider: Named Pipes Provider, error: 40 - 无法打开到 SQL Server 的连接)
[来源]:.Net SqlClient Data Provider
[目标]:Void OnError(System.Data.SqlClient.SqlException, Boolean, System.Action`1[System.Action])
[堆栈]:   在 System.Data.SqlClient.SqlInternalConnection.OnError(SqlException exception, Boolean breakConnection, Action`1 wrapCloseInAction)
   在 System.Data.SqlClient.TdsParser.ThrowExceptionAndWarning(TdsParserStateObject stateObj, Boolean callerHasConnectionLock, Boolean asyncClose)
   在 System.Data.SqlClient.TdsParser.Connect(ServerInfo serverInfo, SqlInternalConnectionTds connHandler, Boolean ignoreSniOpenTimeout, Int64 timerExpire, Boolean encrypt, Boolean trustServerCert, Boolean integratedSecurity, Boolean withFailover)
   在 System.Data.SqlClient.SqlInternalConnectionTds.AttemptOneLogin(ServerInfo serverInfo, String newPassword, SecureString newSecurePassword, Boolean ignoreSniOpenTimeout, TimeoutTimer timeout, Boolean withFailover)
   在 System.Data.SqlClient.SqlInternalConnectionTds.LoginNoFailover(ServerInfo serverInfo, String newPassword, SecureString newSecurePassword, Boolean redirectedUserInstance, SqlConnectionString connectionOptions, SqlCredential credential, TimeoutTimer timeout)
   在 System.Data.SqlClient.SqlInternalConnectionTds.OpenLoginEnlist(TimeoutTimer timeout, SqlConnectionString connectionOptions, SqlCredential credential, String newPassword, SecureString newSecurePassword, Boolean redirectedUserInstance)
   在 System.Data.SqlClient.SqlInternalConnectionTds..ctor(DbConnectionPoolIdentity identity, SqlConnectionString connectionOptions, SqlCredential credential, Object providerInfo, String newPassword, SecureString newSecurePassword, Boolean redirectedUserInstance, SqlConnectionString userConnectionOptions, SessionData reconnectSessionData)
   在 System.Data.SqlClient.SqlConnectionFactory.CreateConnection(DbConnectionOptions options, DbConnectionPoolKey poolKey, Object poolGroupProviderInfo, DbConnectionPool pool, DbConnection owningConnection, DbConnectionOptions userOptions)
   在 System.Data.ProviderBase.DbConnectionFactory.CreatePooledConnection(DbConnectionPool pool, DbConnection owningObject, DbConnectionOptions options, DbConnectionPoolKey poolKey, DbConnectionOptions userOptions)
   在 System.Data.ProviderBase.DbConnectionPool.CreateObject(DbConnection owningObject, DbConnectionOptions userOptions, DbConnectionInternal oldConnection)
   在 System.Data.ProviderBase.DbConnectionPool.UserCreateRequest(DbConnection owningObject, DbConnectionOptions userOptions, DbConnectionInternal oldConnection)
   在 System.Data.ProviderBase.DbConnectionPool.TryGetConnection(DbConnection owningObject, UInt32 waitForMultipleObjectsTimeout, Boolean allowCreate, Boolean onlyOneCheckConnection, DbConnectionOptions userOptions, DbConnectionInternal& connection)
   在 System.Data.ProviderBase.DbConnectionPool.TryGetConnection(DbConnection owningObject, TaskCompletionSource`1 retry, DbConnectionOptions userOptions, DbConnectionInternal& connection)
   在 System.Data.ProviderBase.DbConnectionFactory.TryGetConnection(DbConnection owningConnection, TaskCompletionSource`1 retry, DbConnectionOptions userOptions, DbConnectionInternal oldConnection, DbConnectionInternal& connection)
   在 System.Data.ProviderBase.DbConnectionInternal.TryOpenConnectionInternal(DbConnection outerConnection, DbConnectionFactory connectionFactory, TaskCompletionSource`1 retry, DbConnectionOptions userOptions)
   在 System.Data.SqlClient.SqlConnection.TryOpenInner(TaskCompletionSource`1 retry)
   在 System.Data.SqlClient.SqlConnection.TryOpen(TaskCompletionSource`1 retry)
   在 System.Data.SqlClient.SqlConnection.Open()
   在 EAS.Data.Access.AbstractProvider.vcAy0jsYBiT9cSXpiE7(Object )
   在 EAS.Data.Access.AbstractProvider.Open()
   在 EAS.Data.Access.DataAccessor.f1K5SGYNCFxRGIChLHg(Object )
   在 EAS.Data.Access.DataAccessor.DelegateQuery(DataReaderHandler handler, String commandText, CommandType commandType, ParameterCollection parameters)
   在 EAS.Data.ORM.OrmAccessor.iBDOnpDFqn(Type , Condition , List`1 propertys, Int32 , Int32 )
   在 EAS.Data.ORM.OrmAccessor.EAS.Data.ORM.IDataChannel.Select2(String T, Condition condition, List`1 propertys, Int32 skip, Int32 count)
   在 EAS.Data.Caching.DbCacheProvider.N1nAz44fsk(String , String , DateTime , Type )
   在 EAS.Data.Caching.DbCacheProvider.GetData(String dataType, String updateProperty, DateTime updateTime, Guid sessionID)
   在 EAS.Data.Caching.CacheService.OTVH3n843AXiZvuoXNd(Object , Object , Object , DateTime updateTime, Guid sessionID)
   在 EAS.Data.Caching.CacheService.GetData(String dataType, String updateProperty, DateTime updateTime, Guid sessionID)


[类型]:Error
[线程]:1
[内存]:2.98M
[时间]:2015-07-03 11:12:25
[内容]:系统找不到指定的文件。
[来源]:
[目标]:
[堆栈]:


[类型]:Error
[线程]:6
[内存]:3.13M
[时间]:2015-07-03 11:12:25
[内容]:在与 SQL Server 建立连接时出现与网络相关的或特定于实例的错误。未找到或无法访问服务器。请验证实例名称是否正确并且 SQL Server 已配置为允许远程连接。 (provider: Named Pipes Provider, error: 40 - 无法打开到 SQL Server 的连接)
[来源]:.Net SqlClient Data Provider
[目标]:Boolean TryGetConnection(System.Data.Common.DbConnection, UInt32, Boolean, Boolean, System.Data.Common.DbConnectionOptions, System.Data.ProviderBase.DbConnectionInternal ByRef)
[堆栈]:   在 System.Data.ProviderBase.DbConnectionPool.TryGetConnection(DbConnection owningObject, UInt32 waitForMultipleObjectsTimeout, Boolean allowCreate, Boolean onlyOneCheckConnection, DbConnectionOptions userOptions, DbConnectionInternal& connection)
   在 System.Data.ProviderBase.DbConnectionPool.TryGetConnection(DbConnection owningObject, TaskCompletionSource`1 retry, DbConnectionOptions userOptions, DbConnectionInternal& connection)
   在 System.Data.ProviderBase.DbConnectionFactory.TryGetConnection(DbConnection owningConnection, TaskCompletionSource`1 retry, DbConnectionOptions userOptions, DbConnectionInternal oldConnection, DbConnectionInternal& connection)
   在 System.Data.ProviderBase.DbConnectionInternal.TryOpenConnectionInternal(DbConnection outerConnection, DbConnectionFactory connectionFactory, TaskCompletionSource`1 retry, DbConnectionOptions userOptions)
   在 System.Data.SqlClient.SqlConnection.TryOpenInner(TaskCompletionSource`1 retry)
   在 System.Data.SqlClient.SqlConnection.TryOpen(TaskCompletionSource`1 retry)
   在 System.Data.SqlClient.SqlConnection.Open()
   在 EAS.Data.Access.AbstractProvider.vcAy0jsYBiT9cSXpiE7(Object )
   在 EAS.Data.Access.AbstractProvider.Open()
   在 EAS.Data.Access.DataAccessor.f1K5SGYNCFxRGIChLHg(Object )
   在 EAS.Data.Access.DataAccessor.DelegateQuery(DataReaderHandler handler, String commandText, CommandType commandType, ParameterCollection parameters)
   在 EAS.Data.ORM.OrmAccessor.iBDOnpDFqn(Type , Condition , List`1 propertys, Int32 , Int32 )
   在 EAS.Data.ORM.OrmAccessor.EAS.Data.ORM.IDataChannel.Select2(String T, Condition condition, List`1 propertys, Int32 skip, Int32 count)
   在 EAS.Data.Caching.DbCacheProvider.N1nAz44fsk(String , String , DateTime , Type )
   在 EAS.Data.Caching.DbCacheProvider.GetData(String dataType, String updateProperty, DateTime updateTime, Guid sessionID)
   在 EAS.Data.Caching.CacheService.OTVH3n843AXiZvuoXNd(Object , Object , Object , DateTime updateTime, Guid sessionID)
   在 EAS.Data.Caching.CacheService.GetData(String dataType, String updateProperty, DateTime updateTime, Guid sessionID)


[类型]:Error
[线程]:6
[内存]:3.20M
[时间]:2015-07-03 11:12:25
[内容]:系统找不到指定的文件。
[来源]:
[目标]:
[堆栈]:


[类型]:Error
[线程]:5
[内存]:3.04M
[时间]:2015-07-03 11:12:25
[内容]:系统找不到指定的文件。
[来源]:
[目标]:
[堆栈]:


[类型]:Error
[线程]:1
[内存]:4.91M
[时间]:2015-07-03 11:12:28
[内容]:在与 SQL Server 建立连接时出现与网络相关的或特定于实例的错误。未找到或无法访问服务器。请验证实例名称是否正确并且 SQL Server 已配置为允许远程连接。 (provider: Named Pipes Provider, error: 40 - 无法打开到 SQL Server 的连接)
[来源]:.Net SqlClient Data Provider
[目标]:Boolean TryGetConnection(System.Data.Common.DbConnection, UInt32, Boolean, Boolean, System.Data.Common.DbConnectionOptions, System.Data.ProviderBase.DbConnectionInternal ByRef)
[堆栈]:   在 System.Data.ProviderBase.DbConnectionPool.TryGetConnection(DbConnection owningObject, UInt32 waitForMultipleObjectsTimeout, Boolean allowCreate, Boolean onlyOneCheckConnection, DbConnectionOptions userOptions, DbConnectionInternal& connection)
   在 System.Data.ProviderBase.DbConnectionPool.TryGetConnection(DbConnection owningObject, TaskCompletionSource`1 retry, DbConnectionOptions userOptions, DbConnectionInternal& connection)
   在 System.Data.ProviderBase.DbConnectionFactory.TryGetConnection(DbConnection owningConnection, TaskCompletionSource`1 retry, DbConnectionOptions userOptions, DbConnectionInternal oldConnection, DbConnectionInternal& connection)
   在 System.Data.ProviderBase.DbConnectionInternal.TryOpenConnectionInternal(DbConnection outerConnection, DbConnectionFactory connectionFactory, TaskCompletionSource`1 retry, DbConnectionOptions userOptions)
   在 System.Data.SqlClient.SqlConnection.TryOpenInner(TaskCompletionSource`1 retry)
   在 System.Data.SqlClient.SqlConnection.TryOpen(TaskCompletionSource`1 retry)
   在 System.Data.SqlClient.SqlConnection.Open()
   在 EAS.Data.Access.AbstractProvider.vcAy0jsYBiT9cSXpiE7(Object )
   在 EAS.Data.Access.AbstractProvider.Open()
   在 EAS.Data.Access.DataAccessor.f1K5SGYNCFxRGIChLHg(Object )
   在 EAS.Data.Access.DataAccessor.DelegateQuery(DataReaderHandler handler, String commandText, CommandType commandType, ParameterCollection parameters)
   在 EAS.Data.ORM.OrmAccessor.iBDOnpDFqn(Type , Condition , List`1 propertys, Int32 , Int32 )
   在 EAS.Data.ORM.OrmAccessor.EAS.Data.ORM.IDataChannel.Select2(String T, Condition condition, List`1 propertys, Int32 skip, Int32 count)
   在 EAS.Data.Caching.DbCacheProvider.N1nAz44fsk(String , String , DateTime , Type )
   在 EAS.Data.Caching.DbCacheProvider.GetData(String dataType, String updateProperty, DateTime updateTime, Guid sessionID)
   在 EAS.Data.Caching.CacheService.OTVH3n843AXiZvuoXNd(Object , Object , Object , DateTime updateTime, Guid sessionID)
   在 EAS.Data.Caching.CacheService.GetData(String dataType, String updateProperty, DateTime updateTime, Guid sessionID)


[类型]:Error
[线程]:1
[内存]:4.99M
[时间]:2015-07-03 11:12:28
[内容]:系统找不到指定的文件。
[来源]:
[目标]:
[堆栈]:


[类型]:Error
[线程]:5
[内存]:4.54M
[时间]:2015-07-03 11:13:02
[内容]:在与 SQL Server 建立连接时出现与网络相关的或特定于实例的错误。未找到或无法访问服务器。请验证实例名称是否正确并且 SQL Server 已配置为允许远程连接。 (provider: Named Pipes Provider, error: 40 - 无法打开到 SQL Server 的连接)
[来源]:.Net SqlClient Data Provider
[目标]:Void OnError(System.Data.SqlClient.SqlException, Boolean, System.Action`1[System.Action])
[堆栈]:   在 System.Data.SqlClient.SqlInternalConnection.OnError(SqlException exception, Boolean breakConnection, Action`1 wrapCloseInAction)
   在 System.Data.SqlClient.TdsParser.ThrowExceptionAndWarning(TdsParserStateObject stateObj, Boolean callerHasConnectionLock, Boolean asyncClose)
   在 System.Data.SqlClient.TdsParser.Connect(ServerInfo serverInfo, SqlInternalConnectionTds connHandler, Boolean ignoreSniOpenTimeout, Int64 timerExpire, Boolean encrypt, Boolean trustServerCert, Boolean integratedSecurity, Boolean withFailover)
   在 System.Data.SqlClient.SqlInternalConnectionTds.AttemptOneLogin(ServerInfo serverInfo, String newPassword, SecureString newSecurePassword, Boolean ignoreSniOpenTimeout, TimeoutTimer timeout, Boolean withFailover)
   在 System.Data.SqlClient.SqlInternalConnectionTds.LoginNoFailover(ServerInfo serverInfo, String newPassword, SecureString newSecurePassword, Boolean redirectedUserInstance, SqlConnectionString connectionOptions, SqlCredential credential, TimeoutTimer timeout)
   在 System.Data.SqlClient.SqlInternalConnectionTds.OpenLoginEnlist(TimeoutTimer timeout, SqlConnectionString connectionOptions, SqlCredential credential, String newPassword, SecureString newSecurePassword, Boolean redirectedUserInstance)
   在 System.Data.SqlClient.SqlInternalConnectionTds..ctor(DbConnectionPoolIdentity identity, SqlConnectionString connectionOptions, SqlCredential credential, Object providerInfo, String newPassword, SecureString newSecurePassword, Boolean redirectedUserInstance, SqlConnectionString userConnectionOptions, SessionData reconnectSessionData)
   在 System.Data.SqlClient.SqlConnectionFactory.CreateConnection(DbConnectionOptions options, DbConnectionPoolKey poolKey, Object poolGroupProviderInfo, DbConnectionPool pool, DbConnection owningConnection, DbConnectionOptions userOptions)
   在 System.Data.ProviderBase.DbConnectionFactory.CreatePooledConnection(DbConnectionPool pool, DbConnection owningObject, DbConnectionOptions options, DbConnectionPoolKey poolKey, DbConnectionOptions userOptions)
   在 System.Data.ProviderBase.DbConnectionPool.CreateObject(DbConnection owningObject, DbConnectionOptions userOptions, DbConnectionInternal oldConnection)
   在 System.Data.ProviderBase.DbConnectionPool.UserCreateRequest(DbConnection owningObject, DbConnectionOptions userOptions, DbConnectionInternal oldConnection)
   在 System.Data.ProviderBase.DbConnectionPool.TryGetConnection(DbConnection owningObject, UInt32 waitForMultipleObjectsTimeout, Boolean allowCreate, Boolean onlyOneCheckConnection, DbConnectionOptions userOptions, DbConnectionInternal& connection)
   在 System.Data.ProviderBase.DbConnectionPool.TryGetConnection(DbConnection owningObject, TaskCompletionSource`1 retry, DbConnectionOptions userOptions, DbConnectionInternal& connection)
   在 System.Data.ProviderBase.DbConnectionFactory.TryGetConnection(DbConnection owningConnection, TaskCompletionSource`1 retry, DbConnectionOptions userOptions, DbConnectionInternal oldConnection, DbConnectionInternal& connection)
   在 System.Data.ProviderBase.DbConnectionInternal.TryOpenConnectionInternal(DbConnection outerConnection, DbConnectionFactory connectionFactory, TaskCompletionSource`1 retry, DbConnectionOptions userOptions)
   在 System.Data.SqlClient.SqlConnection.TryOpenInner(TaskCompletionSource`1 retry)
   在 System.Data.SqlClient.SqlConnection.TryOpen(TaskCompletionSource`1 retry)
   在 System.Data.SqlClient.SqlConnection.Open()
   在 EAS.Data.Access.AbstractProvider.vcAy0jsYBiT9cSXpiE7(Object )
   在 EAS.Data.Access.AbstractProvider.Open()
   在 EAS.Data.Access.DataAccessor.f1K5SGYNCFxRGIChLHg(Object )
   在 EAS.Data.Access.DataAccessor.DelegateQuery(DataReaderHandler handler, String commandText, CommandType commandType, ParameterCollection parameters)
   在 EAS.Data.ORM.OrmAccessor.iBDOnpDFqn(Type , Condition , List`1 propertys, Int32 , Int32 )
   在 EAS.Data.ORM.OrmAccessor.EAS.Data.ORM.IDataChannel.Select2(String T, Condition condition, List`1 propertys, Int32 skip, Int32 count)
   在 EAS.Data.Caching.DbCacheProvider.N1nAz44fsk(String , String , DateTime , Type )
   在 EAS.Data.Caching.DbCacheProvider.GetData(String dataType, String updateProperty, DateTime updateTime, Guid sessionID)
   在 EAS.Data.Caching.CacheService.OTVH3n843AXiZvuoXNd(Object , Object , Object , DateTime updateTime, Guid sessionID)
   在 EAS.Data.Caching.CacheService.GetData(String dataType, String updateProperty, DateTime updateTime, Guid sessionID)


[类型]:Error
[线程]:5
[内存]:4.70M
[时间]:2015-07-03 11:13:02
[内容]:系统找不到指定的文件。
[来源]:
[目标]:
[堆栈]:


[类型]:Error
[线程]:1
[内存]:4.69M
[时间]:2015-07-03 11:13:02
[内容]:在与 SQL Server 建立连接时出现与网络相关的或特定于实例的错误。未找到或无法访问服务器。请验证实例名称是否正确并且 SQL Server 已配置为允许远程连接。 (provider: Named Pipes Provider, error: 40 - 无法打开到 SQL Server 的连接)
[来源]:.Net SqlClient Data Provider
[目标]:Boolean TryGetConnection(System.Data.Common.DbConnection, UInt32, Boolean, Boolean, System.Data.Common.DbConnectionOptions, System.Data.ProviderBase.DbConnectionInternal ByRef)
[堆栈]:   在 System.Data.ProviderBase.DbConnectionPool.TryGetConnection(DbConnection owningObject, UInt32 waitForMultipleObjectsTimeout, Boolean allowCreate, Boolean onlyOneCheckConnection, DbConnectionOptions userOptions, DbConnectionInternal& connection)
   在 System.Data.ProviderBase.DbConnectionPool.TryGetConnection(DbConnection owningObject, TaskCompletionSource`1 retry, DbConnectionOptions userOptions, DbConnectionInternal& connection)
   在 System.Data.ProviderBase.DbConnectionFactory.TryGetConnection(DbConnection owningConnection, TaskCompletionSource`1 retry, DbConnectionOptions userOptions, DbConnectionInternal oldConnection, DbConnectionInternal& connection)
   在 System.Data.ProviderBase.DbConnectionInternal.TryOpenConnectionInternal(DbConnection outerConnection, DbConnectionFactory connectionFactory, TaskCompletionSource`1 retry, DbConnectionOptions userOptions)
   在 System.Data.SqlClient.SqlConnection.TryOpenInner(TaskCompletionSource`1 retry)
   在 System.Data.SqlClient.SqlConnection.TryOpen(TaskCompletionSource`1 retry)
   在 System.Data.SqlClient.SqlConnection.Open()
   在 EAS.Data.Access.AbstractProvider.vcAy0jsYBiT9cSXpiE7(Object )
   在 EAS.Data.Access.AbstractProvider.Open()
   在 aGnZj3NUY7FUbbq0eHN.mW7SpTNJqmae339fi95.Execute[T](GQgIoTYESrfgc0VIsTk`1 query, Object[] )
   在 lambda_method(Closure )
   在 aGnZj3NUY7FUbbq0eHN.mW7SpTNJqmae339fi95.<>c__DisplayClass2.<Execute>b__1()
   在 aGnZj3NUY7FUbbq0eHN.mW7SpTNJqmae339fi95.Execute(Expression )
   在 JpkjRaNBi51snjGAlQG.v5uE9pNoloI3FiSkVn0.System.Linq.IQueryProvider.Execute[S](Expression )
   在 System.Linq.Queryable.FirstOrDefault[TSource](IQueryable`1 source)
   在 EAS.Explorer.BLL.LoginService.GetAccountInfo(String organ, String loginID, String password)


[类型]:Error
[线程]:1
[内存]:4.82M
[时间]:2015-07-03 11:13:02
[内容]:系统找不到指定的文件。
[来源]:
[目标]:
[堆栈]:


[类型]:Error
[线程]:1
[内存]:5.24M
[时间]:2015-07-03 11:13:10
[内容]:在与 SQL Server 建立连接时出现与网络相关的或特定于实例的错误。未找到或无法访问服务器。请验证实例名称是否正确并且 SQL Server 已配置为允许远程连接。 (provider: Named Pipes Provider, error: 40 - 无法打开到 SQL Server 的连接)
[来源]:.Net SqlClient Data Provider
[目标]:Boolean TryGetConnection(System.Data.Common.DbConnection, UInt32, Boolean, Boolean, System.Data.Common.DbConnectionOptions, System.Data.ProviderBase.DbConnectionInternal ByRef)
[堆栈]:   在 System.Data.ProviderBase.DbConnectionPool.TryGetConnection(DbConnection owningObject, UInt32 waitForMultipleObjectsTimeout, Boolean allowCreate, Boolean onlyOneCheckConnection, DbConnectionOptions userOptions, DbConnectionInternal& connection)
   在 System.Data.ProviderBase.DbConnectionPool.TryGetConnection(DbConnection owningObject, TaskCompletionSource`1 retry, DbConnectionOptions userOptions, DbConnectionInternal& connection)
   在 System.Data.ProviderBase.DbConnectionFactory.TryGetConnection(DbConnection owningConnection, TaskCompletionSource`1 retry, DbConnectionOptions userOptions, DbConnectionInternal oldConnection, DbConnectionInternal& connection)
   在 System.Data.ProviderBase.DbConnectionInternal.TryOpenConnectionInternal(DbConnection outerConnection, DbConnectionFactory connectionFactory, TaskCompletionSource`1 retry, DbConnectionOptions userOptions)
   在 System.Data.SqlClient.SqlConnection.TryOpenInner(TaskCompletionSource`1 retry)
   在 System.Data.SqlClient.SqlConnection.TryOpen(TaskCompletionSource`1 retry)
   在 System.Data.SqlClient.SqlConnection.Open()
   在 EAS.Data.Access.AbstractProvider.vcAy0jsYBiT9cSXpiE7(Object )
   在 EAS.Data.Access.AbstractProvider.Open()
   在 aGnZj3NUY7FUbbq0eHN.mW7SpTNJqmae339fi95.Execute[T](GQgIoTYESrfgc0VIsTk`1 query, Object[] )
   在 lambda_method(Closure )
   在 aGnZj3NUY7FUbbq0eHN.mW7SpTNJqmae339fi95.<>c__DisplayClass2.<Execute>b__1()
   在 aGnZj3NUY7FUbbq0eHN.mW7SpTNJqmae339fi95.Execute(Expression )
   在 JpkjRaNBi51snjGAlQG.v5uE9pNoloI3FiSkVn0.System.Linq.IQueryProvider.Execute[S](Expression )
   在 System.Linq.Queryable.FirstOrDefault[TSource](IQueryable`1 source)
   在 EAS.Explorer.BLL.LoginService.GetAccountInfo(String organ, String loginID, String password)


[类型]:Error
[线程]:1
[内存]:5.30M
[时间]:2015-07-03 11:13:10
[内容]:系统找不到指定的文件。
[来源]:
[目标]:
[堆栈]:


[类型]:Error
[线程]:1
[内存]:5.87M
[时间]:2015-07-03 11:13:47
[内容]:在与 SQL Server 建立连接时出现与网络相关的或特定于实例的错误。未找到或无法访问服务器。请验证实例名称是否正确并且 SQL Server 已配置为允许远程连接。 (provider: Named Pipes Provider, error: 40 - 无法打开到 SQL Server 的连接)
[来源]:.Net SqlClient Data Provider
[目标]:Void OnError(System.Data.SqlClient.SqlException, Boolean, System.Action`1[System.Action])
[堆栈]:   在 System.Data.SqlClient.SqlInternalConnection.OnError(SqlException exception, Boolean breakConnection, Action`1 wrapCloseInAction)
   在 System.Data.SqlClient.TdsParser.ThrowExceptionAndWarning(TdsParserStateObject stateObj, Boolean callerHasConnectionLock, Boolean asyncClose)
   在 System.Data.SqlClient.TdsParser.Connect(ServerInfo serverInfo, SqlInternalConnectionTds connHandler, Boolean ignoreSniOpenTimeout, Int64 timerExpire, Boolean encrypt, Boolean trustServerCert, Boolean integratedSecurity, Boolean withFailover)
   在 System.Data.SqlClient.SqlInternalConnectionTds.AttemptOneLogin(ServerInfo serverInfo, String newPassword, SecureString newSecurePassword, Boolean ignoreSniOpenTimeout, TimeoutTimer timeout, Boolean withFailover)
   在 System.Data.SqlClient.SqlInternalConnectionTds.LoginNoFailover(ServerInfo serverInfo, String newPassword, SecureString newSecurePassword, Boolean redirectedUserInstance, SqlConnectionString connectionOptions, SqlCredential credential, TimeoutTimer timeout)
   在 System.Data.SqlClient.SqlInternalConnectionTds.OpenLoginEnlist(TimeoutTimer timeout, SqlConnectionString connectionOptions, SqlCredential credential, String newPassword, SecureString newSecurePassword, Boolean redirectedUserInstance)
   在 System.Data.SqlClient.SqlInternalConnectionTds..ctor(DbConnectionPoolIdentity identity, SqlConnectionString connectionOptions, SqlCredential credential, Object providerInfo, String newPassword, SecureString newSecurePassword, Boolean redirectedUserInstance, SqlConnectionString userConnectionOptions, SessionData reconnectSessionData)
   在 System.Data.SqlClient.SqlConnectionFactory.CreateConnection(DbConnectionOptions options, DbConnectionPoolKey poolKey, Object poolGroupProviderInfo, DbConnectionPool pool, DbConnection owningConnection, DbConnectionOptions userOptions)
   在 System.Data.ProviderBase.DbConnectionFactory.CreatePooledConnection(DbConnectionPool pool, DbConnection owningObject, DbConnectionOptions options, DbConnectionPoolKey poolKey, DbConnectionOptions userOptions)
   在 System.Data.ProviderBase.DbConnectionPool.CreateObject(DbConnection owningObject, DbConnectionOptions userOptions, DbConnectionInternal oldConnection)
   在 System.Data.ProviderBase.DbConnectionPool.UserCreateRequest(DbConnection owningObject, DbConnectionOptions userOptions, DbConnectionInternal oldConnection)
   在 System.Data.ProviderBase.DbConnectionPool.TryGetConnection(DbConnection owningObject, UInt32 waitForMultipleObjectsTimeout, Boolean allowCreate, Boolean onlyOneCheckConnection, DbConnectionOptions userOptions, DbConnectionInternal& connection)
   在 System.Data.ProviderBase.DbConnectionPool.TryGetConnection(DbConnection owningObject, TaskCompletionSource`1 retry, DbConnectionOptions userOptions, DbConnectionInternal& connection)
   在 System.Data.ProviderBase.DbConnectionFactory.TryGetConnection(DbConnection owningConnection, TaskCompletionSource`1 retry, DbConnectionOptions userOptions, DbConnectionInternal oldConnection, DbConnectionInternal& connection)
   在 System.Data.ProviderBase.DbConnectionInternal.TryOpenConnectionInternal(DbConnection outerConnection, DbConnectionFactory connectionFactory, TaskCompletionSource`1 retry, DbConnectionOptions userOptions)
   在 System.Data.SqlClient.SqlConnection.TryOpenInner(TaskCompletionSource`1 retry)
   在 System.Data.SqlClient.SqlConnection.TryOpen(TaskCompletionSource`1 retry)
   在 System.Data.SqlClient.SqlConnection.Open()
   在 EAS.Data.Access.AbstractProvider.vcAy0jsYBiT9cSXpiE7(Object )
   在 EAS.Data.Access.AbstractProvider.Open()
   在 aGnZj3NUY7FUbbq0eHN.mW7SpTNJqmae339fi95.Execute[T](GQgIoTYESrfgc0VIsTk`1 query, Object[] )
   在 lambda_method(Closure )
   在 aGnZj3NUY7FUbbq0eHN.mW7SpTNJqmae339fi95.<>c__DisplayClass2.<Execute>b__1()
   在 aGnZj3NUY7FUbbq0eHN.mW7SpTNJqmae339fi95.Execute(Expression )
   在 JpkjRaNBi51snjGAlQG.v5uE9pNoloI3FiSkVn0.System.Linq.IQueryProvider.Execute[S](Expression )
   在 System.Linq.Queryable.FirstOrDefault[TSource](IQueryable`1 source)
   在 EAS.Explorer.BLL.LoginService.GetAccountInfo(String organ, String loginID, String password)


[类型]:Error
[线程]:1
[内存]:5.97M
[时间]:2015-07-03 11:13:47
[内容]:系统找不到指定的文件。
[来源]:
[目标]:
[堆栈]:


[类型]:Error
[线程]:1
[内存]:5.20M
[时间]:2015-07-03 11:16:18
[内容]:在与 SQL Server 建立连接时出现与网络相关的或特定于实例的错误。未找到或无法访问服务器。请验证实例名称是否正确并且 SQL Server 已配置为允许远程连接。 (provider: Named Pipes Provider, error: 40 - 无法打开到 SQL Server 的连接)
[来源]:.Net SqlClient Data Provider
[目标]:Void OnError(System.Data.SqlClient.SqlException, Boolean, System.Action`1[System.Action])
[堆栈]:   在 System.Data.SqlClient.SqlInternalConnection.OnError(SqlException exception, Boolean breakConnection, Action`1 wrapCloseInAction)
   在 System.Data.SqlClient.TdsParser.ThrowExceptionAndWarning(TdsParserStateObject stateObj, Boolean callerHasConnectionLock, Boolean asyncClose)
   在 System.Data.SqlClient.TdsParser.Connect(ServerInfo serverInfo, SqlInternalConnectionTds connHandler, Boolean ignoreSniOpenTimeout, Int64 timerExpire, Boolean encrypt, Boolean trustServerCert, Boolean integratedSecurity, Boolean withFailover)
   在 System.Data.SqlClient.SqlInternalConnectionTds.AttemptOneLogin(ServerInfo serverInfo, String newPassword, SecureString newSecurePassword, Boolean ignoreSniOpenTimeout, TimeoutTimer timeout, Boolean withFailover)
   在 System.Data.SqlClient.SqlInternalConnectionTds.LoginNoFailover(ServerInfo serverInfo, String newPassword, SecureString newSecurePassword, Boolean redirectedUserInstance, SqlConnectionString connectionOptions, SqlCredential credential, TimeoutTimer timeout)
   在 System.Data.SqlClient.SqlInternalConnectionTds.OpenLoginEnlist(TimeoutTimer timeout, SqlConnectionString connectionOptions, SqlCredential credential, String newPassword, SecureString newSecurePassword, Boolean redirectedUserInstance)
   在 System.Data.SqlClient.SqlInternalConnectionTds..ctor(DbConnectionPoolIdentity identity, SqlConnectionString connectionOptions, SqlCredential credential, Object providerInfo, String newPassword, SecureString newSecurePassword, Boolean redirectedUserInstance, SqlConnectionString userConnectionOptions, SessionData reconnectSessionData)
   在 System.Data.SqlClient.SqlConnectionFactory.CreateConnection(DbConnectionOptions options, DbConnectionPoolKey poolKey, Object poolGroupProviderInfo, DbConnectionPool pool, DbConnection owningConnection, DbConnectionOptions userOptions)
   在 System.Data.ProviderBase.DbConnectionFactory.CreatePooledConnection(DbConnectionPool pool, DbConnection owningObject, DbConnectionOptions options, DbConnectionPoolKey poolKey, DbConnectionOptions userOptions)
   在 System.Data.ProviderBase.DbConnectionPool.CreateObject(DbConnection owningObject, DbConnectionOptions userOptions, DbConnectionInternal oldConnection)
   在 System.Data.ProviderBase.DbConnectionPool.UserCreateRequest(DbConnection owningObject, DbConnectionOptions userOptions, DbConnectionInternal oldConnection)
   在 System.Data.ProviderBase.DbConnectionPool.TryGetConnection(DbConnection owningObject, UInt32 waitForMultipleObjectsTimeout, Boolean allowCreate, Boolean onlyOneCheckConnection, DbConnectionOptions userOptions, DbConnectionInternal& connection)
   在 System.Data.ProviderBase.DbConnectionPool.TryGetConnection(DbConnection owningObject, TaskCompletionSource`1 retry, DbConnectionOptions userOptions, DbConnectionInternal& connection)
   在 System.Data.ProviderBase.DbConnectionFactory.TryGetConnection(DbConnection owningConnection, TaskCompletionSource`1 retry, DbConnectionOptions userOptions, DbConnectionInternal oldConnection, DbConnectionInternal& connection)
   在 System.Data.ProviderBase.DbConnectionInternal.TryOpenConnectionInternal(DbConnection outerConnection, DbConnectionFactory connectionFactory, TaskCompletionSource`1 retry, DbConnectionOptions userOptions)
   在 System.Data.SqlClient.SqlConnection.TryOpenInner(TaskCompletionSource`1 retry)
   在 System.Data.SqlClient.SqlConnection.TryOpen(TaskCompletionSource`1 retry)
   在 System.Data.SqlClient.SqlConnection.Open()
   在 EAS.Data.Access.AbstractProvider.vcAy0jsYBiT9cSXpiE7(Object )
   在 EAS.Data.Access.AbstractProvider.Open()
   在 aGnZj3NUY7FUbbq0eHN.mW7SpTNJqmae339fi95.Execute[T](GQgIoTYESrfgc0VIsTk`1 query, Object[] )
   在 lambda_method(Closure )
   在 aGnZj3NUY7FUbbq0eHN.mW7SpTNJqmae339fi95.<>c__DisplayClass2.<Execute>b__1()
   在 aGnZj3NUY7FUbbq0eHN.mW7SpTNJqmae339fi95.Execute(Expression )
   在 JpkjRaNBi51snjGAlQG.v5uE9pNoloI3FiSkVn0.System.Linq.IQueryProvider.Execute[S](Expression )
   在 System.Linq.Queryable.FirstOrDefault[TSource](IQueryable`1 source)
   在 EAS.Explorer.BLL.LoginService.GetAccountInfo(String organ, String loginID, String password)


[类型]:Error
[线程]:1
[内存]:5.30M
[时间]:2015-07-03 11:16:18
[内容]:系统找不到指定的文件。
[来源]:
[目标]:
[堆栈]:


[类型]:Error
[线程]:10
[内存]:2.96M
[时间]:2015-07-03 11:25:15
[内容]:在与 SQL Server 建立连接时出现与网络相关的或特定于实例的错误。未找到或无法访问服务器。请验证实例名称是否正确并且 SQL Server 已配置为允许远程连接。 (provider: Named Pipes Provider, error: 40 - 无法打开到 SQL Server 的连接)
[来源]:.Net SqlClient Data Provider
[目标]:Void OnError(System.Data.SqlClient.SqlException, Boolean, System.Action`1[System.Action])
[堆栈]:   在 System.Data.SqlClient.SqlInternalConnection.OnError(SqlException exception, Boolean breakConnection, Action`1 wrapCloseInAction)
   在 System.Data.SqlClient.TdsParser.ThrowExceptionAndWarning(TdsParserStateObject stateObj, Boolean callerHasConnectionLock, Boolean asyncClose)
   在 System.Data.SqlClient.TdsParser.Connect(ServerInfo serverInfo, SqlInternalConnectionTds connHandler, Boolean ignoreSniOpenTimeout, Int64 timerExpire, Boolean encrypt, Boolean trustServerCert, Boolean integratedSecurity, Boolean withFailover)
   在 System.Data.SqlClient.SqlInternalConnectionTds.AttemptOneLogin(ServerInfo serverInfo, String newPassword, SecureString newSecurePassword, Boolean ignoreSniOpenTimeout, TimeoutTimer timeout, Boolean withFailover)
   在 System.Data.SqlClient.SqlInternalConnectionTds.LoginNoFailover(ServerInfo serverInfo, String newPassword, SecureString newSecurePassword, Boolean redirectedUserInstance, SqlConnectionString connectionOptions, SqlCredential credential, TimeoutTimer timeout)
   在 System.Data.SqlClient.SqlInternalConnectionTds.OpenLoginEnlist(TimeoutTimer timeout, SqlConnectionString connectionOptions, SqlCredential credential, String newPassword, SecureString newSecurePassword, Boolean redirectedUserInstance)
   在 System.Data.SqlClient.SqlInternalConnectionTds..ctor(DbConnectionPoolIdentity identity, SqlConnectionString connectionOptions, SqlCredential credential, Object providerInfo, String newPassword, SecureString newSecurePassword, Boolean redirectedUserInstance, SqlConnectionString userConnectionOptions, SessionData reconnectSessionData)
   在 System.Data.SqlClient.SqlConnectionFactory.CreateConnection(DbConnectionOptions options, DbConnectionPoolKey poolKey, Object poolGroupProviderInfo, DbConnectionPool pool, DbConnection owningConnection, DbConnectionOptions userOptions)
   在 System.Data.ProviderBase.DbConnectionFactory.CreatePooledConnection(DbConnectionPool pool, DbConnection owningObject, DbConnectionOptions options, DbConnectionPoolKey poolKey, DbConnectionOptions userOptions)
   在 System.Data.ProviderBase.DbConnectionPool.CreateObject(DbConnection owningObject, DbConnectionOptions userOptions, DbConnectionInternal oldConnection)
   在 System.Data.ProviderBase.DbConnectionPool.UserCreateRequest(DbConnection owningObject, DbConnectionOptions userOptions, DbConnectionInternal oldConnection)
   在 System.Data.ProviderBase.DbConnectionPool.TryGetConnection(DbConnection owningObject, UInt32 waitForMultipleObjectsTimeout, Boolean allowCreate, Boolean onlyOneCheckConnection, DbConnectionOptions userOptions, DbConnectionInternal& connection)
   在 System.Data.ProviderBase.DbConnectionPool.TryGetConnection(DbConnection owningObject, TaskCompletionSource`1 retry, DbConnectionOptions userOptions, DbConnectionInternal& connection)
   在 System.Data.ProviderBase.DbConnectionFactory.TryGetConnection(DbConnection owningConnection, TaskCompletionSource`1 retry, DbConnectionOptions userOptions, DbConnectionInternal oldConnection, DbConnectionInternal& connection)
   在 System.Data.ProviderBase.DbConnectionInternal.TryOpenConnectionInternal(DbConnection outerConnection, DbConnectionFactory connectionFactory, TaskCompletionSource`1 retry, DbConnectionOptions userOptions)
   在 System.Data.SqlClient.SqlConnection.TryOpenInner(TaskCompletionSource`1 retry)
   在 System.Data.SqlClient.SqlConnection.TryOpen(TaskCompletionSource`1 retry)
   在 System.Data.SqlClient.SqlConnection.Open()
   在 EAS.Data.Access.AbstractProvider.vcAy0jsYBiT9cSXpiE7(Object )
   在 EAS.Data.Access.AbstractProvider.Open()
   在 EAS.Data.Access.DataAccessor.f1K5SGYNCFxRGIChLHg(Object )
   在 EAS.Data.Access.DataAccessor.DelegateQuery(DataReaderHandler handler, String commandText, CommandType commandType, ParameterCollection parameters)
   在 EAS.Data.ORM.OrmAccessor.iBDOnpDFqn(Type , Condition , List`1 propertys, Int32 , Int32 )
   在 EAS.Data.ORM.OrmAccessor.EAS.Data.ORM.IDataChannel.Select2(String T, Condition condition, List`1 propertys, Int32 skip, Int32 count)
   在 EAS.Data.Caching.DbCacheProvider.N1nAz44fsk(String , String , DateTime , Type )
   在 EAS.Data.Caching.DbCacheProvider.GetData(String dataType, String updateProperty, DateTime updateTime, Guid sessionID)
   在 EAS.Data.Caching.CacheService.OTVH3n843AXiZvuoXNd(Object , Object , Object , DateTime updateTime, Guid sessionID)
   在 EAS.Data.Caching.CacheService.GetData(String dataType, String updateProperty, DateTime updateTime, Guid sessionID)


[类型]:Error
[线程]:10
[内存]:3.10M
[时间]:2015-07-03 11:25:15
[内容]:系统找不到指定的文件。
[来源]:
[目标]:
[堆栈]:


[类型]:Error
[线程]:15
[内存]:3.28M
[时间]:2015-07-03 11:25:15
[内容]:在与 SQL Server 建立连接时出现与网络相关的或特定于实例的错误。未找到或无法访问服务器。请验证实例名称是否正确并且 SQL Server 已配置为允许远程连接。 (provider: Named Pipes Provider, error: 40 - 无法打开到 SQL Server 的连接)
[来源]:.Net SqlClient Data Provider
[目标]:Boolean TryGetConnection(System.Data.Common.DbConnection, UInt32, Boolean, Boolean, System.Data.Common.DbConnectionOptions, System.Data.ProviderBase.DbConnectionInternal ByRef)
[堆栈]:   在 System.Data.ProviderBase.DbConnectionPool.TryGetConnection(DbConnection owningObject, UInt32 waitForMultipleObjectsTimeout, Boolean allowCreate, Boolean onlyOneCheckConnection, DbConnectionOptions userOptions, DbConnectionInternal& connection)
   在 System.Data.ProviderBase.DbConnectionPool.TryGetConnection(DbConnection owningObject, TaskCompletionSource`1 retry, DbConnectionOptions userOptions, DbConnectionInternal& connection)
   在 System.Data.ProviderBase.DbConnectionFactory.TryGetConnection(DbConnection owningConnection, TaskCompletionSource`1 retry, DbConnectionOptions userOptions, DbConnectionInternal oldConnection, DbConnectionInternal& connection)
   在 System.Data.ProviderBase.DbConnectionInternal.TryOpenConnectionInternal(DbConnection outerConnection, DbConnectionFactory connectionFactory, TaskCompletionSource`1 retry, DbConnectionOptions userOptions)
   在 System.Data.SqlClient.SqlConnection.TryOpenInner(TaskCompletionSource`1 retry)
   在 System.Data.SqlClient.SqlConnection.TryOpen(TaskCompletionSource`1 retry)
   在 System.Data.SqlClient.SqlConnection.Open()
   在 EAS.Data.Access.AbstractProvider.vcAy0jsYBiT9cSXpiE7(Object )
   在 EAS.Data.Access.AbstractProvider.Open()
   在 EAS.Data.Access.DataAccessor.f1K5SGYNCFxRGIChLHg(Object )
   在 EAS.Data.Access.DataAccessor.DelegateQuery(DataReaderHandler handler, String commandText, CommandType commandType, ParameterCollection parameters)
   在 EAS.Data.ORM.OrmAccessor.iBDOnpDFqn(Type , Condition , List`1 propertys, Int32 , Int32 )
   在 EAS.Data.ORM.OrmAccessor.EAS.Data.ORM.IDataChannel.Select2(String T, Condition condition, List`1 propertys, Int32 skip, Int32 count)
   在 EAS.Data.Caching.DbCacheProvider.N1nAz44fsk(String , String , DateTime , Type )
   在 EAS.Data.Caching.DbCacheProvider.GetData(String dataType, String updateProperty, DateTime updateTime, Guid sessionID)
   在 EAS.Data.Caching.CacheService.OTVH3n843AXiZvuoXNd(Object , Object , Object , DateTime updateTime, Guid sessionID)
   在 EAS.Data.Caching.CacheService.GetData(String dataType, String updateProperty, DateTime updateTime, Guid sessionID)


[类型]:Error
[线程]:15
[内存]:3.35M
[时间]:2015-07-03 11:25:15
[内容]:系统找不到指定的文件。
[来源]:
[目标]:
[堆栈]:


[类型]:Error
[线程]:10
[内存]:5.92M
[时间]:2015-07-03 11:25:15
[内容]:在与 SQL Server 建立连接时出现与网络相关的或特定于实例的错误。未找到或无法访问服务器。请验证实例名称是否正确并且 SQL Server 已配置为允许远程连接。 (provider: Named Pipes Provider, error: 40 - 无法打开到 SQL Server 的连接)
[来源]:.Net SqlClient Data Provider
[目标]:Boolean TryGetConnection(System.Data.Common.DbConnection, UInt32, Boolean, Boolean, System.Data.Common.DbConnectionOptions, System.Data.ProviderBase.DbConnectionInternal ByRef)
[堆栈]:   在 System.Data.ProviderBase.DbConnectionPool.TryGetConnection(DbConnection owningObject, UInt32 waitForMultipleObjectsTimeout, Boolean allowCreate, Boolean onlyOneCheckConnection, DbConnectionOptions userOptions, DbConnectionInternal& connection)
   在 System.Data.ProviderBase.DbConnectionPool.TryGetConnection(DbConnection owningObject, TaskCompletionSource`1 retry, DbConnectionOptions userOptions, DbConnectionInternal& connection)
   在 System.Data.ProviderBase.DbConnectionFactory.TryGetConnection(DbConnection owningConnection, TaskCompletionSource`1 retry, DbConnectionOptions userOptions, DbConnectionInternal oldConnection, DbConnectionInternal& connection)
   在 System.Data.ProviderBase.DbConnectionInternal.TryOpenConnectionInternal(DbConnection outerConnection, DbConnectionFactory connectionFactory, TaskCompletionSource`1 retry, DbConnectionOptions userOptions)
   在 System.Data.SqlClient.SqlConnection.TryOpenInner(TaskCompletionSource`1 retry)
   在 System.Data.SqlClient.SqlConnection.TryOpen(TaskCompletionSource`1 retry)
   在 System.Data.SqlClient.SqlConnection.Open()
   在 EAS.Data.Access.AbstractProvider.vcAy0jsYBiT9cSXpiE7(Object )
   在 EAS.Data.Access.AbstractProvider.Open()
   在 EAS.Data.Access.DataAccessor.f1K5SGYNCFxRGIChLHg(Object )
   在 EAS.Data.Access.DataAccessor.DelegateQuery(DataReaderHandler handler, String commandText, CommandType commandType, ParameterCollection parameters)
   在 EAS.Data.ORM.OrmAccessor.iBDOnpDFqn(Type , Condition , List`1 propertys, Int32 , Int32 )
   在 EAS.Data.ORM.OrmAccessor.EAS.Data.ORM.IDataChannel.Select2(String T, Condition condition, List`1 propertys, Int32 skip, Int32 count)
   在 EAS.Data.Caching.DbCacheProvider.N1nAz44fsk(String , String , DateTime , Type )
   在 EAS.Data.Caching.DbCacheProvider.GetData(String dataType, String updateProperty, DateTime updateTime, Guid sessionID)
   在 EAS.Data.Caching.CacheService.OTVH3n843AXiZvuoXNd(Object , Object , Object , DateTime updateTime, Guid sessionID)
   在 EAS.Data.Caching.CacheService.GetData(String dataType, String updateProperty, DateTime updateTime, Guid sessionID)


[类型]:Error
[线程]:10
[内存]:6.01M
[时间]:2015-07-03 11:25:15
[内容]:系统找不到指定的文件。
[来源]:
[目标]:
[堆栈]:


[类型]:Error
[线程]:10
[内存]:6.45M
[时间]:2015-07-03 11:25:20
[内容]:在与 SQL Server 建立连接时出现与网络相关的或特定于实例的错误。未找到或无法访问服务器。请验证实例名称是否正确并且 SQL Server 已配置为允许远程连接。 (provider: Named Pipes Provider, error: 40 - 无法打开到 SQL Server 的连接)
[来源]:.Net SqlClient Data Provider
[目标]:Boolean TryGetConnection(System.Data.Common.DbConnection, UInt32, Boolean, Boolean, System.Data.Common.DbConnectionOptions, System.Data.ProviderBase.DbConnectionInternal ByRef)
[堆栈]:   在 System.Data.ProviderBase.DbConnectionPool.TryGetConnection(DbConnection owningObject, UInt32 waitForMultipleObjectsTimeout, Boolean allowCreate, Boolean onlyOneCheckConnection, DbConnectionOptions userOptions, DbConnectionInternal& connection)
   在 System.Data.ProviderBase.DbConnectionPool.TryGetConnection(DbConnection owningObject, TaskCompletionSource`1 retry, DbConnectionOptions userOptions, DbConnectionInternal& connection)
   在 System.Data.ProviderBase.DbConnectionFactory.TryGetConnection(DbConnection owningConnection, TaskCompletionSource`1 retry, DbConnectionOptions userOptions, DbConnectionInternal oldConnection, DbConnectionInternal& connection)
   在 System.Data.ProviderBase.DbConnectionInternal.TryOpenConnectionInternal(DbConnection outerConnection, DbConnectionFactory connectionFactory, TaskCompletionSource`1 retry, DbConnectionOptions userOptions)
   在 System.Data.SqlClient.SqlConnection.TryOpenInner(TaskCompletionSource`1 retry)
   在 System.Data.SqlClient.SqlConnection.TryOpen(TaskCompletionSource`1 retry)
   在 System.Data.SqlClient.SqlConnection.Open()
   在 EAS.Data.Access.AbstractProvider.vcAy0jsYBiT9cSXpiE7(Object )
   在 EAS.Data.Access.AbstractProvider.Open()
   在 aGnZj3NUY7FUbbq0eHN.mW7SpTNJqmae339fi95.Execute[T](GQgIoTYESrfgc0VIsTk`1 query, Object[] )
   在 lambda_method(Closure )
   在 aGnZj3NUY7FUbbq0eHN.mW7SpTNJqmae339fi95.<>c__DisplayClass2.<Execute>b__1()
   在 aGnZj3NUY7FUbbq0eHN.mW7SpTNJqmae339fi95.Execute(Expression )
   在 JpkjRaNBi51snjGAlQG.v5uE9pNoloI3FiSkVn0.System.Linq.IQueryProvider.Execute[S](Expression )
   在 System.Linq.Queryable.FirstOrDefault[TSource](IQueryable`1 source)
   在 EAS.Explorer.BLL.LoginService.GetAccountInfo(String organ, String loginID, String password)


[类型]:Error
[线程]:10
[内存]:5.43M
[时间]:2015-07-03 11:25:20
[内容]:系统找不到指定的文件。
[来源]:
[目标]:
[堆栈]:


[类型]:Error
[线程]:1
[内存]:7.27M
[时间]:2015-07-03 11:31:39
[内容]:在与 SQL Server 建立连接时出现与网络相关的或特定于实例的错误。未找到或无法访问服务器。请验证实例名称是否正确并且 SQL Server 已配置为允许远程连接。 (provider: Named Pipes Provider, error: 40 - 无法打开到 SQL Server 的连接)
[来源]:.Net SqlClient Data Provider
[目标]:Void OnError(System.Data.SqlClient.SqlException, Boolean, System.Action`1[System.Action])
[堆栈]:   在 System.Data.SqlClient.SqlInternalConnection.OnError(SqlException exception, Boolean breakConnection, Action`1 wrapCloseInAction)
   在 System.Data.SqlClient.TdsParser.ThrowExceptionAndWarning(TdsParserStateObject stateObj, Boolean callerHasConnectionLock, Boolean asyncClose)
   在 System.Data.SqlClient.TdsParser.Connect(ServerInfo serverInfo, SqlInternalConnectionTds connHandler, Boolean ignoreSniOpenTimeout, Int64 timerExpire, Boolean encrypt, Boolean trustServerCert, Boolean integratedSecurity, Boolean withFailover)
   在 System.Data.SqlClient.SqlInternalConnectionTds.AttemptOneLogin(ServerInfo serverInfo, String newPassword, SecureString newSecurePassword, Boolean ignoreSniOpenTimeout, TimeoutTimer timeout, Boolean withFailover)
   在 System.Data.SqlClient.SqlInternalConnectionTds.LoginNoFailover(ServerInfo serverInfo, String newPassword, SecureString newSecurePassword, Boolean redirectedUserInstance, SqlConnectionString connectionOptions, SqlCredential credential, TimeoutTimer timeout)
   在 System.Data.SqlClient.SqlInternalConnectionTds.OpenLoginEnlist(TimeoutTimer timeout, SqlConnectionString connectionOptions, SqlCredential credential, String newPassword, SecureString newSecurePassword, Boolean redirectedUserInstance)
   在 System.Data.SqlClient.SqlInternalConnectionTds..ctor(DbConnectionPoolIdentity identity, SqlConnectionString connectionOptions, SqlCredential credential, Object providerInfo, String newPassword, SecureString newSecurePassword, Boolean redirectedUserInstance, SqlConnectionString userConnectionOptions, SessionData reconnectSessionData)
   在 System.Data.SqlClient.SqlConnectionFactory.CreateConnection(DbConnectionOptions options, DbConnectionPoolKey poolKey, Object poolGroupProviderInfo, DbConnectionPool pool, DbConnection owningConnection, DbConnectionOptions userOptions)
   在 System.Data.ProviderBase.DbConnectionFactory.CreatePooledConnection(DbConnectionPool pool, DbConnection owningObject, DbConnectionOptions options, DbConnectionPoolKey poolKey, DbConnectionOptions userOptions)
   在 System.Data.ProviderBase.DbConnectionPool.CreateObject(DbConnection owningObject, DbConnectionOptions userOptions, DbConnectionInternal oldConnection)
   在 System.Data.ProviderBase.DbConnectionPool.UserCreateRequest(DbConnection owningObject, DbConnectionOptions userOptions, DbConnectionInternal oldConnection)
   在 System.Data.ProviderBase.DbConnectionPool.TryGetConnection(DbConnection owningObject, UInt32 waitForMultipleObjectsTimeout, Boolean allowCreate, Boolean onlyOneCheckConnection, DbConnectionOptions userOptions, DbConnectionInternal& connection)
   在 System.Data.ProviderBase.DbConnectionPool.TryGetConnection(DbConnection owningObject, TaskCompletionSource`1 retry, DbConnectionOptions userOptions, DbConnectionInternal& connection)
   在 System.Data.ProviderBase.DbConnectionFactory.TryGetConnection(DbConnection owningConnection, TaskCompletionSource`1 retry, DbConnectionOptions userOptions, DbConnectionInternal oldConnection, DbConnectionInternal& connection)
   在 System.Data.ProviderBase.DbConnectionInternal.TryOpenConnectionInternal(DbConnection outerConnection, DbConnectionFactory connectionFactory, TaskCompletionSource`1 retry, DbConnectionOptions userOptions)
   在 System.Data.SqlClient.SqlConnection.TryOpenInner(TaskCompletionSource`1 retry)
   在 System.Data.SqlClient.SqlConnection.TryOpen(TaskCompletionSource`1 retry)
   在 System.Data.SqlClient.SqlConnection.Open()
   在 Gas_test2.DAL.BaseClass.getcon() 位置 k:\Users\kevin\Documents\GitHub\WG_GasManage\Code\Gas_test2.DAL\BaseClass.cs:行号 27
   在 Gas_test2.DAL.BaseClass.getDataSet(String SQLstr, String tableName) 位置 k:\Users\kevin\Documents\GitHub\WG_GasManage\Code\Gas_test2.DAL\BaseClass.cs:行号 97
   在 Gas_test2.DAL.DataClass.QueryData(String TableName) 位置 k:\Users\kevin\Documents\GitHub\WG_GasManage\Code\Gas_test2.DAL\DataClass.cs:行号 29
   在 Gas_test2.BLL.GasDAL.QueryData(String table_name) 位置 k:\Users\kevin\Documents\GitHub\WG_GasManage\Code\Gas_test2.BLL.Host\GasDAL.cs:行号 24


[类型]:Error
[线程]:1
[内存]:7.38M
[时间]:2015-07-03 11:31:39
[内容]:找不到网络路径。
[来源]:
[目标]:
[堆栈]:


[类型]:Error
[线程]:1
[内存]:7.37M
[时间]:2015-07-03 11:32:07
[内容]:在与 SQL Server 建立连接时出现与网络相关的或特定于实例的错误。未找到或无法访问服务器。请验证实例名称是否正确并且 SQL Server 已配置为允许远程连接。 (provider: Named Pipes Provider, error: 40 - 无法打开到 SQL Server 的连接)
[来源]:.Net SqlClient Data Provider
[目标]:Void OnError(System.Data.SqlClient.SqlException, Boolean, System.Action`1[System.Action])
[堆栈]:   在 System.Data.SqlClient.SqlInternalConnection.OnError(SqlException exception, Boolean breakConnection, Action`1 wrapCloseInAction)
   在 System.Data.SqlClient.TdsParser.ThrowExceptionAndWarning(TdsParserStateObject stateObj, Boolean callerHasConnectionLock, Boolean asyncClose)
   在 System.Data.SqlClient.TdsParser.Connect(ServerInfo serverInfo, SqlInternalConnectionTds connHandler, Boolean ignoreSniOpenTimeout, Int64 timerExpire, Boolean encrypt, Boolean trustServerCert, Boolean integratedSecurity, Boolean withFailover)
   在 System.Data.SqlClient.SqlInternalConnectionTds.AttemptOneLogin(ServerInfo serverInfo, String newPassword, SecureString newSecurePassword, Boolean ignoreSniOpenTimeout, TimeoutTimer timeout, Boolean withFailover)
   在 System.Data.SqlClient.SqlInternalConnectionTds.LoginNoFailover(ServerInfo serverInfo, String newPassword, SecureString newSecurePassword, Boolean redirectedUserInstance, SqlConnectionString connectionOptions, SqlCredential credential, TimeoutTimer timeout)
   在 System.Data.SqlClient.SqlInternalConnectionTds.OpenLoginEnlist(TimeoutTimer timeout, SqlConnectionString connectionOptions, SqlCredential credential, String newPassword, SecureString newSecurePassword, Boolean redirectedUserInstance)
   在 System.Data.SqlClient.SqlInternalConnectionTds..ctor(DbConnectionPoolIdentity identity, SqlConnectionString connectionOptions, SqlCredential credential, Object providerInfo, String newPassword, SecureString newSecurePassword, Boolean redirectedUserInstance, SqlConnectionString userConnectionOptions, SessionData reconnectSessionData)
   在 System.Data.SqlClient.SqlConnectionFactory.CreateConnection(DbConnectionOptions options, DbConnectionPoolKey poolKey, Object poolGroupProviderInfo, DbConnectionPool pool, DbConnection owningConnection, DbConnectionOptions userOptions)
   在 System.Data.ProviderBase.DbConnectionFactory.CreatePooledConnection(DbConnectionPool pool, DbConnection owningObject, DbConnectionOptions options, DbConnectionPoolKey poolKey, DbConnectionOptions userOptions)
   在 System.Data.ProviderBase.DbConnectionPool.CreateObject(DbConnection owningObject, DbConnectionOptions userOptions, DbConnectionInternal oldConnection)
   在 System.Data.ProviderBase.DbConnectionPool.UserCreateRequest(DbConnection owningObject, DbConnectionOptions userOptions, DbConnectionInternal oldConnection)
   在 System.Data.ProviderBase.DbConnectionPool.TryGetConnection(DbConnection owningObject, UInt32 waitForMultipleObjectsTimeout, Boolean allowCreate, Boolean onlyOneCheckConnection, DbConnectionOptions userOptions, DbConnectionInternal& connection)
   在 System.Data.ProviderBase.DbConnectionPool.TryGetConnection(DbConnection owningObject, TaskCompletionSource`1 retry, DbConnectionOptions userOptions, DbConnectionInternal& connection)
   在 System.Data.ProviderBase.DbConnectionFactory.TryGetConnection(DbConnection owningConnection, TaskCompletionSource`1 retry, DbConnectionOptions userOptions, DbConnectionInternal oldConnection, DbConnectionInternal& connection)
   在 System.Data.ProviderBase.DbConnectionInternal.TryOpenConnectionInternal(DbConnection outerConnection, DbConnectionFactory connectionFactory, TaskCompletionSource`1 retry, DbConnectionOptions userOptions)
   在 System.Data.SqlClient.SqlConnection.TryOpenInner(TaskCompletionSource`1 retry)
   在 System.Data.SqlClient.SqlConnection.TryOpen(TaskCompletionSource`1 retry)
   在 System.Data.SqlClient.SqlConnection.Open()
   在 Gas_test2.DAL.BaseClass.getcon() 位置 k:\Users\kevin\Documents\GitHub\WG_GasManage\Code\Gas_test2.DAL\BaseClass.cs:行号 27
   在 Gas_test2.DAL.BaseClass.getDataSet(String SQLstr, String tableName) 位置 k:\Users\kevin\Documents\GitHub\WG_GasManage\Code\Gas_test2.DAL\BaseClass.cs:行号 97
   在 Gas_test2.DAL.DataClass.QueryData(String TableName) 位置 k:\Users\kevin\Documents\GitHub\WG_GasManage\Code\Gas_test2.DAL\DataClass.cs:行号 29
   在 Gas_test2.BLL.GasDAL.QueryData(String table_name) 位置 k:\Users\kevin\Documents\GitHub\WG_GasManage\Code\Gas_test2.BLL.Host\GasDAL.cs:行号 24


[类型]:Error
[线程]:1
[内存]:7.48M
[时间]:2015-07-03 11:32:07
[内容]:找不到网络路径。
[来源]:
[目标]:
[堆栈]:


[类型]:Error
[线程]:1
[内存]:8.48M
[时间]:2015-07-03 11:32:16
[内容]:在与 SQL Server 建立连接时出现与网络相关的或特定于实例的错误。未找到或无法访问服务器。请验证实例名称是否正确并且 SQL Server 已配置为允许远程连接。 (provider: Named Pipes Provider, error: 40 - 无法打开到 SQL Server 的连接)
[来源]:.Net SqlClient Data Provider
[目标]:Boolean TryGetConnection(System.Data.Common.DbConnection, UInt32, Boolean, Boolean, System.Data.Common.DbConnectionOptions, System.Data.ProviderBase.DbConnectionInternal ByRef)
[堆栈]:   在 System.Data.ProviderBase.DbConnectionPool.TryGetConnection(DbConnection owningObject, UInt32 waitForMultipleObjectsTimeout, Boolean allowCreate, Boolean onlyOneCheckConnection, DbConnectionOptions userOptions, DbConnectionInternal& connection)
   在 System.Data.ProviderBase.DbConnectionPool.TryGetConnection(DbConnection owningObject, TaskCompletionSource`1 retry, DbConnectionOptions userOptions, DbConnectionInternal& connection)
   在 System.Data.ProviderBase.DbConnectionFactory.TryGetConnection(DbConnection owningConnection, TaskCompletionSource`1 retry, DbConnectionOptions userOptions, DbConnectionInternal oldConnection, DbConnectionInternal& connection)
   在 System.Data.ProviderBase.DbConnectionInternal.TryOpenConnectionInternal(DbConnection outerConnection, DbConnectionFactory connectionFactory, TaskCompletionSource`1 retry, DbConnectionOptions userOptions)
   在 System.Data.SqlClient.SqlConnection.TryOpenInner(TaskCompletionSource`1 retry)
   在 System.Data.SqlClient.SqlConnection.TryOpen(TaskCompletionSource`1 retry)
   在 System.Data.SqlClient.SqlConnection.Open()
   在 Gas_test2.DAL.BaseClass.getcon() 位置 k:\Users\kevin\Documents\GitHub\WG_GasManage\Code\Gas_test2.DAL\BaseClass.cs:行号 27
   在 Gas_test2.DAL.BaseClass.getDataSet(String SQLstr, String tableName) 位置 k:\Users\kevin\Documents\GitHub\WG_GasManage\Code\Gas_test2.DAL\BaseClass.cs:行号 97
   在 Gas_test2.DAL.DataClass.QueryData(String TableName) 位置 k:\Users\kevin\Documents\GitHub\WG_GasManage\Code\Gas_test2.DAL\DataClass.cs:行号 29
   在 Gas_test2.BLL.GasDAL.QueryData(String table_name) 位置 k:\Users\kevin\Documents\GitHub\WG_GasManage\Code\Gas_test2.BLL.Host\GasDAL.cs:行号 24


[类型]:Error
[线程]:1
[内存]:8.55M
[时间]:2015-07-03 11:32:16
[内容]:找不到网络路径。
[来源]:
[目标]:
[堆栈]:


[类型]:Error
[线程]:1
[内存]:7.57M
[时间]:2015-07-03 11:34:06
[内容]:在与 SQL Server 建立连接时出现与网络相关的或特定于实例的错误。未找到或无法访问服务器。请验证实例名称是否正确并且 SQL Server 已配置为允许远程连接。 (provider: Named Pipes Provider, error: 40 - 无法打开到 SQL Server 的连接)
[来源]:.Net SqlClient Data Provider
[目标]:Void OnError(System.Data.SqlClient.SqlException, Boolean, System.Action`1[System.Action])
[堆栈]:   在 System.Data.SqlClient.SqlInternalConnection.OnError(SqlException exception, Boolean breakConnection, Action`1 wrapCloseInAction)
   在 System.Data.SqlClient.TdsParser.ThrowExceptionAndWarning(TdsParserStateObject stateObj, Boolean callerHasConnectionLock, Boolean asyncClose)
   在 System.Data.SqlClient.TdsParser.Connect(ServerInfo serverInfo, SqlInternalConnectionTds connHandler, Boolean ignoreSniOpenTimeout, Int64 timerExpire, Boolean encrypt, Boolean trustServerCert, Boolean integratedSecurity, Boolean withFailover)
   在 System.Data.SqlClient.SqlInternalConnectionTds.AttemptOneLogin(ServerInfo serverInfo, String newPassword, SecureString newSecurePassword, Boolean ignoreSniOpenTimeout, TimeoutTimer timeout, Boolean withFailover)
   在 System.Data.SqlClient.SqlInternalConnectionTds.LoginNoFailover(ServerInfo serverInfo, String newPassword, SecureString newSecurePassword, Boolean redirectedUserInstance, SqlConnectionString connectionOptions, SqlCredential credential, TimeoutTimer timeout)
   在 System.Data.SqlClient.SqlInternalConnectionTds.OpenLoginEnlist(TimeoutTimer timeout, SqlConnectionString connectionOptions, SqlCredential credential, String newPassword, SecureString newSecurePassword, Boolean redirectedUserInstance)
   在 System.Data.SqlClient.SqlInternalConnectionTds..ctor(DbConnectionPoolIdentity identity, SqlConnectionString connectionOptions, SqlCredential credential, Object providerInfo, String newPassword, SecureString newSecurePassword, Boolean redirectedUserInstance, SqlConnectionString userConnectionOptions, SessionData reconnectSessionData)
   在 System.Data.SqlClient.SqlConnectionFactory.CreateConnection(DbConnectionOptions options, DbConnectionPoolKey poolKey, Object poolGroupProviderInfo, DbConnectionPool pool, DbConnection owningConnection, DbConnectionOptions userOptions)
   在 System.Data.ProviderBase.DbConnectionFactory.CreatePooledConnection(DbConnectionPool pool, DbConnection owningObject, DbConnectionOptions options, DbConnectionPoolKey poolKey, DbConnectionOptions userOptions)
   在 System.Data.ProviderBase.DbConnectionPool.CreateObject(DbConnection owningObject, DbConnectionOptions userOptions, DbConnectionInternal oldConnection)
   在 System.Data.ProviderBase.DbConnectionPool.UserCreateRequest(DbConnection owningObject, DbConnectionOptions userOptions, DbConnectionInternal oldConnection)
   在 System.Data.ProviderBase.DbConnectionPool.TryGetConnection(DbConnection owningObject, UInt32 waitForMultipleObjectsTimeout, Boolean allowCreate, Boolean onlyOneCheckConnection, DbConnectionOptions userOptions, DbConnectionInternal& connection)
   在 System.Data.ProviderBase.DbConnectionPool.TryGetConnection(DbConnection owningObject, TaskCompletionSource`1 retry, DbConnectionOptions userOptions, DbConnectionInternal& connection)
   在 System.Data.ProviderBase.DbConnectionFactory.TryGetConnection(DbConnection owningConnection, TaskCompletionSource`1 retry, DbConnectionOptions userOptions, DbConnectionInternal oldConnection, DbConnectionInternal& connection)
   在 System.Data.ProviderBase.DbConnectionInternal.TryOpenConnectionInternal(DbConnection outerConnection, DbConnectionFactory connectionFactory, TaskCompletionSource`1 retry, DbConnectionOptions userOptions)
   在 System.Data.SqlClient.SqlConnection.TryOpenInner(TaskCompletionSource`1 retry)
   在 System.Data.SqlClient.SqlConnection.TryOpen(TaskCompletionSource`1 retry)
   在 System.Data.SqlClient.SqlConnection.Open()
   在 Gas_test2.DAL.BaseClass.getcon() 位置 k:\Users\kevin\Documents\GitHub\WG_GasManage\Code\Gas_test2.DAL\BaseClass.cs:行号 27
   在 Gas_test2.DAL.BaseClass.getDataSet(String SQLstr, String tableName) 位置 k:\Users\kevin\Documents\GitHub\WG_GasManage\Code\Gas_test2.DAL\BaseClass.cs:行号 97
   在 Gas_test2.DAL.DataClass.QueryData(String TableName) 位置 k:\Users\kevin\Documents\GitHub\WG_GasManage\Code\Gas_test2.DAL\DataClass.cs:行号 29
   在 Gas_test2.BLL.GasDAL.QueryData(String table_name) 位置 k:\Users\kevin\Documents\GitHub\WG_GasManage\Code\Gas_test2.BLL.Host\GasDAL.cs:行号 24


[类型]:Error
[线程]:1
[内存]:7.67M
[时间]:2015-07-03 11:34:06
[内容]:找不到网络路径。
[来源]:
[目标]:
[堆栈]:


