2014-12-16 10:45:35==>INFO :组件定义:
	Key=Serializer,Type=EAS.Serialization.BinarySerializer,EAS.MicroKernel
	Key=ServiceBridger,Type=EAS.Services.DirectServiceBridger,EAS.MicroKernel
	Key=DataAccessor,Type=EAS.Data.Access.DataAccessor,EAS.Data
	Key=DbProvider,Type=EAS.Data.Access.SqlClientDbProvider,EAS.Data
	Key=TSqlLanguage,Type=EAS.Data.Linq.TSqlLanguage,EAS.Data
	Key=Logger,Type=EAS.Loggers.TextLogger,EAS.MicroKernel
	Key=OrmAccessor,Type=EAS.Data.ORM.OrmAccessor,EAS.Data

2014-12-16 10:46:16==>INFO :组件定义:
	Key=Serializer,Type=EAS.Serialization.BinarySerializer,EAS.MicroKernel
	Key=ServiceBridger,Type=EAS.Services.DirectServiceBridger,EAS.MicroKernel
	Key=DataAccessor,Type=EAS.Data.Access.DataAccessor,EAS.Data
	Key=DbProvider,Type=EAS.Data.Access.SqlClientDbProvider,EAS.Data
	Key=TSqlLanguage,Type=EAS.Data.Linq.TSqlLanguage,EAS.Data
	Key=Logger,Type=EAS.Loggers.TextLogger,EAS.MicroKernel
	Key=OrmAccessor,Type=EAS.Data.ORM.OrmAccessor,EAS.Data

2014-12-16 10:46:32==>INFO :组件定义:
	Key=ServiceBridger,Type=EAS.Services.DirectServiceBridger,EAS.MicroKernel
	Key=DbProvider,Type=EAS.Data.Access.SqlClientDbProvider,EAS.Data
	Key=DataAccessor,Type=EAS.Data.Access.DataAccessor,EAS.Data
	Key=OrmAccessor,Type=EAS.Data.ORM.OrmAccessor,EAS.Data
	Key=TSqlLanguage,Type=EAS.Data.Linq.TSqlLanguage,EAS.Data
	Key=Logger,Type=EAS.Loggers.TextLogger,EAS.MicroKernel
	Key=EAS.Services.TimeService,Type=EAS.Services.TimeService,EAS.MicroKernel
	Key=EAS.Data.ORM.OrmAccessor,Type=EAS.Data.ORM.OrmAccessor,EAS.Data
	Key=EAS.Data.Caching.CacheService,Type=EAS.Data.Caching.CacheService,EAS.Data
	Key=EAS.Data.DataService,Type=EAS.Data.DataService,EAS.Data
	Key=EAS.BPM.BLL.WorkflowService,Type=EAS.BPM.BLL.WorkflowService,EAS.BPM.BLL.Host
	Key=EAS.Explorer.BLL.NavigationService,Type=EAS.Explorer.BLL.NavigationService,EAS.Explorer.BLL.Host
	Key=EAS.Reporting.ReportService,Type=EAS.Reporting.ReportService,EAS.Explorer.BLL.Host
	Key=EAS.Explorer.BLL.LogService,Type=EAS.Explorer.BLL.LogService,EAS.Explorer.BLL.Host
	Key=EAS.Explorer.BLL.InputDictService,Type=EAS.Explorer.BLL.InputDictService,EAS.Explorer.BLL.Host
	Key=EAS.Explorer.BLL.DesktopService,Type=EAS.Explorer.BLL.DesktopService,EAS.Explorer.BLL.Host
	Key=EAS.Explorer.BLL.ReportService,Type=EAS.Explorer.BLL.ReportService,EAS.Explorer.BLL.Host
	Key=EAS.Explorer.BLL.AppSettingService,Type=EAS.Explorer.BLL.AppSettingService,EAS.Explorer.BLL.Host
	Key=EAS.Explorer.BLL.PackageService,Type=EAS.Explorer.BLL.PackageService,EAS.Explorer.BLL.Host
	Key=EAS.Explorer.BLL.BugService,Type=EAS.Explorer.BLL.BugService,EAS.Explorer.BLL.Host
	Key=EAS.Explorer.BLL.ACLService,Type=EAS.Explorer.BLL.ACLService,EAS.Explorer.BLL.Host
	Key=EAS.Explorer.BLL.ReportManageService,Type=EAS.Explorer.BLL.ReportManageService,EAS.Explorer.BLL.Host
	Key=EAS.Explorer.BLL.ModuleService,Type=EAS.Explorer.BLL.ModuleService,EAS.Explorer.BLL.Host
	Key=EAS.Explorer.BLL.RoleService,Type=EAS.Explorer.BLL.RoleService,EAS.Explorer.BLL.Host
	Key=EAS.Explorer.BLL.LuaService,Type=EAS.Explorer.BLL.LuaService,EAS.Explorer.BLL.Host
	Key=EAS.Explorer.BLL.AccountService,Type=EAS.Explorer.BLL.AccountService,EAS.Explorer.BLL.Host
	Key=EAS.Explorer.BLL.LoginService,Type=EAS.Explorer.BLL.LoginService,EAS.Explorer.BLL.Host
	Key=EAS.Explorer.BLL.GroupService,Type=EAS.Explorer.BLL.GroupService,EAS.Explorer.BLL.Host
	Key=EAS.Monitor.MonitorService,Type=EAS.Monitor.MonitorService,EAS.SOA.BootStrap

2014-12-16 15:25:09==>INFO :组件定义:
	Key=Serializer,Type=EAS.Serialization.BinarySerializer,EAS.MicroKernel
	Key=ServiceBridger,Type=EAS.Services.DirectServiceBridger,EAS.MicroKernel
	Key=DataAccessor,Type=EAS.Data.Access.DataAccessor,EAS.Data
	Key=DbProvider,Type=EAS.Data.Access.SqlClientDbProvider,EAS.Data
	Key=TSqlLanguage,Type=EAS.Data.Linq.TSqlLanguage,EAS.Data
	Key=Logger,Type=EAS.Loggers.TextLogger,EAS.MicroKernel
	Key=OrmAccessor,Type=EAS.Data.ORM.OrmAccessor,EAS.Data

2014-12-16 15:25:35==>INFO :组件定义:
	Key=ServiceBridger,Type=EAS.Services.DirectServiceBridger,EAS.MicroKernel
	Key=DbProvider,Type=EAS.Data.Access.SqlClientDbProvider,EAS.Data
	Key=DataAccessor,Type=EAS.Data.Access.DataAccessor,EAS.Data
	Key=OrmAccessor,Type=EAS.Data.ORM.OrmAccessor,EAS.Data
	Key=TSqlLanguage,Type=EAS.Data.Linq.TSqlLanguage,EAS.Data
	Key=Logger,Type=EAS.Loggers.TextLogger,EAS.MicroKernel
	Key=EAS.Services.TimeService,Type=EAS.Services.TimeService,EAS.MicroKernel
	Key=EAS.Data.ORM.OrmAccessor,Type=EAS.Data.ORM.OrmAccessor,EAS.Data
	Key=EAS.Data.Caching.CacheService,Type=EAS.Data.Caching.CacheService,EAS.Data
	Key=EAS.Data.DataService,Type=EAS.Data.DataService,EAS.Data
	Key=EAS.BPM.BLL.WorkflowService,Type=EAS.BPM.BLL.WorkflowService,EAS.BPM.BLL.Host
	Key=EAS.Explorer.BLL.NavigationService,Type=EAS.Explorer.BLL.NavigationService,EAS.Explorer.BLL.Host
	Key=EAS.Reporting.ReportService,Type=EAS.Reporting.ReportService,EAS.Explorer.BLL.Host
	Key=EAS.Explorer.BLL.LogService,Type=EAS.Explorer.BLL.LogService,EAS.Explorer.BLL.Host
	Key=EAS.Explorer.BLL.InputDictService,Type=EAS.Explorer.BLL.InputDictService,EAS.Explorer.BLL.Host
	Key=EAS.Explorer.BLL.DesktopService,Type=EAS.Explorer.BLL.DesktopService,EAS.Explorer.BLL.Host
	Key=EAS.Explorer.BLL.ReportService,Type=EAS.Explorer.BLL.ReportService,EAS.Explorer.BLL.Host
	Key=EAS.Explorer.BLL.AppSettingService,Type=EAS.Explorer.BLL.AppSettingService,EAS.Explorer.BLL.Host
	Key=EAS.Explorer.BLL.PackageService,Type=EAS.Explorer.BLL.PackageService,EAS.Explorer.BLL.Host
	Key=EAS.Explorer.BLL.BugService,Type=EAS.Explorer.BLL.BugService,EAS.Explorer.BLL.Host
	Key=EAS.Explorer.BLL.ACLService,Type=EAS.Explorer.BLL.ACLService,EAS.Explorer.BLL.Host
	Key=EAS.Explorer.BLL.ReportManageService,Type=EAS.Explorer.BLL.ReportManageService,EAS.Explorer.BLL.Host
	Key=EAS.Explorer.BLL.ModuleService,Type=EAS.Explorer.BLL.ModuleService,EAS.Explorer.BLL.Host
	Key=EAS.Explorer.BLL.RoleService,Type=EAS.Explorer.BLL.RoleService,EAS.Explorer.BLL.Host
	Key=EAS.Explorer.BLL.LuaService,Type=EAS.Explorer.BLL.LuaService,EAS.Explorer.BLL.Host
	Key=EAS.Explorer.BLL.AccountService,Type=EAS.Explorer.BLL.AccountService,EAS.Explorer.BLL.Host
	Key=EAS.Explorer.BLL.LoginService,Type=EAS.Explorer.BLL.LoginService,EAS.Explorer.BLL.Host
	Key=EAS.Explorer.BLL.GroupService,Type=EAS.Explorer.BLL.GroupService,EAS.Explorer.BLL.Host
	Key=EAS.Monitor.MonitorService,Type=EAS.Monitor.MonitorService,EAS.SOA.BootStrap

2014-12-16 15:27:31==>INFO :组件定义:
	Key=Serializer,Type=EAS.Serialization.BinarySerializer,EAS.MicroKernel
	Key=ServiceBridger,Type=EAS.Services.DirectServiceBridger,EAS.MicroKernel
	Key=DataAccessor,Type=EAS.Data.Access.DataAccessor,EAS.Data
	Key=DbProvider,Type=EAS.Data.Access.SqlClientDbProvider,EAS.Data
	Key=TSqlLanguage,Type=EAS.Data.Linq.TSqlLanguage,EAS.Data
	Key=Logger,Type=EAS.Loggers.TextLogger,EAS.MicroKernel
	Key=OrmAccessor,Type=EAS.Data.ORM.OrmAccessor,EAS.Data

2014-12-16 15:30:12==>INFO :组件定义:
	Key=Serializer,Type=EAS.Serialization.BinarySerializer,EAS.MicroKernel
	Key=ServiceBridger,Type=EAS.Services.DirectServiceBridger,EAS.MicroKernel
	Key=DataAccessor,Type=EAS.Data.Access.DataAccessor,EAS.Data
	Key=DbProvider,Type=EAS.Data.Access.SqlClientDbProvider,EAS.Data
	Key=TSqlLanguage,Type=EAS.Data.Linq.TSqlLanguage,EAS.Data
	Key=Logger,Type=EAS.Loggers.TextLogger,EAS.MicroKernel
	Key=OrmAccessor,Type=EAS.Data.ORM.OrmAccessor,EAS.Data

2014-12-16 17:19:36==>INFO :组件定义:
	Key=Serializer,Type=EAS.Serialization.BinarySerializer,EAS.MicroKernel
	Key=ServiceBridger,Type=EAS.Services.DirectServiceBridger,EAS.MicroKernel
	Key=DataAccessor,Type=EAS.Data.Access.DataAccessor,EAS.Data
	Key=DbProvider,Type=EAS.Data.Access.SqlClientDbProvider,EAS.Data
	Key=TSqlLanguage,Type=EAS.Data.Linq.TSqlLanguage,EAS.Data
	Key=Logger,Type=EAS.Loggers.TextLogger,EAS.MicroKernel
	Key=OrmAccessor,Type=EAS.Data.ORM.OrmAccessor,EAS.Data

2014-12-16 17:21:03==>INFO :组件定义:
	Key=Serializer,Type=EAS.Serialization.BinarySerializer,EAS.MicroKernel
	Key=ServiceBridger,Type=EAS.Services.DirectServiceBridger,EAS.MicroKernel
	Key=DataAccessor,Type=EAS.Data.Access.DataAccessor,EAS.Data
	Key=DbProvider,Type=EAS.Data.Access.SqlClientDbProvider,EAS.Data
	Key=TSqlLanguage,Type=EAS.Data.Linq.TSqlLanguage,EAS.Data
	Key=Logger,Type=EAS.Loggers.TextLogger,EAS.MicroKernel
	Key=OrmAccessor,Type=EAS.Data.ORM.OrmAccessor,EAS.Data

2014-12-16 18:39:12==>INFO :组件定义:
	Key=Serializer,Type=EAS.Serialization.BinarySerializer,EAS.MicroKernel
	Key=ServiceBridger,Type=EAS.Services.DirectServiceBridger,EAS.MicroKernel
	Key=DataAccessor,Type=EAS.Data.Access.DataAccessor,EAS.Data
	Key=DbProvider,Type=EAS.Data.Access.SqlClientDbProvider,EAS.Data
	Key=TSqlLanguage,Type=EAS.Data.Linq.TSqlLanguage,EAS.Data
	Key=Logger,Type=EAS.Loggers.TextLogger,EAS.MicroKernel
	Key=OrmAccessor,Type=EAS.Data.ORM.OrmAccessor,EAS.Data

2014-12-16 18:44:56==>INFO :组件定义:
	Key=Serializer,Type=EAS.Serialization.BinarySerializer,EAS.MicroKernel
	Key=ServiceBridger,Type=EAS.Services.DirectServiceBridger,EAS.MicroKernel
	Key=DataAccessor,Type=EAS.Data.Access.DataAccessor,EAS.Data
	Key=DbProvider,Type=EAS.Data.Access.SqlClientDbProvider,EAS.Data
	Key=TSqlLanguage,Type=EAS.Data.Linq.TSqlLanguage,EAS.Data
	Key=Logger,Type=EAS.Loggers.TextLogger,EAS.MicroKernel
	Key=OrmAccessor,Type=EAS.Data.ORM.OrmAccessor,EAS.Data

2014-12-16 18:57:13==>INFO :组件定义:
	Key=Serializer,Type=EAS.Serialization.BinarySerializer,EAS.MicroKernel
	Key=ServiceBridger,Type=EAS.Services.DirectServiceBridger,EAS.MicroKernel
	Key=DataAccessor,Type=EAS.Data.Access.DataAccessor,EAS.Data
	Key=DbProvider,Type=EAS.Data.Access.SqlClientDbProvider,EAS.Data
	Key=TSqlLanguage,Type=EAS.Data.Linq.TSqlLanguage,EAS.Data
	Key=Logger,Type=EAS.Loggers.TextLogger,EAS.MicroKernel
	Key=OrmAccessor,Type=EAS.Data.ORM.OrmAccessor,EAS.Data

2014-12-16 18:59:32==>INFO :组件定义:
	Key=Serializer,Type=EAS.Serialization.BinarySerializer,EAS.MicroKernel
	Key=ServiceBridger,Type=EAS.Services.DirectServiceBridger,EAS.MicroKernel
	Key=DataAccessor,Type=EAS.Data.Access.DataAccessor,EAS.Data
	Key=DbProvider,Type=EAS.Data.Access.SqlClientDbProvider,EAS.Data
	Key=TSqlLanguage,Type=EAS.Data.Linq.TSqlLanguage,EAS.Data
	Key=Logger,Type=EAS.Loggers.TextLogger,EAS.MicroKernel
	Key=OrmAccessor,Type=EAS.Data.ORM.OrmAccessor,EAS.Data

2014-12-16 19:03:28==>INFO :组件定义:
	Key=Serializer,Type=EAS.Serialization.BinarySerializer,EAS.MicroKernel
	Key=ServiceBridger,Type=EAS.Services.DirectServiceBridger,EAS.MicroKernel
	Key=DataAccessor,Type=EAS.Data.Access.DataAccessor,EAS.Data
	Key=DbProvider,Type=EAS.Data.Access.SqlClientDbProvider,EAS.Data
	Key=TSqlLanguage,Type=EAS.Data.Linq.TSqlLanguage,EAS.Data
	Key=Logger,Type=EAS.Loggers.TextLogger,EAS.MicroKernel
	Key=OrmAccessor,Type=EAS.Data.ORM.OrmAccessor,EAS.Data

2014-12-16 19:03:45==>INFO :组件定义:
	Key=ServiceBridger,Type=EAS.Services.DirectServiceBridger,EAS.MicroKernel
	Key=DbProvider,Type=EAS.Data.Access.SqlClientDbProvider,EAS.Data
	Key=DataAccessor,Type=EAS.Data.Access.DataAccessor,EAS.Data
	Key=OrmAccessor,Type=EAS.Data.ORM.OrmAccessor,EAS.Data
	Key=TSqlLanguage,Type=EAS.Data.Linq.TSqlLanguage,EAS.Data
	Key=Logger,Type=EAS.Loggers.TextLogger,EAS.MicroKernel
	Key=EAS.Services.TimeService,Type=EAS.Services.TimeService,EAS.MicroKernel
	Key=EAS.Data.ORM.OrmAccessor,Type=EAS.Data.ORM.OrmAccessor,EAS.Data
	Key=EAS.Data.Caching.CacheService,Type=EAS.Data.Caching.CacheService,EAS.Data
	Key=EAS.Data.DataService,Type=EAS.Data.DataService,EAS.Data
	Key=EAS.BPM.BLL.WorkflowService,Type=EAS.BPM.BLL.WorkflowService,EAS.BPM.BLL.Host
	Key=EAS.Explorer.BLL.NavigationService,Type=EAS.Explorer.BLL.NavigationService,EAS.Explorer.BLL.Host
	Key=EAS.Reporting.ReportService,Type=EAS.Reporting.ReportService,EAS.Explorer.BLL.Host
	Key=EAS.Explorer.BLL.LogService,Type=EAS.Explorer.BLL.LogService,EAS.Explorer.BLL.Host
	Key=EAS.Explorer.BLL.InputDictService,Type=EAS.Explorer.BLL.InputDictService,EAS.Explorer.BLL.Host
	Key=EAS.Explorer.BLL.DesktopService,Type=EAS.Explorer.BLL.DesktopService,EAS.Explorer.BLL.Host
	Key=EAS.Explorer.BLL.ReportService,Type=EAS.Explorer.BLL.ReportService,EAS.Explorer.BLL.Host
	Key=EAS.Explorer.BLL.AppSettingService,Type=EAS.Explorer.BLL.AppSettingService,EAS.Explorer.BLL.Host
	Key=EAS.Explorer.BLL.PackageService,Type=EAS.Explorer.BLL.PackageService,EAS.Explorer.BLL.Host
	Key=EAS.Explorer.BLL.BugService,Type=EAS.Explorer.BLL.BugService,EAS.Explorer.BLL.Host
	Key=EAS.Explorer.BLL.ACLService,Type=EAS.Explorer.BLL.ACLService,EAS.Explorer.BLL.Host
	Key=EAS.Explorer.BLL.ReportManageService,Type=EAS.Explorer.BLL.ReportManageService,EAS.Explorer.BLL.Host
	Key=EAS.Explorer.BLL.ModuleService,Type=EAS.Explorer.BLL.ModuleService,EAS.Explorer.BLL.Host
	Key=EAS.Explorer.BLL.RoleService,Type=EAS.Explorer.BLL.RoleService,EAS.Explorer.BLL.Host
	Key=EAS.Explorer.BLL.LuaService,Type=EAS.Explorer.BLL.LuaService,EAS.Explorer.BLL.Host
	Key=EAS.Explorer.BLL.AccountService,Type=EAS.Explorer.BLL.AccountService,EAS.Explorer.BLL.Host
	Key=EAS.Explorer.BLL.LoginService,Type=EAS.Explorer.BLL.LoginService,EAS.Explorer.BLL.Host
	Key=EAS.Explorer.BLL.GroupService,Type=EAS.Explorer.BLL.GroupService,EAS.Explorer.BLL.Host
	Key=EAS.Monitor.MonitorService,Type=EAS.Monitor.MonitorService,EAS.SOA.BootStrap

2014-12-16 19:04:33==>INFO :组件定义:
	Key=Serializer,Type=EAS.Serialization.BinarySerializer,EAS.MicroKernel
	Key=ServiceBridger,Type=EAS.Services.DirectServiceBridger,EAS.MicroKernel
	Key=DataAccessor,Type=EAS.Data.Access.DataAccessor,EAS.Data
	Key=DbProvider,Type=EAS.Data.Access.SqlClientDbProvider,EAS.Data
	Key=TSqlLanguage,Type=EAS.Data.Linq.TSqlLanguage,EAS.Data
	Key=Logger,Type=EAS.Loggers.TextLogger,EAS.MicroKernel
	Key=OrmAccessor,Type=EAS.Data.ORM.OrmAccessor,EAS.Data

2014-12-16 19:04:51==>INFO :组件定义:
	Key=ServiceBridger,Type=EAS.Services.DirectServiceBridger,EAS.MicroKernel
	Key=DbProvider,Type=EAS.Data.Access.SqlClientDbProvider,EAS.Data
	Key=DataAccessor,Type=EAS.Data.Access.DataAccessor,EAS.Data
	Key=OrmAccessor,Type=EAS.Data.ORM.OrmAccessor,EAS.Data
	Key=TSqlLanguage,Type=EAS.Data.Linq.TSqlLanguage,EAS.Data
	Key=Logger,Type=EAS.Loggers.TextLogger,EAS.MicroKernel
	Key=EAS.Services.TimeService,Type=EAS.Services.TimeService,EAS.MicroKernel
	Key=EAS.Data.ORM.OrmAccessor,Type=EAS.Data.ORM.OrmAccessor,EAS.Data
	Key=EAS.Data.Caching.CacheService,Type=EAS.Data.Caching.CacheService,EAS.Data
	Key=EAS.Data.DataService,Type=EAS.Data.DataService,EAS.Data
	Key=EAS.BPM.BLL.WorkflowService,Type=EAS.BPM.BLL.WorkflowService,EAS.BPM.BLL.Host
	Key=EAS.Explorer.BLL.NavigationService,Type=EAS.Explorer.BLL.NavigationService,EAS.Explorer.BLL.Host
	Key=EAS.Reporting.ReportService,Type=EAS.Reporting.ReportService,EAS.Explorer.BLL.Host
	Key=EAS.Explorer.BLL.LogService,Type=EAS.Explorer.BLL.LogService,EAS.Explorer.BLL.Host
	Key=EAS.Explorer.BLL.InputDictService,Type=EAS.Explorer.BLL.InputDictService,EAS.Explorer.BLL.Host
	Key=EAS.Explorer.BLL.DesktopService,Type=EAS.Explorer.BLL.DesktopService,EAS.Explorer.BLL.Host
	Key=EAS.Explorer.BLL.ReportService,Type=EAS.Explorer.BLL.ReportService,EAS.Explorer.BLL.Host
	Key=EAS.Explorer.BLL.AppSettingService,Type=EAS.Explorer.BLL.AppSettingService,EAS.Explorer.BLL.Host
	Key=EAS.Explorer.BLL.PackageService,Type=EAS.Explorer.BLL.PackageService,EAS.Explorer.BLL.Host
	Key=EAS.Explorer.BLL.BugService,Type=EAS.Explorer.BLL.BugService,EAS.Explorer.BLL.Host
	Key=EAS.Explorer.BLL.ACLService,Type=EAS.Explorer.BLL.ACLService,EAS.Explorer.BLL.Host
	Key=EAS.Explorer.BLL.ReportManageService,Type=EAS.Explorer.BLL.ReportManageService,EAS.Explorer.BLL.Host
	Key=EAS.Explorer.BLL.ModuleService,Type=EAS.Explorer.BLL.ModuleService,EAS.Explorer.BLL.Host
	Key=EAS.Explorer.BLL.RoleService,Type=EAS.Explorer.BLL.RoleService,EAS.Explorer.BLL.Host
	Key=EAS.Explorer.BLL.LuaService,Type=EAS.Explorer.BLL.LuaService,EAS.Explorer.BLL.Host
	Key=EAS.Explorer.BLL.AccountService,Type=EAS.Explorer.BLL.AccountService,EAS.Explorer.BLL.Host
	Key=EAS.Explorer.BLL.LoginService,Type=EAS.Explorer.BLL.LoginService,EAS.Explorer.BLL.Host
	Key=EAS.Explorer.BLL.GroupService,Type=EAS.Explorer.BLL.GroupService,EAS.Explorer.BLL.Host
	Key=EAS.Monitor.MonitorService,Type=EAS.Monitor.MonitorService,EAS.SOA.BootStrap

2014-12-16 19:05:59==>INFO :组件定义:
	Key=Serializer,Type=EAS.Serialization.BinarySerializer,EAS.MicroKernel
	Key=ServiceBridger,Type=EAS.Services.DirectServiceBridger,EAS.MicroKernel
	Key=DataAccessor,Type=EAS.Data.Access.DataAccessor,EAS.Data
	Key=DbProvider,Type=EAS.Data.Access.SqlClientDbProvider,EAS.Data
	Key=TSqlLanguage,Type=EAS.Data.Linq.TSqlLanguage,EAS.Data
	Key=Logger,Type=EAS.Loggers.TextLogger,EAS.MicroKernel
	Key=OrmAccessor,Type=EAS.Data.ORM.OrmAccessor,EAS.Data

2014-12-16 19:18:13==>INFO :组件定义:
	Key=Serializer,Type=EAS.Serialization.BinarySerializer,EAS.MicroKernel
	Key=ServiceBridger,Type=EAS.Services.DirectServiceBridger,EAS.MicroKernel
	Key=DataAccessor,Type=EAS.Data.Access.DataAccessor,EAS.Data
	Key=DbProvider,Type=EAS.Data.Access.SqlClientDbProvider,EAS.Data
	Key=TSqlLanguage,Type=EAS.Data.Linq.TSqlLanguage,EAS.Data
	Key=Logger,Type=EAS.Loggers.TextLogger,EAS.MicroKernel
	Key=OrmAccessor,Type=EAS.Data.ORM.OrmAccessor,EAS.Data

2014-12-16 19:25:58==>INFO :组件定义:
	Key=Serializer,Type=EAS.Serialization.BinarySerializer,EAS.MicroKernel
	Key=ServiceBridger,Type=EAS.Services.DirectServiceBridger,EAS.MicroKernel
	Key=DataAccessor,Type=EAS.Data.Access.DataAccessor,EAS.Data
	Key=DbProvider,Type=EAS.Data.Access.SqlClientDbProvider,EAS.Data
	Key=TSqlLanguage,Type=EAS.Data.Linq.TSqlLanguage,EAS.Data
	Key=Logger,Type=EAS.Loggers.TextLogger,EAS.MicroKernel
	Key=OrmAccessor,Type=EAS.Data.ORM.OrmAccessor,EAS.Data

2014-12-16 19:29:32==>INFO :组件定义:
	Key=Serializer,Type=EAS.Serialization.BinarySerializer,EAS.MicroKernel
	Key=ServiceBridger,Type=EAS.Services.DirectServiceBridger,EAS.MicroKernel
	Key=DataAccessor,Type=EAS.Data.Access.DataAccessor,EAS.Data
	Key=DbProvider,Type=EAS.Data.Access.SqlClientDbProvider,EAS.Data
	Key=TSqlLanguage,Type=EAS.Data.Linq.TSqlLanguage,EAS.Data
	Key=Logger,Type=EAS.Loggers.TextLogger,EAS.MicroKernel
	Key=OrmAccessor,Type=EAS.Data.ORM.OrmAccessor,EAS.Data

2014-12-16 19:59:10==>INFO :组件定义:
	Key=Serializer,Type=EAS.Serialization.BinarySerializer,EAS.MicroKernel
	Key=ServiceBridger,Type=EAS.Services.DirectServiceBridger,EAS.MicroKernel
	Key=DataAccessor,Type=EAS.Data.Access.DataAccessor,EAS.Data
	Key=DbProvider,Type=EAS.Data.Access.SqlClientDbProvider,EAS.Data
	Key=TSqlLanguage,Type=EAS.Data.Linq.TSqlLanguage,EAS.Data
	Key=Logger,Type=EAS.Loggers.TextLogger,EAS.MicroKernel
	Key=OrmAccessor,Type=EAS.Data.ORM.OrmAccessor,EAS.Data

2014-12-16 20:01:31==>INFO :组件定义:
	Key=Serializer,Type=EAS.Serialization.BinarySerializer,EAS.MicroKernel
	Key=ServiceBridger,Type=EAS.Services.DirectServiceBridger,EAS.MicroKernel
	Key=DataAccessor,Type=EAS.Data.Access.DataAccessor,EAS.Data
	Key=DbProvider,Type=EAS.Data.Access.SqlClientDbProvider,EAS.Data
	Key=TSqlLanguage,Type=EAS.Data.Linq.TSqlLanguage,EAS.Data
	Key=Logger,Type=EAS.Loggers.TextLogger,EAS.MicroKernel
	Key=OrmAccessor,Type=EAS.Data.ORM.OrmAccessor,EAS.Data

2014-12-16 20:06:03==>INFO :组件定义:
	Key=Serializer,Type=EAS.Serialization.BinarySerializer,EAS.MicroKernel
	Key=ServiceBridger,Type=EAS.Services.DirectServiceBridger,EAS.MicroKernel
	Key=DataAccessor,Type=EAS.Data.Access.DataAccessor,EAS.Data
	Key=DbProvider,Type=EAS.Data.Access.SqlClientDbProvider,EAS.Data
	Key=TSqlLanguage,Type=EAS.Data.Linq.TSqlLanguage,EAS.Data
	Key=Logger,Type=EAS.Loggers.TextLogger,EAS.MicroKernel
	Key=OrmAccessor,Type=EAS.Data.ORM.OrmAccessor,EAS.Data

2014-12-16 22:21:18==>INFO :组件定义:
	Key=Serializer,Type=EAS.Serialization.BinarySerializer,EAS.MicroKernel
	Key=ServiceBridger,Type=EAS.Services.DirectServiceBridger,EAS.MicroKernel
	Key=DataAccessor,Type=EAS.Data.Access.DataAccessor,EAS.Data
	Key=DbProvider,Type=EAS.Data.Access.SqlClientDbProvider,EAS.Data
	Key=TSqlLanguage,Type=EAS.Data.Linq.TSqlLanguage,EAS.Data
	Key=Logger,Type=EAS.Loggers.TextLogger,EAS.MicroKernel
	Key=OrmAccessor,Type=EAS.Data.ORM.OrmAccessor,EAS.Data

2014-12-16 22:23:33==>INFO :组件定义:
	Key=Serializer,Type=EAS.Serialization.BinarySerializer,EAS.MicroKernel
	Key=ServiceBridger,Type=EAS.Services.DirectServiceBridger,EAS.MicroKernel
	Key=DataAccessor,Type=EAS.Data.Access.DataAccessor,EAS.Data
	Key=DbProvider,Type=EAS.Data.Access.SqlClientDbProvider,EAS.Data
	Key=TSqlLanguage,Type=EAS.Data.Linq.TSqlLanguage,EAS.Data
	Key=Logger,Type=EAS.Loggers.TextLogger,EAS.MicroKernel
	Key=OrmAccessor,Type=EAS.Data.ORM.OrmAccessor,EAS.Data

2014-12-16 22:26:45==>INFO :组件定义:
	Key=Serializer,Type=EAS.Serialization.BinarySerializer,EAS.MicroKernel
	Key=ServiceBridger,Type=EAS.Services.DirectServiceBridger,EAS.MicroKernel
	Key=DataAccessor,Type=EAS.Data.Access.DataAccessor,EAS.Data
	Key=DbProvider,Type=EAS.Data.Access.SqlClientDbProvider,EAS.Data
	Key=TSqlLanguage,Type=EAS.Data.Linq.TSqlLanguage,EAS.Data
	Key=Logger,Type=EAS.Loggers.TextLogger,EAS.MicroKernel
	Key=OrmAccessor,Type=EAS.Data.ORM.OrmAccessor,EAS.Data

2014-12-16 22:38:21==>INFO :组件定义:
	Key=Serializer,Type=EAS.Serialization.BinarySerializer,EAS.MicroKernel
	Key=ServiceBridger,Type=EAS.Services.DirectServiceBridger,EAS.MicroKernel
	Key=DataAccessor,Type=EAS.Data.Access.DataAccessor,EAS.Data
	Key=DbProvider,Type=EAS.Data.Access.SqlClientDbProvider,EAS.Data
	Key=TSqlLanguage,Type=EAS.Data.Linq.TSqlLanguage,EAS.Data
	Key=Logger,Type=EAS.Loggers.TextLogger,EAS.MicroKernel
	Key=OrmAccessor,Type=EAS.Data.ORM.OrmAccessor,EAS.Data

2014-12-16 22:39:39==>INFO :组件定义:
	Key=Serializer,Type=EAS.Serialization.BinarySerializer,EAS.MicroKernel
	Key=ServiceBridger,Type=EAS.Services.DirectServiceBridger,EAS.MicroKernel
	Key=DataAccessor,Type=EAS.Data.Access.DataAccessor,EAS.Data
	Key=DbProvider,Type=EAS.Data.Access.SqlClientDbProvider,EAS.Data
	Key=TSqlLanguage,Type=EAS.Data.Linq.TSqlLanguage,EAS.Data
	Key=Logger,Type=EAS.Loggers.TextLogger,EAS.MicroKernel
	Key=OrmAccessor,Type=EAS.Data.ORM.OrmAccessor,EAS.Data

2014-12-16 22:42:17==>INFO :组件定义:
	Key=Serializer,Type=EAS.Serialization.BinarySerializer,EAS.MicroKernel
	Key=ServiceBridger,Type=EAS.Services.DirectServiceBridger,EAS.MicroKernel
	Key=DataAccessor,Type=EAS.Data.Access.DataAccessor,EAS.Data
	Key=DbProvider,Type=EAS.Data.Access.SqlClientDbProvider,EAS.Data
	Key=TSqlLanguage,Type=EAS.Data.Linq.TSqlLanguage,EAS.Data
	Key=Logger,Type=EAS.Loggers.TextLogger,EAS.MicroKernel
	Key=OrmAccessor,Type=EAS.Data.ORM.OrmAccessor,EAS.Data

2014-12-16 22:57:00==>INFO :组件定义:
	Key=Serializer,Type=EAS.Serialization.BinarySerializer,EAS.MicroKernel
	Key=ServiceBridger,Type=EAS.Services.DirectServiceBridger,EAS.MicroKernel
	Key=DataAccessor,Type=EAS.Data.Access.DataAccessor,EAS.Data
	Key=DbProvider,Type=EAS.Data.Access.SqlClientDbProvider,EAS.Data
	Key=TSqlLanguage,Type=EAS.Data.Linq.TSqlLanguage,EAS.Data
	Key=Logger,Type=EAS.Loggers.TextLogger,EAS.MicroKernel
	Key=OrmAccessor,Type=EAS.Data.ORM.OrmAccessor,EAS.Data

2014-12-16 22:58:22==>INFO :组件定义:
	Key=Serializer,Type=EAS.Serialization.BinarySerializer,EAS.MicroKernel
	Key=ServiceBridger,Type=EAS.Services.DirectServiceBridger,EAS.MicroKernel
	Key=DataAccessor,Type=EAS.Data.Access.DataAccessor,EAS.Data
	Key=DbProvider,Type=EAS.Data.Access.SqlClientDbProvider,EAS.Data
	Key=TSqlLanguage,Type=EAS.Data.Linq.TSqlLanguage,EAS.Data
	Key=Logger,Type=EAS.Loggers.TextLogger,EAS.MicroKernel
	Key=OrmAccessor,Type=EAS.Data.ORM.OrmAccessor,EAS.Data

2014-12-16 23:03:25==>INFO :组件定义:
	Key=Serializer,Type=EAS.Serialization.BinarySerializer,EAS.MicroKernel
	Key=ServiceBridger,Type=EAS.Services.DirectServiceBridger,EAS.MicroKernel
	Key=DataAccessor,Type=EAS.Data.Access.DataAccessor,EAS.Data
	Key=DbProvider,Type=EAS.Data.Access.SqlClientDbProvider,EAS.Data
	Key=TSqlLanguage,Type=EAS.Data.Linq.TSqlLanguage,EAS.Data
	Key=Logger,Type=EAS.Loggers.TextLogger,EAS.MicroKernel
	Key=OrmAccessor,Type=EAS.Data.ORM.OrmAccessor,EAS.Data

2014-12-16 23:09:01==>INFO :组件定义:
	Key=Serializer,Type=EAS.Serialization.BinarySerializer,EAS.MicroKernel
	Key=ServiceBridger,Type=EAS.Services.DirectServiceBridger,EAS.MicroKernel
	Key=DataAccessor,Type=EAS.Data.Access.DataAccessor,EAS.Data
	Key=DbProvider,Type=EAS.Data.Access.SqlClientDbProvider,EAS.Data
	Key=TSqlLanguage,Type=EAS.Data.Linq.TSqlLanguage,EAS.Data
	Key=Logger,Type=EAS.Loggers.TextLogger,EAS.MicroKernel
	Key=OrmAccessor,Type=EAS.Data.ORM.OrmAccessor,EAS.Data

2014-12-16 23:11:47==>INFO :组件定义:
	Key=Serializer,Type=EAS.Serialization.BinarySerializer,EAS.MicroKernel
	Key=ServiceBridger,Type=EAS.Services.DirectServiceBridger,EAS.MicroKernel
	Key=DataAccessor,Type=EAS.Data.Access.DataAccessor,EAS.Data
	Key=DbProvider,Type=EAS.Data.Access.SqlClientDbProvider,EAS.Data
	Key=TSqlLanguage,Type=EAS.Data.Linq.TSqlLanguage,EAS.Data
	Key=Logger,Type=EAS.Loggers.TextLogger,EAS.MicroKernel
	Key=OrmAccessor,Type=EAS.Data.ORM.OrmAccessor,EAS.Data

2014-12-16 23:24:09==>INFO :组件定义:
	Key=Serializer,Type=EAS.Serialization.BinarySerializer,EAS.MicroKernel
	Key=ServiceBridger,Type=EAS.Services.DirectServiceBridger,EAS.MicroKernel
	Key=DataAccessor,Type=EAS.Data.Access.DataAccessor,EAS.Data
	Key=DbProvider,Type=EAS.Data.Access.SqlClientDbProvider,EAS.Data
	Key=TSqlLanguage,Type=EAS.Data.Linq.TSqlLanguage,EAS.Data
	Key=Logger,Type=EAS.Loggers.TextLogger,EAS.MicroKernel
	Key=OrmAccessor,Type=EAS.Data.ORM.OrmAccessor,EAS.Data

2014-12-16 23:31:16==>INFO :组件定义:
	Key=Serializer,Type=EAS.Serialization.BinarySerializer,EAS.MicroKernel
	Key=ServiceBridger,Type=EAS.Services.DirectServiceBridger,EAS.MicroKernel
	Key=DataAccessor,Type=EAS.Data.Access.DataAccessor,EAS.Data
	Key=DbProvider,Type=EAS.Data.Access.SqlClientDbProvider,EAS.Data
	Key=TSqlLanguage,Type=EAS.Data.Linq.TSqlLanguage,EAS.Data
	Key=Logger,Type=EAS.Loggers.TextLogger,EAS.MicroKernel
	Key=OrmAccessor,Type=EAS.Data.ORM.OrmAccessor,EAS.Data

2014-12-16 23:32:38==>INFO :组件定义:
	Key=Serializer,Type=EAS.Serialization.BinarySerializer,EAS.MicroKernel
	Key=ServiceBridger,Type=EAS.Services.DirectServiceBridger,EAS.MicroKernel
	Key=DataAccessor,Type=EAS.Data.Access.DataAccessor,EAS.Data
	Key=DbProvider,Type=EAS.Data.Access.SqlClientDbProvider,EAS.Data
	Key=TSqlLanguage,Type=EAS.Data.Linq.TSqlLanguage,EAS.Data
	Key=Logger,Type=EAS.Loggers.TextLogger,EAS.MicroKernel
	Key=OrmAccessor,Type=EAS.Data.ORM.OrmAccessor,EAS.Data

2014-12-16 23:44:05==>INFO :组件定义:
	Key=Serializer,Type=EAS.Serialization.BinarySerializer,EAS.MicroKernel
	Key=ServiceBridger,Type=EAS.Services.DirectServiceBridger,EAS.MicroKernel
	Key=DataAccessor,Type=EAS.Data.Access.DataAccessor,EAS.Data
	Key=DbProvider,Type=EAS.Data.Access.SqlClientDbProvider,EAS.Data
	Key=TSqlLanguage,Type=EAS.Data.Linq.TSqlLanguage,EAS.Data
	Key=Logger,Type=EAS.Loggers.TextLogger,EAS.MicroKernel
	Key=OrmAccessor,Type=EAS.Data.ORM.OrmAccessor,EAS.Data

