2014-12-26 11:02:05==>INFO :组件定义:
	Key=Serializer,Type=EAS.Serialization.BinarySerializer,EAS.MicroKernel
	Key=ServiceBridger,Type=EAS.Services.DirectServiceBridger,EAS.MicroKernel
	Key=DataAccessor,Type=EAS.Data.Access.DataAccessor,EAS.Data
	Key=DbProvider,Type=EAS.Data.Access.SqlClientDbProvider,EAS.Data
	Key=TSqlLanguage,Type=EAS.Data.Linq.TSqlLanguage,EAS.Data
	Key=Logger,Type=EAS.Loggers.TextLogger,EAS.MicroKernel
	Key=OrmAccessor,Type=EAS.Data.ORM.OrmAccessor,EAS.Data

2014-12-26 11:05:00==>INFO :组件定义:
	Key=Serializer,Type=EAS.Serialization.BinarySerializer,EAS.MicroKernel
	Key=ServiceBridger,Type=EAS.Services.DirectServiceBridger,EAS.MicroKernel
	Key=DataAccessor,Type=EAS.Data.Access.DataAccessor,EAS.Data
	Key=DbProvider,Type=EAS.Data.Access.SqlClientDbProvider,EAS.Data
	Key=TSqlLanguage,Type=EAS.Data.Linq.TSqlLanguage,EAS.Data
	Key=Logger,Type=EAS.Loggers.TextLogger,EAS.MicroKernel
	Key=OrmAccessor,Type=EAS.Data.ORM.OrmAccessor,EAS.Data

2014-12-26 11:08:21==>INFO :组件定义:
	Key=Serializer,Type=EAS.Serialization.BinarySerializer,EAS.MicroKernel
	Key=ServiceBridger,Type=EAS.Services.DirectServiceBridger,EAS.MicroKernel
	Key=DataAccessor,Type=EAS.Data.Access.DataAccessor,EAS.Data
	Key=DbProvider,Type=EAS.Data.Access.SqlClientDbProvider,EAS.Data
	Key=TSqlLanguage,Type=EAS.Data.Linq.TSqlLanguage,EAS.Data
	Key=Logger,Type=EAS.Loggers.TextLogger,EAS.MicroKernel
	Key=OrmAccessor,Type=EAS.Data.ORM.OrmAccessor,EAS.Data

2014-12-26 11:10:25==>INFO :组件定义:
	Key=Serializer,Type=EAS.Serialization.BinarySerializer,EAS.MicroKernel
	Key=ServiceBridger,Type=EAS.Services.DirectServiceBridger,EAS.MicroKernel
	Key=DataAccessor,Type=EAS.Data.Access.DataAccessor,EAS.Data
	Key=DbProvider,Type=EAS.Data.Access.SqlClientDbProvider,EAS.Data
	Key=TSqlLanguage,Type=EAS.Data.Linq.TSqlLanguage,EAS.Data
	Key=Logger,Type=EAS.Loggers.TextLogger,EAS.MicroKernel
	Key=OrmAccessor,Type=EAS.Data.ORM.OrmAccessor,EAS.Data

2014-12-26 11:54:00==>INFO :组件定义:
	Key=Serializer,Type=EAS.Serialization.BinarySerializer,EAS.MicroKernel
	Key=ServiceBridger,Type=EAS.Services.DirectServiceBridger,EAS.MicroKernel
	Key=DataAccessor,Type=EAS.Data.Access.DataAccessor,EAS.Data
	Key=DbProvider,Type=EAS.Data.Access.SqlClientDbProvider,EAS.Data
	Key=TSqlLanguage,Type=EAS.Data.Linq.TSqlLanguage,EAS.Data
	Key=Logger,Type=EAS.Loggers.TextLogger,EAS.MicroKernel
	Key=OrmAccessor,Type=EAS.Data.ORM.OrmAccessor,EAS.Data

2014-12-26 11:57:02==>INFO :组件定义:
	Key=Serializer,Type=EAS.Serialization.BinarySerializer,EAS.MicroKernel
	Key=ServiceBridger,Type=EAS.Services.DirectServiceBridger,EAS.MicroKernel
	Key=DataAccessor,Type=EAS.Data.Access.DataAccessor,EAS.Data
	Key=DbProvider,Type=EAS.Data.Access.SqlClientDbProvider,EAS.Data
	Key=TSqlLanguage,Type=EAS.Data.Linq.TSqlLanguage,EAS.Data
	Key=Logger,Type=EAS.Loggers.TextLogger,EAS.MicroKernel
	Key=OrmAccessor,Type=EAS.Data.ORM.OrmAccessor,EAS.Data

2014-12-26 11:59:36==>INFO :组件定义:
	Key=Serializer,Type=EAS.Serialization.BinarySerializer,EAS.MicroKernel
	Key=ServiceBridger,Type=EAS.Services.DirectServiceBridger,EAS.MicroKernel
	Key=DataAccessor,Type=EAS.Data.Access.DataAccessor,EAS.Data
	Key=DbProvider,Type=EAS.Data.Access.SqlClientDbProvider,EAS.Data
	Key=TSqlLanguage,Type=EAS.Data.Linq.TSqlLanguage,EAS.Data
	Key=Logger,Type=EAS.Loggers.TextLogger,EAS.MicroKernel
	Key=OrmAccessor,Type=EAS.Data.ORM.OrmAccessor,EAS.Data

2014-12-26 12:18:42==>INFO :组件定义:
	Key=Serializer,Type=EAS.Serialization.BinarySerializer,EAS.MicroKernel
	Key=ServiceBridger,Type=EAS.Services.DirectServiceBridger,EAS.MicroKernel
	Key=DataAccessor,Type=EAS.Data.Access.DataAccessor,EAS.Data
	Key=DbProvider,Type=EAS.Data.Access.SqlClientDbProvider,EAS.Data
	Key=TSqlLanguage,Type=EAS.Data.Linq.TSqlLanguage,EAS.Data
	Key=Logger,Type=EAS.Loggers.TextLogger,EAS.MicroKernel
	Key=OrmAccessor,Type=EAS.Data.ORM.OrmAccessor,EAS.Data

2014-12-26 15:08:11==>INFO :组件定义:
	Key=Serializer,Type=EAS.Serialization.BinarySerializer,EAS.MicroKernel
	Key=ServiceBridger,Type=EAS.Services.DirectServiceBridger,EAS.MicroKernel
	Key=DataAccessor,Type=EAS.Data.Access.DataAccessor,EAS.Data
	Key=DbProvider,Type=EAS.Data.Access.SqlClientDbProvider,EAS.Data
	Key=TSqlLanguage,Type=EAS.Data.Linq.TSqlLanguage,EAS.Data
	Key=Logger,Type=EAS.Loggers.TextLogger,EAS.MicroKernel
	Key=OrmAccessor,Type=EAS.Data.ORM.OrmAccessor,EAS.Data

2014-12-26 15:14:59==>INFO :组件定义:
	Key=Serializer,Type=EAS.Serialization.BinarySerializer,EAS.MicroKernel
	Key=ServiceBridger,Type=EAS.Services.DirectServiceBridger,EAS.MicroKernel
	Key=DataAccessor,Type=EAS.Data.Access.DataAccessor,EAS.Data
	Key=DbProvider,Type=EAS.Data.Access.SqlClientDbProvider,EAS.Data
	Key=TSqlLanguage,Type=EAS.Data.Linq.TSqlLanguage,EAS.Data
	Key=Logger,Type=EAS.Loggers.TextLogger,EAS.MicroKernel
	Key=OrmAccessor,Type=EAS.Data.ORM.OrmAccessor,EAS.Data

2014-12-26 15:23:58==>INFO :组件定义:
	Key=Serializer,Type=EAS.Serialization.BinarySerializer,EAS.MicroKernel
	Key=ServiceBridger,Type=EAS.Services.DirectServiceBridger,EAS.MicroKernel
	Key=DataAccessor,Type=EAS.Data.Access.DataAccessor,EAS.Data
	Key=DbProvider,Type=EAS.Data.Access.SqlClientDbProvider,EAS.Data
	Key=TSqlLanguage,Type=EAS.Data.Linq.TSqlLanguage,EAS.Data
	Key=Logger,Type=EAS.Loggers.TextLogger,EAS.MicroKernel
	Key=OrmAccessor,Type=EAS.Data.ORM.OrmAccessor,EAS.Data

2014-12-26 15:26:40==>INFO :组件定义:
	Key=Serializer,Type=EAS.Serialization.BinarySerializer,EAS.MicroKernel
	Key=ServiceBridger,Type=EAS.Services.DirectServiceBridger,EAS.MicroKernel
	Key=DataAccessor,Type=EAS.Data.Access.DataAccessor,EAS.Data
	Key=DbProvider,Type=EAS.Data.Access.SqlClientDbProvider,EAS.Data
	Key=TSqlLanguage,Type=EAS.Data.Linq.TSqlLanguage,EAS.Data
	Key=Logger,Type=EAS.Loggers.TextLogger,EAS.MicroKernel
	Key=OrmAccessor,Type=EAS.Data.ORM.OrmAccessor,EAS.Data

2014-12-26 15:51:10==>INFO :组件定义:
	Key=Serializer,Type=EAS.Serialization.BinarySerializer,EAS.MicroKernel
	Key=ServiceBridger,Type=EAS.Services.DirectServiceBridger,EAS.MicroKernel
	Key=DataAccessor,Type=EAS.Data.Access.DataAccessor,EAS.Data
	Key=DbProvider,Type=EAS.Data.Access.SqlClientDbProvider,EAS.Data
	Key=TSqlLanguage,Type=EAS.Data.Linq.TSqlLanguage,EAS.Data
	Key=Logger,Type=EAS.Loggers.TextLogger,EAS.MicroKernel
	Key=OrmAccessor,Type=EAS.Data.ORM.OrmAccessor,EAS.Data

2014-12-26 15:56:26==>INFO :组件定义:
	Key=Serializer,Type=EAS.Serialization.BinarySerializer,EAS.MicroKernel
	Key=ServiceBridger,Type=EAS.Services.DirectServiceBridger,EAS.MicroKernel
	Key=DataAccessor,Type=EAS.Data.Access.DataAccessor,EAS.Data
	Key=DbProvider,Type=EAS.Data.Access.SqlClientDbProvider,EAS.Data
	Key=TSqlLanguage,Type=EAS.Data.Linq.TSqlLanguage,EAS.Data
	Key=Logger,Type=EAS.Loggers.TextLogger,EAS.MicroKernel
	Key=OrmAccessor,Type=EAS.Data.ORM.OrmAccessor,EAS.Data

2014-12-26 16:17:19==>INFO :组件定义:
	Key=Serializer,Type=EAS.Serialization.BinarySerializer,EAS.MicroKernel
	Key=ServiceBridger,Type=EAS.Services.DirectServiceBridger,EAS.MicroKernel
	Key=DataAccessor,Type=EAS.Data.Access.DataAccessor,EAS.Data
	Key=DbProvider,Type=EAS.Data.Access.SqlClientDbProvider,EAS.Data
	Key=TSqlLanguage,Type=EAS.Data.Linq.TSqlLanguage,EAS.Data
	Key=Logger,Type=EAS.Loggers.TextLogger,EAS.MicroKernel
	Key=OrmAccessor,Type=EAS.Data.ORM.OrmAccessor,EAS.Data

2014-12-26 16:20:39==>INFO :组件定义:
	Key=Serializer,Type=EAS.Serialization.BinarySerializer,EAS.MicroKernel
	Key=ServiceBridger,Type=EAS.Services.DirectServiceBridger,EAS.MicroKernel
	Key=DataAccessor,Type=EAS.Data.Access.DataAccessor,EAS.Data
	Key=DbProvider,Type=EAS.Data.Access.SqlClientDbProvider,EAS.Data
	Key=TSqlLanguage,Type=EAS.Data.Linq.TSqlLanguage,EAS.Data
	Key=Logger,Type=EAS.Loggers.TextLogger,EAS.MicroKernel
	Key=OrmAccessor,Type=EAS.Data.ORM.OrmAccessor,EAS.Data

2014-12-26 16:25:10==>INFO :组件定义:
	Key=Serializer,Type=EAS.Serialization.BinarySerializer,EAS.MicroKernel
	Key=ServiceBridger,Type=EAS.Services.DirectServiceBridger,EAS.MicroKernel
	Key=DataAccessor,Type=EAS.Data.Access.DataAccessor,EAS.Data
	Key=DbProvider,Type=EAS.Data.Access.SqlClientDbProvider,EAS.Data
	Key=TSqlLanguage,Type=EAS.Data.Linq.TSqlLanguage,EAS.Data
	Key=Logger,Type=EAS.Loggers.TextLogger,EAS.MicroKernel
	Key=OrmAccessor,Type=EAS.Data.ORM.OrmAccessor,EAS.Data

2014-12-26 16:27:41==>INFO :组件定义:
	Key=Serializer,Type=EAS.Serialization.BinarySerializer,EAS.MicroKernel
	Key=ServiceBridger,Type=EAS.Services.DirectServiceBridger,EAS.MicroKernel
	Key=DataAccessor,Type=EAS.Data.Access.DataAccessor,EAS.Data
	Key=DbProvider,Type=EAS.Data.Access.SqlClientDbProvider,EAS.Data
	Key=TSqlLanguage,Type=EAS.Data.Linq.TSqlLanguage,EAS.Data
	Key=Logger,Type=EAS.Loggers.TextLogger,EAS.MicroKernel
	Key=OrmAccessor,Type=EAS.Data.ORM.OrmAccessor,EAS.Data

