2014-11-19 15:36:47==>INFO :组件定义:
	Key=Serializer,Type=EAS.Serialization.BinarySerializer,EAS.MicroKernel
	Key=ServiceBridger,Type=EAS.Services.DirectServiceBridger,EAS.MicroKernel
	Key=DataAccessor,Type=EAS.Data.Access.DataAccessor,EAS.Data
	Key=DbProvider,Type=EAS.Data.Access.SqlClientDbProvider,EAS.Data
	Key=TSqlLanguage,Type=EAS.Data.Linq.TSqlLanguage,EAS.Data
	Key=Logger,Type=EAS.Loggers.TextLogger,EAS.MicroKernel
	Key=OrmAccessor,Type=EAS.Data.ORM.OrmAccessor,EAS.Data

2014-11-19 15:43:37==>INFO :组件定义:
	Key=Serializer,Type=EAS.Serialization.BinarySerializer,EAS.MicroKernel
	Key=ServiceBridger,Type=EAS.Services.DirectServiceBridger,EAS.MicroKernel
	Key=DataAccessor,Type=EAS.Data.Access.DataAccessor,EAS.Data
	Key=DbProvider,Type=EAS.Data.Access.SqlClientDbProvider,EAS.Data
	Key=TSqlLanguage,Type=EAS.Data.Linq.TSqlLanguage,EAS.Data
	Key=Logger,Type=EAS.Loggers.TextLogger,EAS.MicroKernel
	Key=OrmAccessor,Type=EAS.Data.ORM.OrmAccessor,EAS.Data

2014-11-19 15:44:55==>INFO :组件定义:
	Key=Serializer,Type=EAS.Serialization.BinarySerializer,EAS.MicroKernel
	Key=ServiceBridger,Type=EAS.Services.DirectServiceBridger,EAS.MicroKernel
	Key=DataAccessor,Type=EAS.Data.Access.DataAccessor,EAS.Data
	Key=DbProvider,Type=EAS.Data.Access.SqlClientDbProvider,EAS.Data
	Key=TSqlLanguage,Type=EAS.Data.Linq.TSqlLanguage,EAS.Data
	Key=Logger,Type=EAS.Loggers.TextLogger,EAS.MicroKernel
	Key=OrmAccessor,Type=EAS.Data.ORM.OrmAccessor,EAS.Data

2014-11-19 15:46:14==>INFO :组件定义:
	Key=Serializer,Type=EAS.Serialization.BinarySerializer,EAS.MicroKernel
	Key=ServiceBridger,Type=EAS.Services.DirectServiceBridger,EAS.MicroKernel
	Key=DataAccessor,Type=EAS.Data.Access.DataAccessor,EAS.Data
	Key=DbProvider,Type=EAS.Data.Access.SqlClientDbProvider,EAS.Data
	Key=TSqlLanguage,Type=EAS.Data.Linq.TSqlLanguage,EAS.Data
	Key=Logger,Type=EAS.Loggers.TextLogger,EAS.MicroKernel
	Key=OrmAccessor,Type=EAS.Data.ORM.OrmAccessor,EAS.Data

2014-11-19 15:47:05==>INFO :组件定义:
	Key=Serializer,Type=EAS.Serialization.BinarySerializer,EAS.MicroKernel
	Key=ServiceBridger,Type=EAS.Services.DirectServiceBridger,EAS.MicroKernel
	Key=DataAccessor,Type=EAS.Data.Access.DataAccessor,EAS.Data
	Key=DbProvider,Type=EAS.Data.Access.SqlClientDbProvider,EAS.Data
	Key=TSqlLanguage,Type=EAS.Data.Linq.TSqlLanguage,EAS.Data
	Key=Logger,Type=EAS.Loggers.TextLogger,EAS.MicroKernel
	Key=OrmAccessor,Type=EAS.Data.ORM.OrmAccessor,EAS.Data

2014-11-19 15:48:26==>INFO :组件定义:
	Key=Serializer,Type=EAS.Serialization.BinarySerializer,EAS.MicroKernel
	Key=ServiceBridger,Type=EAS.Services.DirectServiceBridger,EAS.MicroKernel
	Key=DataAccessor,Type=EAS.Data.Access.DataAccessor,EAS.Data
	Key=DbProvider,Type=EAS.Data.Access.SqlClientDbProvider,EAS.Data
	Key=TSqlLanguage,Type=EAS.Data.Linq.TSqlLanguage,EAS.Data
	Key=Logger,Type=EAS.Loggers.TextLogger,EAS.MicroKernel
	Key=OrmAccessor,Type=EAS.Data.ORM.OrmAccessor,EAS.Data

2014-11-19 15:49:07==>INFO :组件定义:
	Key=Serializer,Type=EAS.Serialization.BinarySerializer,EAS.MicroKernel
	Key=ServiceBridger,Type=EAS.Services.DirectServiceBridger,EAS.MicroKernel
	Key=DataAccessor,Type=EAS.Data.Access.DataAccessor,EAS.Data
	Key=DbProvider,Type=EAS.Data.Access.SqlClientDbProvider,EAS.Data
	Key=TSqlLanguage,Type=EAS.Data.Linq.TSqlLanguage,EAS.Data
	Key=Logger,Type=EAS.Loggers.TextLogger,EAS.MicroKernel
	Key=OrmAccessor,Type=EAS.Data.ORM.OrmAccessor,EAS.Data

2014-11-19 15:56:11==>INFO :组件定义:
	Key=Serializer,Type=EAS.Serialization.BinarySerializer,EAS.MicroKernel
	Key=ServiceBridger,Type=EAS.Services.DirectServiceBridger,EAS.MicroKernel
	Key=DataAccessor,Type=EAS.Data.Access.DataAccessor,EAS.Data
	Key=DbProvider,Type=EAS.Data.Access.SqlClientDbProvider,EAS.Data
	Key=TSqlLanguage,Type=EAS.Data.Linq.TSqlLanguage,EAS.Data
	Key=Logger,Type=EAS.Loggers.TextLogger,EAS.MicroKernel
	Key=OrmAccessor,Type=EAS.Data.ORM.OrmAccessor,EAS.Data

2014-11-19 16:04:04==>INFO :组件定义:
	Key=Serializer,Type=EAS.Serialization.BinarySerializer,EAS.MicroKernel
	Key=ServiceBridger,Type=EAS.Services.DirectServiceBridger,EAS.MicroKernel
	Key=DataAccessor,Type=EAS.Data.Access.DataAccessor,EAS.Data
	Key=DbProvider,Type=EAS.Data.Access.SqlClientDbProvider,EAS.Data
	Key=TSqlLanguage,Type=EAS.Data.Linq.TSqlLanguage,EAS.Data
	Key=Logger,Type=EAS.Loggers.TextLogger,EAS.MicroKernel
	Key=OrmAccessor,Type=EAS.Data.ORM.OrmAccessor,EAS.Data

2014-11-19 16:08:49==>INFO :组件定义:
	Key=Serializer,Type=EAS.Serialization.BinarySerializer,EAS.MicroKernel
	Key=ServiceBridger,Type=EAS.Services.DirectServiceBridger,EAS.MicroKernel
	Key=DataAccessor,Type=EAS.Data.Access.DataAccessor,EAS.Data
	Key=DbProvider,Type=EAS.Data.Access.SqlClientDbProvider,EAS.Data
	Key=TSqlLanguage,Type=EAS.Data.Linq.TSqlLanguage,EAS.Data
	Key=Logger,Type=EAS.Loggers.TextLogger,EAS.MicroKernel
	Key=OrmAccessor,Type=EAS.Data.ORM.OrmAccessor,EAS.Data

2014-11-19 16:11:04==>INFO :组件定义:
	Key=Serializer,Type=EAS.Serialization.BinarySerializer,EAS.MicroKernel
	Key=ServiceBridger,Type=EAS.Services.DirectServiceBridger,EAS.MicroKernel
	Key=DataAccessor,Type=EAS.Data.Access.DataAccessor,EAS.Data
	Key=DbProvider,Type=EAS.Data.Access.SqlClientDbProvider,EAS.Data
	Key=TSqlLanguage,Type=EAS.Data.Linq.TSqlLanguage,EAS.Data
	Key=Logger,Type=EAS.Loggers.TextLogger,EAS.MicroKernel
	Key=OrmAccessor,Type=EAS.Data.ORM.OrmAccessor,EAS.Data

2014-11-19 16:14:42==>INFO :组件定义:
	Key=Serializer,Type=EAS.Serialization.BinarySerializer,EAS.MicroKernel
	Key=ServiceBridger,Type=EAS.Services.DirectServiceBridger,EAS.MicroKernel
	Key=DataAccessor,Type=EAS.Data.Access.DataAccessor,EAS.Data
	Key=DbProvider,Type=EAS.Data.Access.SqlClientDbProvider,EAS.Data
	Key=TSqlLanguage,Type=EAS.Data.Linq.TSqlLanguage,EAS.Data
	Key=Logger,Type=EAS.Loggers.TextLogger,EAS.MicroKernel
	Key=OrmAccessor,Type=EAS.Data.ORM.OrmAccessor,EAS.Data

2014-11-19 16:18:16==>INFO :组件定义:
	Key=Serializer,Type=EAS.Serialization.BinarySerializer,EAS.MicroKernel
	Key=ServiceBridger,Type=EAS.Services.DirectServiceBridger,EAS.MicroKernel
	Key=DataAccessor,Type=EAS.Data.Access.DataAccessor,EAS.Data
	Key=DbProvider,Type=EAS.Data.Access.SqlClientDbProvider,EAS.Data
	Key=TSqlLanguage,Type=EAS.Data.Linq.TSqlLanguage,EAS.Data
	Key=Logger,Type=EAS.Loggers.TextLogger,EAS.MicroKernel
	Key=OrmAccessor,Type=EAS.Data.ORM.OrmAccessor,EAS.Data

2014-11-19 16:36:34==>INFO :组件定义:
	Key=Serializer,Type=EAS.Serialization.BinarySerializer,EAS.MicroKernel
	Key=ServiceBridger,Type=EAS.Services.DirectServiceBridger,EAS.MicroKernel
	Key=DataAccessor,Type=EAS.Data.Access.DataAccessor,EAS.Data
	Key=DbProvider,Type=EAS.Data.Access.SqlClientDbProvider,EAS.Data
	Key=TSqlLanguage,Type=EAS.Data.Linq.TSqlLanguage,EAS.Data
	Key=Logger,Type=EAS.Loggers.TextLogger,EAS.MicroKernel
	Key=OrmAccessor,Type=EAS.Data.ORM.OrmAccessor,EAS.Data

2014-11-19 16:41:37==>INFO :组件定义:
	Key=Serializer,Type=EAS.Serialization.BinarySerializer,EAS.MicroKernel
	Key=ServiceBridger,Type=EAS.Services.DirectServiceBridger,EAS.MicroKernel
	Key=DataAccessor,Type=EAS.Data.Access.DataAccessor,EAS.Data
	Key=DbProvider,Type=EAS.Data.Access.SqlClientDbProvider,EAS.Data
	Key=TSqlLanguage,Type=EAS.Data.Linq.TSqlLanguage,EAS.Data
	Key=Logger,Type=EAS.Loggers.TextLogger,EAS.MicroKernel
	Key=OrmAccessor,Type=EAS.Data.ORM.OrmAccessor,EAS.Data

2014-11-19 16:43:11==>INFO :组件定义:
	Key=Serializer,Type=EAS.Serialization.BinarySerializer,EAS.MicroKernel
	Key=ServiceBridger,Type=EAS.Services.DirectServiceBridger,EAS.MicroKernel
	Key=DataAccessor,Type=EAS.Data.Access.DataAccessor,EAS.Data
	Key=DbProvider,Type=EAS.Data.Access.SqlClientDbProvider,EAS.Data
	Key=TSqlLanguage,Type=EAS.Data.Linq.TSqlLanguage,EAS.Data
	Key=Logger,Type=EAS.Loggers.TextLogger,EAS.MicroKernel
	Key=OrmAccessor,Type=EAS.Data.ORM.OrmAccessor,EAS.Data

2014-11-19 16:50:29==>INFO :组件定义:
	Key=Serializer,Type=EAS.Serialization.BinarySerializer,EAS.MicroKernel
	Key=ServiceBridger,Type=EAS.Services.DirectServiceBridger,EAS.MicroKernel
	Key=DataAccessor,Type=EAS.Data.Access.DataAccessor,EAS.Data
	Key=DbProvider,Type=EAS.Data.Access.SqlClientDbProvider,EAS.Data
	Key=TSqlLanguage,Type=EAS.Data.Linq.TSqlLanguage,EAS.Data
	Key=Logger,Type=EAS.Loggers.TextLogger,EAS.MicroKernel
	Key=OrmAccessor,Type=EAS.Data.ORM.OrmAccessor,EAS.Data

2014-11-19 21:43:05==>INFO :组件定义:
	Key=Serializer,Type=EAS.Serialization.BinarySerializer,EAS.MicroKernel
	Key=ServiceBridger,Type=EAS.Services.DirectServiceBridger,EAS.MicroKernel
	Key=DataAccessor,Type=EAS.Data.Access.DataAccessor,EAS.Data
	Key=DbProvider,Type=EAS.Data.Access.SqlClientDbProvider,EAS.Data
	Key=TSqlLanguage,Type=EAS.Data.Linq.TSqlLanguage,EAS.Data
	Key=Logger,Type=EAS.Loggers.TextLogger,EAS.MicroKernel
	Key=OrmAccessor,Type=EAS.Data.ORM.OrmAccessor,EAS.Data

2014-11-19 21:43:26==>INFO :组件定义:
	Key=ServiceBridger,Type=EAS.Services.DirectServiceBridger,EAS.MicroKernel
	Key=DbProvider,Type=EAS.Data.Access.SqlClientDbProvider,EAS.Data
	Key=DataAccessor,Type=EAS.Data.Access.DataAccessor,EAS.Data
	Key=OrmAccessor,Type=EAS.Data.ORM.OrmAccessor,EAS.Data
	Key=TSqlLanguage,Type=EAS.Data.Linq.TSqlLanguage,EAS.Data
	Key=Logger,Type=EAS.Loggers.TextLogger,EAS.MicroKernel
	Key=EAS.Services.TimeService,Type=EAS.Services.TimeService,EAS.MicroKernel
	Key=EAS.Data.ORM.OrmAccessor,Type=EAS.Data.ORM.OrmAccessor,EAS.Data
	Key=EAS.Data.Caching.CacheService,Type=EAS.Data.Caching.CacheService,EAS.Data
	Key=EAS.Data.DataService,Type=EAS.Data.DataService,EAS.Data
	Key=EAS.BPM.BLL.WorkflowService,Type=EAS.BPM.BLL.WorkflowService,EAS.BPM.BLL.Host
	Key=EAS.Explorer.BLL.NavigationService,Type=EAS.Explorer.BLL.NavigationService,EAS.Explorer.BLL.Host
	Key=EAS.Reporting.ReportService,Type=EAS.Reporting.ReportService,EAS.Explorer.BLL.Host
	Key=EAS.Explorer.BLL.LogService,Type=EAS.Explorer.BLL.LogService,EAS.Explorer.BLL.Host
	Key=EAS.Explorer.BLL.InputDictService,Type=EAS.Explorer.BLL.InputDictService,EAS.Explorer.BLL.Host
	Key=EAS.Explorer.BLL.DesktopService,Type=EAS.Explorer.BLL.DesktopService,EAS.Explorer.BLL.Host
	Key=EAS.Explorer.BLL.ReportService,Type=EAS.Explorer.BLL.ReportService,EAS.Explorer.BLL.Host
	Key=EAS.Explorer.BLL.AppSettingService,Type=EAS.Explorer.BLL.AppSettingService,EAS.Explorer.BLL.Host
	Key=EAS.Explorer.BLL.PackageService,Type=EAS.Explorer.BLL.PackageService,EAS.Explorer.BLL.Host
	Key=EAS.Explorer.BLL.BugService,Type=EAS.Explorer.BLL.BugService,EAS.Explorer.BLL.Host
	Key=EAS.Explorer.BLL.ACLService,Type=EAS.Explorer.BLL.ACLService,EAS.Explorer.BLL.Host
	Key=EAS.Explorer.BLL.ReportManageService,Type=EAS.Explorer.BLL.ReportManageService,EAS.Explorer.BLL.Host
	Key=EAS.Explorer.BLL.ModuleService,Type=EAS.Explorer.BLL.ModuleService,EAS.Explorer.BLL.Host
	Key=EAS.Explorer.BLL.RoleService,Type=EAS.Explorer.BLL.RoleService,EAS.Explorer.BLL.Host
	Key=EAS.Explorer.BLL.LuaService,Type=EAS.Explorer.BLL.LuaService,EAS.Explorer.BLL.Host
	Key=EAS.Explorer.BLL.AccountService,Type=EAS.Explorer.BLL.AccountService,EAS.Explorer.BLL.Host
	Key=EAS.Explorer.BLL.LoginService,Type=EAS.Explorer.BLL.LoginService,EAS.Explorer.BLL.Host
	Key=EAS.Explorer.BLL.GroupService,Type=EAS.Explorer.BLL.GroupService,EAS.Explorer.BLL.Host
	Key=EAS.Monitor.MonitorService,Type=EAS.Monitor.MonitorService,EAS.SOA.BootStrap

2014-11-19 21:44:29==>INFO :组件定义:
	Key=Serializer,Type=EAS.Serialization.BinarySerializer,EAS.MicroKernel
	Key=ServiceBridger,Type=EAS.Services.DirectServiceBridger,EAS.MicroKernel
	Key=DataAccessor,Type=EAS.Data.Access.DataAccessor,EAS.Data
	Key=DbProvider,Type=EAS.Data.Access.SqlClientDbProvider,EAS.Data
	Key=TSqlLanguage,Type=EAS.Data.Linq.TSqlLanguage,EAS.Data
	Key=Logger,Type=EAS.Loggers.TextLogger,EAS.MicroKernel
	Key=OrmAccessor,Type=EAS.Data.ORM.OrmAccessor,EAS.Data

2014-11-19 21:44:49==>INFO :组件定义:
	Key=ServiceBridger,Type=EAS.Services.DirectServiceBridger,EAS.MicroKernel
	Key=DbProvider,Type=EAS.Data.Access.SqlClientDbProvider,EAS.Data
	Key=DataAccessor,Type=EAS.Data.Access.DataAccessor,EAS.Data
	Key=OrmAccessor,Type=EAS.Data.ORM.OrmAccessor,EAS.Data
	Key=TSqlLanguage,Type=EAS.Data.Linq.TSqlLanguage,EAS.Data
	Key=Logger,Type=EAS.Loggers.TextLogger,EAS.MicroKernel
	Key=EAS.Services.TimeService,Type=EAS.Services.TimeService,EAS.MicroKernel
	Key=EAS.Data.ORM.OrmAccessor,Type=EAS.Data.ORM.OrmAccessor,EAS.Data
	Key=EAS.Data.Caching.CacheService,Type=EAS.Data.Caching.CacheService,EAS.Data
	Key=EAS.Data.DataService,Type=EAS.Data.DataService,EAS.Data
	Key=EAS.BPM.BLL.WorkflowService,Type=EAS.BPM.BLL.WorkflowService,EAS.BPM.BLL.Host
	Key=EAS.Explorer.BLL.NavigationService,Type=EAS.Explorer.BLL.NavigationService,EAS.Explorer.BLL.Host
	Key=EAS.Reporting.ReportService,Type=EAS.Reporting.ReportService,EAS.Explorer.BLL.Host
	Key=EAS.Explorer.BLL.LogService,Type=EAS.Explorer.BLL.LogService,EAS.Explorer.BLL.Host
	Key=EAS.Explorer.BLL.InputDictService,Type=EAS.Explorer.BLL.InputDictService,EAS.Explorer.BLL.Host
	Key=EAS.Explorer.BLL.DesktopService,Type=EAS.Explorer.BLL.DesktopService,EAS.Explorer.BLL.Host
	Key=EAS.Explorer.BLL.ReportService,Type=EAS.Explorer.BLL.ReportService,EAS.Explorer.BLL.Host
	Key=EAS.Explorer.BLL.AppSettingService,Type=EAS.Explorer.BLL.AppSettingService,EAS.Explorer.BLL.Host
	Key=EAS.Explorer.BLL.PackageService,Type=EAS.Explorer.BLL.PackageService,EAS.Explorer.BLL.Host
	Key=EAS.Explorer.BLL.BugService,Type=EAS.Explorer.BLL.BugService,EAS.Explorer.BLL.Host
	Key=EAS.Explorer.BLL.ACLService,Type=EAS.Explorer.BLL.ACLService,EAS.Explorer.BLL.Host
	Key=EAS.Explorer.BLL.ReportManageService,Type=EAS.Explorer.BLL.ReportManageService,EAS.Explorer.BLL.Host
	Key=EAS.Explorer.BLL.ModuleService,Type=EAS.Explorer.BLL.ModuleService,EAS.Explorer.BLL.Host
	Key=EAS.Explorer.BLL.RoleService,Type=EAS.Explorer.BLL.RoleService,EAS.Explorer.BLL.Host
	Key=EAS.Explorer.BLL.LuaService,Type=EAS.Explorer.BLL.LuaService,EAS.Explorer.BLL.Host
	Key=EAS.Explorer.BLL.AccountService,Type=EAS.Explorer.BLL.AccountService,EAS.Explorer.BLL.Host
	Key=EAS.Explorer.BLL.LoginService,Type=EAS.Explorer.BLL.LoginService,EAS.Explorer.BLL.Host
	Key=EAS.Explorer.BLL.GroupService,Type=EAS.Explorer.BLL.GroupService,EAS.Explorer.BLL.Host
	Key=EAS.Monitor.MonitorService,Type=EAS.Monitor.MonitorService,EAS.SOA.BootStrap

2014-11-19 21:46:30==>INFO :组件定义:
	Key=Serializer,Type=EAS.Serialization.BinarySerializer,EAS.MicroKernel
	Key=ServiceBridger,Type=EAS.Services.DirectServiceBridger,EAS.MicroKernel
	Key=DataAccessor,Type=EAS.Data.Access.DataAccessor,EAS.Data
	Key=DbProvider,Type=EAS.Data.Access.SqlClientDbProvider,EAS.Data
	Key=TSqlLanguage,Type=EAS.Data.Linq.TSqlLanguage,EAS.Data
	Key=Logger,Type=EAS.Loggers.TextLogger,EAS.MicroKernel
	Key=OrmAccessor,Type=EAS.Data.ORM.OrmAccessor,EAS.Data

2014-11-19 21:46:47==>INFO :组件定义:
	Key=ServiceBridger,Type=EAS.Services.DirectServiceBridger,EAS.MicroKernel
	Key=DbProvider,Type=EAS.Data.Access.SqlClientDbProvider,EAS.Data
	Key=DataAccessor,Type=EAS.Data.Access.DataAccessor,EAS.Data
	Key=OrmAccessor,Type=EAS.Data.ORM.OrmAccessor,EAS.Data
	Key=TSqlLanguage,Type=EAS.Data.Linq.TSqlLanguage,EAS.Data
	Key=Logger,Type=EAS.Loggers.TextLogger,EAS.MicroKernel
	Key=EAS.Services.TimeService,Type=EAS.Services.TimeService,EAS.MicroKernel
	Key=EAS.Data.ORM.OrmAccessor,Type=EAS.Data.ORM.OrmAccessor,EAS.Data
	Key=EAS.Data.Caching.CacheService,Type=EAS.Data.Caching.CacheService,EAS.Data
	Key=EAS.Data.DataService,Type=EAS.Data.DataService,EAS.Data
	Key=EAS.BPM.BLL.WorkflowService,Type=EAS.BPM.BLL.WorkflowService,EAS.BPM.BLL.Host
	Key=EAS.Explorer.BLL.NavigationService,Type=EAS.Explorer.BLL.NavigationService,EAS.Explorer.BLL.Host
	Key=EAS.Reporting.ReportService,Type=EAS.Reporting.ReportService,EAS.Explorer.BLL.Host
	Key=EAS.Explorer.BLL.LogService,Type=EAS.Explorer.BLL.LogService,EAS.Explorer.BLL.Host
	Key=EAS.Explorer.BLL.InputDictService,Type=EAS.Explorer.BLL.InputDictService,EAS.Explorer.BLL.Host
	Key=EAS.Explorer.BLL.DesktopService,Type=EAS.Explorer.BLL.DesktopService,EAS.Explorer.BLL.Host
	Key=EAS.Explorer.BLL.ReportService,Type=EAS.Explorer.BLL.ReportService,EAS.Explorer.BLL.Host
	Key=EAS.Explorer.BLL.AppSettingService,Type=EAS.Explorer.BLL.AppSettingService,EAS.Explorer.BLL.Host
	Key=EAS.Explorer.BLL.PackageService,Type=EAS.Explorer.BLL.PackageService,EAS.Explorer.BLL.Host
	Key=EAS.Explorer.BLL.BugService,Type=EAS.Explorer.BLL.BugService,EAS.Explorer.BLL.Host
	Key=EAS.Explorer.BLL.ACLService,Type=EAS.Explorer.BLL.ACLService,EAS.Explorer.BLL.Host
	Key=EAS.Explorer.BLL.ReportManageService,Type=EAS.Explorer.BLL.ReportManageService,EAS.Explorer.BLL.Host
	Key=EAS.Explorer.BLL.ModuleService,Type=EAS.Explorer.BLL.ModuleService,EAS.Explorer.BLL.Host
	Key=EAS.Explorer.BLL.RoleService,Type=EAS.Explorer.BLL.RoleService,EAS.Explorer.BLL.Host
	Key=EAS.Explorer.BLL.LuaService,Type=EAS.Explorer.BLL.LuaService,EAS.Explorer.BLL.Host
	Key=EAS.Explorer.BLL.AccountService,Type=EAS.Explorer.BLL.AccountService,EAS.Explorer.BLL.Host
	Key=EAS.Explorer.BLL.LoginService,Type=EAS.Explorer.BLL.LoginService,EAS.Explorer.BLL.Host
	Key=EAS.Explorer.BLL.GroupService,Type=EAS.Explorer.BLL.GroupService,EAS.Explorer.BLL.Host
	Key=EAS.Monitor.MonitorService,Type=EAS.Monitor.MonitorService,EAS.SOA.BootStrap

2014-11-19 21:49:37==>INFO :组件定义:
	Key=Serializer,Type=EAS.Serialization.BinarySerializer,EAS.MicroKernel
	Key=ServiceBridger,Type=EAS.Services.DirectServiceBridger,EAS.MicroKernel
	Key=DataAccessor,Type=EAS.Data.Access.DataAccessor,EAS.Data
	Key=DbProvider,Type=EAS.Data.Access.SqlClientDbProvider,EAS.Data
	Key=TSqlLanguage,Type=EAS.Data.Linq.TSqlLanguage,EAS.Data
	Key=Logger,Type=EAS.Loggers.TextLogger,EAS.MicroKernel
	Key=OrmAccessor,Type=EAS.Data.ORM.OrmAccessor,EAS.Data

2014-11-19 21:50:00==>INFO :组件定义:
	Key=ServiceBridger,Type=EAS.Services.DirectServiceBridger,EAS.MicroKernel
	Key=DbProvider,Type=EAS.Data.Access.SqlClientDbProvider,EAS.Data
	Key=DataAccessor,Type=EAS.Data.Access.DataAccessor,EAS.Data
	Key=OrmAccessor,Type=EAS.Data.ORM.OrmAccessor,EAS.Data
	Key=TSqlLanguage,Type=EAS.Data.Linq.TSqlLanguage,EAS.Data
	Key=Logger,Type=EAS.Loggers.TextLogger,EAS.MicroKernel
	Key=EAS.Services.TimeService,Type=EAS.Services.TimeService,EAS.MicroKernel
	Key=EAS.Data.ORM.OrmAccessor,Type=EAS.Data.ORM.OrmAccessor,EAS.Data
	Key=EAS.Data.Caching.CacheService,Type=EAS.Data.Caching.CacheService,EAS.Data
	Key=EAS.Data.DataService,Type=EAS.Data.DataService,EAS.Data
	Key=EAS.BPM.BLL.WorkflowService,Type=EAS.BPM.BLL.WorkflowService,EAS.BPM.BLL.Host
	Key=EAS.Explorer.BLL.NavigationService,Type=EAS.Explorer.BLL.NavigationService,EAS.Explorer.BLL.Host
	Key=EAS.Reporting.ReportService,Type=EAS.Reporting.ReportService,EAS.Explorer.BLL.Host
	Key=EAS.Explorer.BLL.LogService,Type=EAS.Explorer.BLL.LogService,EAS.Explorer.BLL.Host
	Key=EAS.Explorer.BLL.InputDictService,Type=EAS.Explorer.BLL.InputDictService,EAS.Explorer.BLL.Host
	Key=EAS.Explorer.BLL.DesktopService,Type=EAS.Explorer.BLL.DesktopService,EAS.Explorer.BLL.Host
	Key=EAS.Explorer.BLL.ReportService,Type=EAS.Explorer.BLL.ReportService,EAS.Explorer.BLL.Host
	Key=EAS.Explorer.BLL.AppSettingService,Type=EAS.Explorer.BLL.AppSettingService,EAS.Explorer.BLL.Host
	Key=EAS.Explorer.BLL.PackageService,Type=EAS.Explorer.BLL.PackageService,EAS.Explorer.BLL.Host
	Key=EAS.Explorer.BLL.BugService,Type=EAS.Explorer.BLL.BugService,EAS.Explorer.BLL.Host
	Key=EAS.Explorer.BLL.ACLService,Type=EAS.Explorer.BLL.ACLService,EAS.Explorer.BLL.Host
	Key=EAS.Explorer.BLL.ReportManageService,Type=EAS.Explorer.BLL.ReportManageService,EAS.Explorer.BLL.Host
	Key=EAS.Explorer.BLL.ModuleService,Type=EAS.Explorer.BLL.ModuleService,EAS.Explorer.BLL.Host
	Key=EAS.Explorer.BLL.RoleService,Type=EAS.Explorer.BLL.RoleService,EAS.Explorer.BLL.Host
	Key=EAS.Explorer.BLL.LuaService,Type=EAS.Explorer.BLL.LuaService,EAS.Explorer.BLL.Host
	Key=EAS.Explorer.BLL.AccountService,Type=EAS.Explorer.BLL.AccountService,EAS.Explorer.BLL.Host
	Key=EAS.Explorer.BLL.LoginService,Type=EAS.Explorer.BLL.LoginService,EAS.Explorer.BLL.Host
	Key=EAS.Explorer.BLL.GroupService,Type=EAS.Explorer.BLL.GroupService,EAS.Explorer.BLL.Host
	Key=EAS.Monitor.MonitorService,Type=EAS.Monitor.MonitorService,EAS.SOA.BootStrap

