2014-12-23 09:13:45==>INFO :组件定义:
	Key=Serializer,Type=EAS.Serialization.BinarySerializer,EAS.MicroKernel
	Key=ServiceBridger,Type=EAS.Services.DirectServiceBridger,EAS.MicroKernel
	Key=DataAccessor,Type=EAS.Data.Access.DataAccessor,EAS.Data
	Key=DbProvider,Type=EAS.Data.Access.SqlClientDbProvider,EAS.Data
	Key=TSqlLanguage,Type=EAS.Data.Linq.TSqlLanguage,EAS.Data
	Key=Logger,Type=EAS.Loggers.TextLogger,EAS.MicroKernel
	Key=OrmAccessor,Type=EAS.Data.ORM.OrmAccessor,EAS.Data

2014-12-23 09:17:50==>INFO :组件定义:
	Key=Serializer,Type=EAS.Serialization.BinarySerializer,EAS.MicroKernel
	Key=ServiceBridger,Type=EAS.Services.DirectServiceBridger,EAS.MicroKernel
	Key=DataAccessor,Type=EAS.Data.Access.DataAccessor,EAS.Data
	Key=DbProvider,Type=EAS.Data.Access.SqlClientDbProvider,EAS.Data
	Key=TSqlLanguage,Type=EAS.Data.Linq.TSqlLanguage,EAS.Data
	Key=Logger,Type=EAS.Loggers.TextLogger,EAS.MicroKernel
	Key=OrmAccessor,Type=EAS.Data.ORM.OrmAccessor,EAS.Data

2014-12-23 09:20:20==>INFO :组件定义:
	Key=Serializer,Type=EAS.Serialization.BinarySerializer,EAS.MicroKernel
	Key=ServiceBridger,Type=EAS.Services.DirectServiceBridger,EAS.MicroKernel
	Key=DataAccessor,Type=EAS.Data.Access.DataAccessor,EAS.Data
	Key=DbProvider,Type=EAS.Data.Access.SqlClientDbProvider,EAS.Data
	Key=TSqlLanguage,Type=EAS.Data.Linq.TSqlLanguage,EAS.Data
	Key=Logger,Type=EAS.Loggers.TextLogger,EAS.MicroKernel
	Key=OrmAccessor,Type=EAS.Data.ORM.OrmAccessor,EAS.Data

2014-12-23 09:24:31==>INFO :组件定义:
	Key=Serializer,Type=EAS.Serialization.BinarySerializer,EAS.MicroKernel
	Key=ServiceBridger,Type=EAS.Services.DirectServiceBridger,EAS.MicroKernel
	Key=DataAccessor,Type=EAS.Data.Access.DataAccessor,EAS.Data
	Key=DbProvider,Type=EAS.Data.Access.SqlClientDbProvider,EAS.Data
	Key=TSqlLanguage,Type=EAS.Data.Linq.TSqlLanguage,EAS.Data
	Key=Logger,Type=EAS.Loggers.TextLogger,EAS.MicroKernel
	Key=OrmAccessor,Type=EAS.Data.ORM.OrmAccessor,EAS.Data

2014-12-23 10:10:23==>INFO :组件定义:
	Key=Serializer,Type=EAS.Serialization.BinarySerializer,EAS.MicroKernel
	Key=ServiceBridger,Type=EAS.Services.DirectServiceBridger,EAS.MicroKernel
	Key=DataAccessor,Type=EAS.Data.Access.DataAccessor,EAS.Data
	Key=DbProvider,Type=EAS.Data.Access.SqlClientDbProvider,EAS.Data
	Key=TSqlLanguage,Type=EAS.Data.Linq.TSqlLanguage,EAS.Data
	Key=Logger,Type=EAS.Loggers.TextLogger,EAS.MicroKernel
	Key=OrmAccessor,Type=EAS.Data.ORM.OrmAccessor,EAS.Data

2014-12-23 10:16:36==>INFO :组件定义:
	Key=Serializer,Type=EAS.Serialization.BinarySerializer,EAS.MicroKernel
	Key=ServiceBridger,Type=EAS.Services.DirectServiceBridger,EAS.MicroKernel
	Key=DataAccessor,Type=EAS.Data.Access.DataAccessor,EAS.Data
	Key=DbProvider,Type=EAS.Data.Access.SqlClientDbProvider,EAS.Data
	Key=TSqlLanguage,Type=EAS.Data.Linq.TSqlLanguage,EAS.Data
	Key=Logger,Type=EAS.Loggers.TextLogger,EAS.MicroKernel
	Key=OrmAccessor,Type=EAS.Data.ORM.OrmAccessor,EAS.Data

2014-12-23 10:44:58==>INFO :组件定义:
	Key=Serializer,Type=EAS.Serialization.BinarySerializer,EAS.MicroKernel
	Key=ServiceBridger,Type=EAS.Services.DirectServiceBridger,EAS.MicroKernel
	Key=DataAccessor,Type=EAS.Data.Access.DataAccessor,EAS.Data
	Key=DbProvider,Type=EAS.Data.Access.SqlClientDbProvider,EAS.Data
	Key=TSqlLanguage,Type=EAS.Data.Linq.TSqlLanguage,EAS.Data
	Key=Logger,Type=EAS.Loggers.TextLogger,EAS.MicroKernel
	Key=OrmAccessor,Type=EAS.Data.ORM.OrmAccessor,EAS.Data

2014-12-23 11:37:28==>INFO :组件定义:
	Key=Serializer,Type=EAS.Serialization.BinarySerializer,EAS.MicroKernel
	Key=ServiceBridger,Type=EAS.Services.DirectServiceBridger,EAS.MicroKernel
	Key=DataAccessor,Type=EAS.Data.Access.DataAccessor,EAS.Data
	Key=DbProvider,Type=EAS.Data.Access.SqlClientDbProvider,EAS.Data
	Key=TSqlLanguage,Type=EAS.Data.Linq.TSqlLanguage,EAS.Data
	Key=Logger,Type=EAS.Loggers.TextLogger,EAS.MicroKernel
	Key=OrmAccessor,Type=EAS.Data.ORM.OrmAccessor,EAS.Data

2014-12-23 14:57:18==>INFO :组件定义:
	Key=Serializer,Type=EAS.Serialization.BinarySerializer,EAS.MicroKernel
	Key=ServiceBridger,Type=EAS.Services.DirectServiceBridger,EAS.MicroKernel
	Key=DataAccessor,Type=EAS.Data.Access.DataAccessor,EAS.Data
	Key=DbProvider,Type=EAS.Data.Access.SqlClientDbProvider,EAS.Data
	Key=TSqlLanguage,Type=EAS.Data.Linq.TSqlLanguage,EAS.Data
	Key=Logger,Type=EAS.Loggers.TextLogger,EAS.MicroKernel
	Key=OrmAccessor,Type=EAS.Data.ORM.OrmAccessor,EAS.Data

2014-12-23 15:52:27==>INFO :组件定义:
	Key=Serializer,Type=EAS.Serialization.BinarySerializer,EAS.MicroKernel
	Key=ServiceBridger,Type=EAS.Services.DirectServiceBridger,EAS.MicroKernel
	Key=DataAccessor,Type=EAS.Data.Access.DataAccessor,EAS.Data
	Key=DbProvider,Type=EAS.Data.Access.SqlClientDbProvider,EAS.Data
	Key=TSqlLanguage,Type=EAS.Data.Linq.TSqlLanguage,EAS.Data
	Key=Logger,Type=EAS.Loggers.TextLogger,EAS.MicroKernel
	Key=OrmAccessor,Type=EAS.Data.ORM.OrmAccessor,EAS.Data

2014-12-23 15:57:30==>INFO :组件定义:
	Key=Serializer,Type=EAS.Serialization.BinarySerializer,EAS.MicroKernel
	Key=ServiceBridger,Type=EAS.Services.DirectServiceBridger,EAS.MicroKernel
	Key=DataAccessor,Type=EAS.Data.Access.DataAccessor,EAS.Data
	Key=DbProvider,Type=EAS.Data.Access.SqlClientDbProvider,EAS.Data
	Key=TSqlLanguage,Type=EAS.Data.Linq.TSqlLanguage,EAS.Data
	Key=Logger,Type=EAS.Loggers.TextLogger,EAS.MicroKernel
	Key=OrmAccessor,Type=EAS.Data.ORM.OrmAccessor,EAS.Data

2014-12-23 15:59:09==>INFO :组件定义:
	Key=Serializer,Type=EAS.Serialization.BinarySerializer,EAS.MicroKernel
	Key=ServiceBridger,Type=EAS.Services.DirectServiceBridger,EAS.MicroKernel
	Key=DataAccessor,Type=EAS.Data.Access.DataAccessor,EAS.Data
	Key=DbProvider,Type=EAS.Data.Access.SqlClientDbProvider,EAS.Data
	Key=TSqlLanguage,Type=EAS.Data.Linq.TSqlLanguage,EAS.Data
	Key=Logger,Type=EAS.Loggers.TextLogger,EAS.MicroKernel
	Key=OrmAccessor,Type=EAS.Data.ORM.OrmAccessor,EAS.Data

2014-12-23 16:05:17==>INFO :组件定义:
	Key=Serializer,Type=EAS.Serialization.BinarySerializer,EAS.MicroKernel
	Key=ServiceBridger,Type=EAS.Services.DirectServiceBridger,EAS.MicroKernel
	Key=DataAccessor,Type=EAS.Data.Access.DataAccessor,EAS.Data
	Key=DbProvider,Type=EAS.Data.Access.SqlClientDbProvider,EAS.Data
	Key=TSqlLanguage,Type=EAS.Data.Linq.TSqlLanguage,EAS.Data
	Key=Logger,Type=EAS.Loggers.TextLogger,EAS.MicroKernel
	Key=OrmAccessor,Type=EAS.Data.ORM.OrmAccessor,EAS.Data

2014-12-23 17:12:33==>INFO :组件定义:
	Key=Serializer,Type=EAS.Serialization.BinarySerializer,EAS.MicroKernel
	Key=ServiceBridger,Type=EAS.Services.DirectServiceBridger,EAS.MicroKernel
	Key=DataAccessor,Type=EAS.Data.Access.DataAccessor,EAS.Data
	Key=DbProvider,Type=EAS.Data.Access.SqlClientDbProvider,EAS.Data
	Key=TSqlLanguage,Type=EAS.Data.Linq.TSqlLanguage,EAS.Data
	Key=Logger,Type=EAS.Loggers.TextLogger,EAS.MicroKernel
	Key=OrmAccessor,Type=EAS.Data.ORM.OrmAccessor,EAS.Data

2014-12-23 17:17:22==>INFO :组件定义:
	Key=Serializer,Type=EAS.Serialization.BinarySerializer,EAS.MicroKernel
	Key=ServiceBridger,Type=EAS.Services.DirectServiceBridger,EAS.MicroKernel
	Key=DataAccessor,Type=EAS.Data.Access.DataAccessor,EAS.Data
	Key=DbProvider,Type=EAS.Data.Access.SqlClientDbProvider,EAS.Data
	Key=TSqlLanguage,Type=EAS.Data.Linq.TSqlLanguage,EAS.Data
	Key=Logger,Type=EAS.Loggers.TextLogger,EAS.MicroKernel
	Key=OrmAccessor,Type=EAS.Data.ORM.OrmAccessor,EAS.Data

