2015-07-03 11:11:37==>INFO :组件定义:
	Key=EAS.Explorer.Resource,Type=Gas_test2.Res.Resources,Gas_test2.Res
	Key=Serializer,Type=EAS.Serialization.BinarySerializer,EAS.MicroKernel
	Key=ServiceBridger,Type=EAS.Services.DirectServiceBridger,EAS.MicroKernel
	Key=DataAccessor,Type=EAS.Data.Access.DataAccessor,EAS.Data
	Key=DbProvider,Type=EAS.Data.Access.SqlClientDbProvider,EAS.Data
	Key=TSqlLanguage,Type=EAS.Data.Linq.TSqlLanguage,EAS.Data
	Key=Logger,Type=EAS.Loggers.TextLogger,EAS.MicroKernel
	Key=OrmAccessor,Type=EAS.Data.ORM.OrmAccessor,EAS.Data

2015-07-03 11:11:44==>INFO :组件定义:
	Key=EAS.Explorer.Resource,Type=Gas_test2.Res.Resources,Gas_test2.Res
	Key=Serializer,Type=EAS.Serialization.BinarySerializer,EAS.MicroKernel
	Key=ServiceBridger,Type=EAS.Services.DirectServiceBridger,EAS.MicroKernel
	Key=DataAccessor,Type=EAS.Data.Access.DataAccessor,EAS.Data
	Key=DbProvider,Type=EAS.Data.Access.SqlClientDbProvider,EAS.Data
	Key=TSqlLanguage,Type=EAS.Data.Linq.TSqlLanguage,EAS.Data
	Key=Logger,Type=EAS.Loggers.TextLogger,EAS.MicroKernel
	Key=OrmAccessor,Type=EAS.Data.ORM.OrmAccessor,EAS.Data

2015-07-03 11:24:39==>INFO :组件定义:
	Key=EAS.Explorer.Resource,Type=Gas_test2.Res.Resources,Gas_test2.Res
	Key=Serializer,Type=EAS.Serialization.BinarySerializer,EAS.MicroKernel
	Key=ServiceBridger,Type=EAS.Services.DirectServiceBridger,EAS.MicroKernel
	Key=DataAccessor,Type=EAS.Data.Access.DataAccessor,EAS.Data
	Key=DbProvider,Type=EAS.Data.Access.SqlClientDbProvider,EAS.Data
	Key=TSqlLanguage,Type=EAS.Data.Linq.TSqlLanguage,EAS.Data
	Key=Logger,Type=EAS.Loggers.TextLogger,EAS.MicroKernel
	Key=OrmAccessor,Type=EAS.Data.ORM.OrmAccessor,EAS.Data

2015-07-03 11:30:53==>INFO :组件定义:
	Key=EAS.Explorer.Resource,Type=Gas_test2.Res.Resources,Gas_test2.Res
	Key=Serializer,Type=EAS.Serialization.BinarySerializer,EAS.MicroKernel
	Key=ServiceBridger,Type=EAS.Services.DirectServiceBridger,EAS.MicroKernel
	Key=DataAccessor,Type=EAS.Data.Access.DataAccessor,EAS.Data
	Key=DbProvider,Type=EAS.Data.Access.SqlClientDbProvider,EAS.Data
	Key=TSqlLanguage,Type=EAS.Data.Linq.TSqlLanguage,EAS.Data
	Key=Logger,Type=EAS.Loggers.TextLogger,EAS.MicroKernel
	Key=OrmAccessor,Type=EAS.Data.ORM.OrmAccessor,EAS.Data

2015-07-03 11:30:57==>INFO :组件定义:
	Key=EAS.Explorer.Resource,Type=Gas_test2.Res.Resources,Gas_test2.Res
	Key=Serializer,Type=EAS.Serialization.BinarySerializer,EAS.MicroKernel
	Key=ServiceBridger,Type=EAS.Services.DirectServiceBridger,EAS.MicroKernel
	Key=DataAccessor,Type=EAS.Data.Access.DataAccessor,EAS.Data
	Key=DbProvider,Type=EAS.Data.Access.SqlClientDbProvider,EAS.Data
	Key=TSqlLanguage,Type=EAS.Data.Linq.TSqlLanguage,EAS.Data
	Key=Logger,Type=EAS.Loggers.TextLogger,EAS.MicroKernel
	Key=OrmAccessor,Type=EAS.Data.ORM.OrmAccessor,EAS.Data

2015-07-03 11:33:29==>INFO :组件定义:
	Key=EAS.Explorer.Resource,Type=Gas_test2.Res.Resources,Gas_test2.Res
	Key=Serializer,Type=EAS.Serialization.BinarySerializer,EAS.MicroKernel
	Key=ServiceBridger,Type=EAS.Services.DirectServiceBridger,EAS.MicroKernel
	Key=DataAccessor,Type=EAS.Data.Access.DataAccessor,EAS.Data
	Key=DbProvider,Type=EAS.Data.Access.SqlClientDbProvider,EAS.Data
	Key=TSqlLanguage,Type=EAS.Data.Linq.TSqlLanguage,EAS.Data
	Key=Logger,Type=EAS.Loggers.TextLogger,EAS.MicroKernel
	Key=OrmAccessor,Type=EAS.Data.ORM.OrmAccessor,EAS.Data

