2015-01-22 10:45:41==>INFO :组件定义:
	Key=EAS.Explorer.Resource,Type=Gas_test2.Res.Resources,Gas_test2.Res
	Key=Serializer,Type=EAS.Serialization.BinarySerializer,EAS.MicroKernel
	Key=ServiceBridger,Type=EAS.Services.DirectServiceBridger,EAS.MicroKernel
	Key=DataAccessor,Type=EAS.Data.Access.DataAccessor,EAS.Data
	Key=DbProvider,Type=EAS.Data.Access.SqlClientDbProvider,EAS.Data
	Key=TSqlLanguage,Type=EAS.Data.Linq.TSqlLanguage,EAS.Data
	Key=Logger,Type=EAS.Loggers.TextLogger,EAS.MicroKernel
	Key=OrmAccessor,Type=EAS.Data.ORM.OrmAccessor,EAS.Data

2015-01-22 10:47:04==>INFO :组件定义:
	Key=EAS.Explorer.Resource,Type=Gas_test2.Res.Resources,Gas_test2.Res
	Key=Serializer,Type=EAS.Serialization.BinarySerializer,EAS.MicroKernel
	Key=ServiceBridger,Type=EAS.Services.DirectServiceBridger,EAS.MicroKernel
	Key=DataAccessor,Type=EAS.Data.Access.DataAccessor,EAS.Data
	Key=DbProvider,Type=EAS.Data.Access.SqlClientDbProvider,EAS.Data
	Key=TSqlLanguage,Type=EAS.Data.Linq.TSqlLanguage,EAS.Data
	Key=Logger,Type=EAS.Loggers.TextLogger,EAS.MicroKernel
	Key=OrmAccessor,Type=EAS.Data.ORM.OrmAccessor,EAS.Data

2015-01-22 11:59:24==>INFO :组件定义:
	Key=EAS.Explorer.Resource,Type=Gas_test2.Res.Resources,Gas_test2.Res
	Key=Serializer,Type=EAS.Serialization.BinarySerializer,EAS.MicroKernel
	Key=ServiceBridger,Type=EAS.Services.DirectServiceBridger,EAS.MicroKernel
	Key=DataAccessor,Type=EAS.Data.Access.DataAccessor,EAS.Data
	Key=DbProvider,Type=EAS.Data.Access.SqlClientDbProvider,EAS.Data
	Key=TSqlLanguage,Type=EAS.Data.Linq.TSqlLanguage,EAS.Data
	Key=Logger,Type=EAS.Loggers.TextLogger,EAS.MicroKernel
	Key=OrmAccessor,Type=EAS.Data.ORM.OrmAccessor,EAS.Data

2015-01-22 11:59:58==>INFO :组件定义:
	Key=ServiceBridger,Type=EAS.Services.DirectServiceBridger,EAS.MicroKernel
	Key=DbProvider,Type=EAS.Data.Access.SqlClientDbProvider,EAS.Data
	Key=DataAccessor,Type=EAS.Data.Access.DataAccessor,EAS.Data
	Key=OrmAccessor,Type=EAS.Data.ORM.OrmAccessor,EAS.Data
	Key=TSqlLanguage,Type=EAS.Data.Linq.TSqlLanguage,EAS.Data
	Key=Logger,Type=EAS.Loggers.TextLogger,EAS.MicroKernel
	Key=EAS.Explorer.Resource,Type=Gas_test2.Res.Resources,Gas_test2.Res
	Key=EAS.Services.TimeService,Type=EAS.Services.TimeService,EAS.MicroKernel
	Key=EAS.Data.ORM.OrmAccessor,Type=EAS.Data.ORM.OrmAccessor,EAS.Data
	Key=EAS.Data.Caching.CacheService,Type=EAS.Data.Caching.CacheService,EAS.Data
	Key=EAS.Data.DataService,Type=EAS.Data.DataService,EAS.Data
	Key=EAS.BPM.BLL.WorkflowService,Type=EAS.BPM.BLL.WorkflowService,EAS.BPM.BLL.Host
	Key=EAS.Explorer.BLL.NavigationService,Type=EAS.Explorer.BLL.NavigationService,EAS.Explorer.BLL.Host
	Key=EAS.Reporting.ReportService,Type=EAS.Reporting.ReportService,EAS.Explorer.BLL.Host
	Key=EAS.Explorer.BLL.LogService,Type=EAS.Explorer.BLL.LogService,EAS.Explorer.BLL.Host
	Key=EAS.Explorer.BLL.InputDictService,Type=EAS.Explorer.BLL.InputDictService,EAS.Explorer.BLL.Host
	Key=EAS.Explorer.BLL.DesktopService,Type=EAS.Explorer.BLL.DesktopService,EAS.Explorer.BLL.Host
	Key=EAS.Explorer.BLL.ReportService,Type=EAS.Explorer.BLL.ReportService,EAS.Explorer.BLL.Host
	Key=EAS.Explorer.BLL.AppSettingService,Type=EAS.Explorer.BLL.AppSettingService,EAS.Explorer.BLL.Host
	Key=EAS.Explorer.BLL.PackageService,Type=EAS.Explorer.BLL.PackageService,EAS.Explorer.BLL.Host
	Key=EAS.Explorer.BLL.BugService,Type=EAS.Explorer.BLL.BugService,EAS.Explorer.BLL.Host
	Key=EAS.Explorer.BLL.ACLService,Type=EAS.Explorer.BLL.ACLService,EAS.Explorer.BLL.Host
	Key=EAS.Explorer.BLL.ReportManageService,Type=EAS.Explorer.BLL.ReportManageService,EAS.Explorer.BLL.Host
	Key=EAS.Explorer.BLL.ModuleService,Type=EAS.Explorer.BLL.ModuleService,EAS.Explorer.BLL.Host
	Key=EAS.Explorer.BLL.RoleService,Type=EAS.Explorer.BLL.RoleService,EAS.Explorer.BLL.Host
	Key=EAS.Explorer.BLL.LuaService,Type=EAS.Explorer.BLL.LuaService,EAS.Explorer.BLL.Host
	Key=EAS.Explorer.BLL.AccountService,Type=EAS.Explorer.BLL.AccountService,EAS.Explorer.BLL.Host
	Key=EAS.Explorer.BLL.LoginService,Type=EAS.Explorer.BLL.LoginService,EAS.Explorer.BLL.Host
	Key=EAS.Explorer.BLL.GroupService,Type=EAS.Explorer.BLL.GroupService,EAS.Explorer.BLL.Host
	Key=EAS.Monitor.MonitorService,Type=EAS.Monitor.MonitorService,EAS.SOA.BootStrap

2015-01-22 13:34:26==>INFO :组件定义:
	Key=EAS.Explorer.Resource,Type=Gas_test2.Res.Resources,Gas_test2.Res
	Key=Serializer,Type=EAS.Serialization.BinarySerializer,EAS.MicroKernel
	Key=ServiceBridger,Type=EAS.Services.DirectServiceBridger,EAS.MicroKernel
	Key=DataAccessor,Type=EAS.Data.Access.DataAccessor,EAS.Data
	Key=DbProvider,Type=EAS.Data.Access.SqlClientDbProvider,EAS.Data
	Key=TSqlLanguage,Type=EAS.Data.Linq.TSqlLanguage,EAS.Data
	Key=Logger,Type=EAS.Loggers.TextLogger,EAS.MicroKernel
	Key=OrmAccessor,Type=EAS.Data.ORM.OrmAccessor,EAS.Data

2015-01-22 13:59:08==>INFO :组件定义:
	Key=EAS.Explorer.Resource,Type=Gas_test2.Res.Resources,Gas_test2.Res
	Key=Serializer,Type=EAS.Serialization.BinarySerializer,EAS.MicroKernel
	Key=ServiceBridger,Type=EAS.Services.DirectServiceBridger,EAS.MicroKernel
	Key=DataAccessor,Type=EAS.Data.Access.DataAccessor,EAS.Data
	Key=DbProvider,Type=EAS.Data.Access.SqlClientDbProvider,EAS.Data
	Key=TSqlLanguage,Type=EAS.Data.Linq.TSqlLanguage,EAS.Data
	Key=Logger,Type=EAS.Loggers.TextLogger,EAS.MicroKernel
	Key=OrmAccessor,Type=EAS.Data.ORM.OrmAccessor,EAS.Data

2015-01-22 17:07:31==>INFO :组件定义:
	Key=EAS.Explorer.Resource,Type=Gas_test2.Res.Resources,Gas_test2.Res
	Key=Serializer,Type=EAS.Serialization.BinarySerializer,EAS.MicroKernel
	Key=ServiceBridger,Type=EAS.Services.DirectServiceBridger,EAS.MicroKernel
	Key=DataAccessor,Type=EAS.Data.Access.DataAccessor,EAS.Data
	Key=DbProvider,Type=EAS.Data.Access.SqlClientDbProvider,EAS.Data
	Key=TSqlLanguage,Type=EAS.Data.Linq.TSqlLanguage,EAS.Data
	Key=Logger,Type=EAS.Loggers.TextLogger,EAS.MicroKernel
	Key=OrmAccessor,Type=EAS.Data.ORM.OrmAccessor,EAS.Data

2015-01-22 17:09:34==>INFO :组件定义:
	Key=EAS.Explorer.Resource,Type=Gas_test2.Res.Resources,Gas_test2.Res
	Key=Serializer,Type=EAS.Serialization.BinarySerializer,EAS.MicroKernel
	Key=ServiceBridger,Type=EAS.Services.DirectServiceBridger,EAS.MicroKernel
	Key=DataAccessor,Type=EAS.Data.Access.DataAccessor,EAS.Data
	Key=DbProvider,Type=EAS.Data.Access.SqlClientDbProvider,EAS.Data
	Key=TSqlLanguage,Type=EAS.Data.Linq.TSqlLanguage,EAS.Data
	Key=Logger,Type=EAS.Loggers.TextLogger,EAS.MicroKernel
	Key=OrmAccessor,Type=EAS.Data.ORM.OrmAccessor,EAS.Data

2015-01-22 17:11:39==>INFO :组件定义:
	Key=EAS.Explorer.Resource,Type=Gas_test2.Res.Resources,Gas_test2.Res
	Key=Serializer,Type=EAS.Serialization.BinarySerializer,EAS.MicroKernel
	Key=ServiceBridger,Type=EAS.Services.DirectServiceBridger,EAS.MicroKernel
	Key=DataAccessor,Type=EAS.Data.Access.DataAccessor,EAS.Data
	Key=DbProvider,Type=EAS.Data.Access.SqlClientDbProvider,EAS.Data
	Key=TSqlLanguage,Type=EAS.Data.Linq.TSqlLanguage,EAS.Data
	Key=Logger,Type=EAS.Loggers.TextLogger,EAS.MicroKernel
	Key=OrmAccessor,Type=EAS.Data.ORM.OrmAccessor,EAS.Data

