2015-07-07 14:54:42==>INFO :请求更新缓存出错:EAS.Explorer.Entities.CacheItem
[类型]:Error
[线程]:1
[内存]:3.70M
[时间]:2015-07-07 14:54:42
[内容]:在与 SQL Server 建立连接时出现与网络相关的或特定于实例的错误。未找到或无法访问服务器。请验证实例名称是否正确并且 SQL Server 已配置为允许远程连接。 (provider: Named Pipes Provider, error: 40 - 无法打开到 SQL Server 的连接)
[来源]:.Net SqlClient Data Provider
[目标]:Void OnError(System.Data.SqlClient.SqlException, Boolean, System.Action`1[System.Action])
[堆栈]:   在 EAS.Services.DirectServiceBridger.InvokeMethod(Type serviceType, MethodBase method, Object[] args)
   在 eKaonkvffIvvyuTDpLB.X2caPfvDQI3nPHLO6f0.WPsIrN3mDo3ypOAntkM(Object , Type serviceType, Object , Object )
   在 eKaonkvffIvvyuTDpLB.X2caPfvDQI3nPHLO6f0.Intercept(IInvocation , Object[] args)
   在 rY5LbyvG3c6ADP1NSqw.M3Xnr9vQw8RB8fKTlog.Invoke(IMessage )
   在 System.Runtime.Remoting.Proxies.RealProxy.PrivateInvoke(MessageData& msgData, Int32 type)
   在 EAS.Data.Caching.ICacheService.GetData(String dataType, String updateProperty, DateTime updateTime, Guid sessionID)
   在 sIO8JPN1xigB2vPC13O.o9E4vsYzq2NBWagfQQT.pLJUJpm6ne()

[类型]:Error
[线程]:1
[内存]:3.73M
[时间]:2015-07-07 14:54:42
[内容]:系统找不到指定的文件。
[来源]:
[目标]:
[堆栈]:

2015-07-07 14:54:42==>INFO :请求更新缓存出错:EAS.Explorer.Entities.CacheItem
[类型]:Error
[线程]:6
[内存]:3.90M
[时间]:2015-07-07 14:54:42
[内容]:在与 SQL Server 建立连接时出现与网络相关的或特定于实例的错误。未找到或无法访问服务器。请验证实例名称是否正确并且 SQL Server 已配置为允许远程连接。 (provider: Named Pipes Provider, error: 40 - 无法打开到 SQL Server 的连接)
[来源]:.Net SqlClient Data Provider
[目标]:Boolean TryGetConnection(System.Data.Common.DbConnection, UInt32, Boolean, Boolean, System.Data.Common.DbConnectionOptions, System.Data.ProviderBase.DbConnectionInternal ByRef)
[堆栈]:   在 EAS.Services.DirectServiceBridger.InvokeMethod(Type serviceType, MethodBase method, Object[] args)
   在 eKaonkvffIvvyuTDpLB.X2caPfvDQI3nPHLO6f0.WPsIrN3mDo3ypOAntkM(Object , Type serviceType, Object , Object )
   在 eKaonkvffIvvyuTDpLB.X2caPfvDQI3nPHLO6f0.Intercept(IInvocation , Object[] args)
   在 rY5LbyvG3c6ADP1NSqw.M3Xnr9vQw8RB8fKTlog.Invoke(IMessage )
   在 System.Runtime.Remoting.Proxies.RealProxy.PrivateInvoke(MessageData& msgData, Int32 type)
   在 EAS.Data.Caching.ICacheService.GetData(String dataType, String updateProperty, DateTime updateTime, Guid sessionID)
   在 sIO8JPN1xigB2vPC13O.o9E4vsYzq2NBWagfQQT.pLJUJpm6ne()

[类型]:Error
[线程]:6
[内存]:3.93M
[时间]:2015-07-07 14:54:42
[内容]:系统找不到指定的文件。
[来源]:
[目标]:
[堆栈]:

2015-07-07 14:54:43==>INFO :请求更新缓存出错:EAS.Explorer.Entities.Module
[类型]:Error
[线程]:1
[内存]:4.52M
[时间]:2015-07-07 14:54:43
[内容]:在与 SQL Server 建立连接时出现与网络相关的或特定于实例的错误。未找到或无法访问服务器。请验证实例名称是否正确并且 SQL Server 已配置为允许远程连接。 (provider: Named Pipes Provider, error: 40 - 无法打开到 SQL Server 的连接)
[来源]:.Net SqlClient Data Provider
[目标]:Boolean TryGetConnection(System.Data.Common.DbConnection, UInt32, Boolean, Boolean, System.Data.Common.DbConnectionOptions, System.Data.ProviderBase.DbConnectionInternal ByRef)
[堆栈]:   在 EAS.Services.DirectServiceBridger.InvokeMethod(Type serviceType, MethodBase method, Object[] args)
   在 eKaonkvffIvvyuTDpLB.X2caPfvDQI3nPHLO6f0.WPsIrN3mDo3ypOAntkM(Object , Type serviceType, Object , Object )
   在 eKaonkvffIvvyuTDpLB.X2caPfvDQI3nPHLO6f0.Intercept(IInvocation , Object[] args)
   在 rY5LbyvG3c6ADP1NSqw.M3Xnr9vQw8RB8fKTlog.Invoke(IMessage )
   在 System.Runtime.Remoting.Proxies.RealProxy.PrivateInvoke(MessageData& msgData, Int32 type)
   在 EAS.Data.Caching.ICacheService.GetData(String dataType, String updateProperty, DateTime updateTime, Guid sessionID)
   在 sIO8JPN1xigB2vPC13O.o9E4vsYzq2NBWagfQQT.pLJUJpm6ne()

[类型]:Error
[线程]:1
[内存]:4.55M
[时间]:2015-07-07 14:54:43
[内容]:系统找不到指定的文件。
[来源]:
[目标]:
[堆栈]:

2015-07-07 14:54:57==>INFO :请求更新缓存出错:EAS.Explorer.Entities.CacheItem
[类型]:Error
[线程]:1
[内存]:3.33M
[时间]:2015-07-07 14:54:57
[内容]:在与 SQL Server 建立连接时出现与网络相关的或特定于实例的错误。未找到或无法访问服务器。请验证实例名称是否正确并且 SQL Server 已配置为允许远程连接。 (provider: Named Pipes Provider, error: 40 - 无法打开到 SQL Server 的连接)
[来源]:.Net SqlClient Data Provider
[目标]:Void OnError(System.Data.SqlClient.SqlException, Boolean, System.Action`1[System.Action])
[堆栈]:   在 EAS.Services.DirectServiceBridger.InvokeMethod(Type serviceType, MethodBase method, Object[] args)
   在 eKaonkvffIvvyuTDpLB.X2caPfvDQI3nPHLO6f0.WPsIrN3mDo3ypOAntkM(Object , Type serviceType, Object , Object )
   在 eKaonkvffIvvyuTDpLB.X2caPfvDQI3nPHLO6f0.Intercept(IInvocation , Object[] args)
   在 rY5LbyvG3c6ADP1NSqw.M3Xnr9vQw8RB8fKTlog.Invoke(IMessage )
   在 System.Runtime.Remoting.Proxies.RealProxy.PrivateInvoke(MessageData& msgData, Int32 type)
   在 EAS.Data.Caching.ICacheService.GetData(String dataType, String updateProperty, DateTime updateTime, Guid sessionID)
   在 sIO8JPN1xigB2vPC13O.o9E4vsYzq2NBWagfQQT.pLJUJpm6ne()

[类型]:Error
[线程]:1
[内存]:3.37M
[时间]:2015-07-07 14:54:57
[内容]:系统找不到指定的文件。
[来源]:
[目标]:
[堆栈]:

2015-07-07 14:54:57==>INFO :请求更新缓存出错:EAS.Explorer.Entities.CacheItem
[类型]:Error
[线程]:6
[内存]:3.65M
[时间]:2015-07-07 14:54:57
[内容]:在与 SQL Server 建立连接时出现与网络相关的或特定于实例的错误。未找到或无法访问服务器。请验证实例名称是否正确并且 SQL Server 已配置为允许远程连接。 (provider: Named Pipes Provider, error: 40 - 无法打开到 SQL Server 的连接)
[来源]:.Net SqlClient Data Provider
[目标]:Boolean TryGetConnection(System.Data.Common.DbConnection, UInt32, Boolean, Boolean, System.Data.Common.DbConnectionOptions, System.Data.ProviderBase.DbConnectionInternal ByRef)
[堆栈]:   在 EAS.Services.DirectServiceBridger.InvokeMethod(Type serviceType, MethodBase method, Object[] args)
   在 eKaonkvffIvvyuTDpLB.X2caPfvDQI3nPHLO6f0.WPsIrN3mDo3ypOAntkM(Object , Type serviceType, Object , Object )
   在 eKaonkvffIvvyuTDpLB.X2caPfvDQI3nPHLO6f0.Intercept(IInvocation , Object[] args)
   在 rY5LbyvG3c6ADP1NSqw.M3Xnr9vQw8RB8fKTlog.Invoke(IMessage )
   在 System.Runtime.Remoting.Proxies.RealProxy.PrivateInvoke(MessageData& msgData, Int32 type)
   在 EAS.Data.Caching.ICacheService.GetData(String dataType, String updateProperty, DateTime updateTime, Guid sessionID)
   在 sIO8JPN1xigB2vPC13O.o9E4vsYzq2NBWagfQQT.pLJUJpm6ne()

[类型]:Error
[线程]:6
[内存]:3.69M
[时间]:2015-07-07 14:54:57
[内容]:系统找不到指定的文件。
[来源]:
[目标]:
[堆栈]:

2015-07-07 14:54:57==>INFO :请求更新缓存出错:EAS.Explorer.Entities.Module
[类型]:Error
[线程]:1
[内存]:7.18M
[时间]:2015-07-07 14:54:57
[内容]:在与 SQL Server 建立连接时出现与网络相关的或特定于实例的错误。未找到或无法访问服务器。请验证实例名称是否正确并且 SQL Server 已配置为允许远程连接。 (provider: Named Pipes Provider, error: 40 - 无法打开到 SQL Server 的连接)
[来源]:.Net SqlClient Data Provider
[目标]:Boolean TryGetConnection(System.Data.Common.DbConnection, UInt32, Boolean, Boolean, System.Data.Common.DbConnectionOptions, System.Data.ProviderBase.DbConnectionInternal ByRef)
[堆栈]:   在 EAS.Services.DirectServiceBridger.InvokeMethod(Type serviceType, MethodBase method, Object[] args)
   在 eKaonkvffIvvyuTDpLB.X2caPfvDQI3nPHLO6f0.WPsIrN3mDo3ypOAntkM(Object , Type serviceType, Object , Object )
   在 eKaonkvffIvvyuTDpLB.X2caPfvDQI3nPHLO6f0.Intercept(IInvocation , Object[] args)
   在 rY5LbyvG3c6ADP1NSqw.M3Xnr9vQw8RB8fKTlog.Invoke(IMessage )
   在 System.Runtime.Remoting.Proxies.RealProxy.PrivateInvoke(MessageData& msgData, Int32 type)
   在 EAS.Data.Caching.ICacheService.GetData(String dataType, String updateProperty, DateTime updateTime, Guid sessionID)
   在 sIO8JPN1xigB2vPC13O.o9E4vsYzq2NBWagfQQT.pLJUJpm6ne()

[类型]:Error
[线程]:1
[内存]:7.22M
[时间]:2015-07-07 14:54:57
[内容]:系统找不到指定的文件。
[来源]:
[目标]:
[堆栈]:

2015-07-07 14:55:10==>INFO :请求更新缓存出错:EAS.Explorer.Entities.CacheItem
[类型]:Error
[线程]:8
[内存]:3.16M
[时间]:2015-07-07 14:55:10
[内容]:在与 SQL Server 建立连接时出现与网络相关的或特定于实例的错误。未找到或无法访问服务器。请验证实例名称是否正确并且 SQL Server 已配置为允许远程连接。 (provider: Named Pipes Provider, error: 40 - 无法打开到 SQL Server 的连接)
[来源]:.Net SqlClient Data Provider
[目标]:Void OnError(System.Data.SqlClient.SqlException, Boolean, System.Action`1[System.Action])
[堆栈]:   在 EAS.Services.DirectServiceBridger.InvokeMethod(Type serviceType, MethodBase method, Object[] args)
   在 eKaonkvffIvvyuTDpLB.X2caPfvDQI3nPHLO6f0.WPsIrN3mDo3ypOAntkM(Object , Type serviceType, Object , Object )
   在 eKaonkvffIvvyuTDpLB.X2caPfvDQI3nPHLO6f0.Intercept(IInvocation , Object[] args)
   在 rY5LbyvG3c6ADP1NSqw.M3Xnr9vQw8RB8fKTlog.Invoke(IMessage )
   在 System.Runtime.Remoting.Proxies.RealProxy.PrivateInvoke(MessageData& msgData, Int32 type)
   在 EAS.Data.Caching.ICacheService.GetData(String dataType, String updateProperty, DateTime updateTime, Guid sessionID)
   在 sIO8JPN1xigB2vPC13O.o9E4vsYzq2NBWagfQQT.pLJUJpm6ne()

[类型]:Error
[线程]:8
[内存]:3.19M
[时间]:2015-07-07 14:55:10
[内容]:系统找不到指定的文件。
[来源]:
[目标]:
[堆栈]:

2015-07-07 14:55:10==>INFO :请求更新缓存出错:EAS.Explorer.Entities.CacheItem
[类型]:Error
[线程]:14
[内存]:3.52M
[时间]:2015-07-07 14:55:10
[内容]:在与 SQL Server 建立连接时出现与网络相关的或特定于实例的错误。未找到或无法访问服务器。请验证实例名称是否正确并且 SQL Server 已配置为允许远程连接。 (provider: Named Pipes Provider, error: 40 - 无法打开到 SQL Server 的连接)
[来源]:.Net SqlClient Data Provider
[目标]:Boolean TryGetConnection(System.Data.Common.DbConnection, UInt32, Boolean, Boolean, System.Data.Common.DbConnectionOptions, System.Data.ProviderBase.DbConnectionInternal ByRef)
[堆栈]:   在 EAS.Services.DirectServiceBridger.InvokeMethod(Type serviceType, MethodBase method, Object[] args)
   在 eKaonkvffIvvyuTDpLB.X2caPfvDQI3nPHLO6f0.WPsIrN3mDo3ypOAntkM(Object , Type serviceType, Object , Object )
   在 eKaonkvffIvvyuTDpLB.X2caPfvDQI3nPHLO6f0.Intercept(IInvocation , Object[] args)
   在 rY5LbyvG3c6ADP1NSqw.M3Xnr9vQw8RB8fKTlog.Invoke(IMessage )
   在 System.Runtime.Remoting.Proxies.RealProxy.PrivateInvoke(MessageData& msgData, Int32 type)
   在 EAS.Data.Caching.ICacheService.GetData(String dataType, String updateProperty, DateTime updateTime, Guid sessionID)
   在 sIO8JPN1xigB2vPC13O.o9E4vsYzq2NBWagfQQT.pLJUJpm6ne()

[类型]:Error
[线程]:14
[内存]:3.58M
[时间]:2015-07-07 14:55:10
[内容]:系统找不到指定的文件。
[来源]:
[目标]:
[堆栈]:

2015-07-07 14:55:10==>INFO :请求更新缓存出错:EAS.Explorer.Entities.Module
[类型]:Error
[线程]:8
[内存]:6.06M
[时间]:2015-07-07 14:55:10
[内容]:在与 SQL Server 建立连接时出现与网络相关的或特定于实例的错误。未找到或无法访问服务器。请验证实例名称是否正确并且 SQL Server 已配置为允许远程连接。 (provider: Named Pipes Provider, error: 40 - 无法打开到 SQL Server 的连接)
[来源]:.Net SqlClient Data Provider
[目标]:Boolean TryGetConnection(System.Data.Common.DbConnection, UInt32, Boolean, Boolean, System.Data.Common.DbConnectionOptions, System.Data.ProviderBase.DbConnectionInternal ByRef)
[堆栈]:   在 EAS.Services.DirectServiceBridger.InvokeMethod(Type serviceType, MethodBase method, Object[] args)
   在 eKaonkvffIvvyuTDpLB.X2caPfvDQI3nPHLO6f0.WPsIrN3mDo3ypOAntkM(Object , Type serviceType, Object , Object )
   在 eKaonkvffIvvyuTDpLB.X2caPfvDQI3nPHLO6f0.Intercept(IInvocation , Object[] args)
   在 rY5LbyvG3c6ADP1NSqw.M3Xnr9vQw8RB8fKTlog.Invoke(IMessage )
   在 System.Runtime.Remoting.Proxies.RealProxy.PrivateInvoke(MessageData& msgData, Int32 type)
   在 EAS.Data.Caching.ICacheService.GetData(String dataType, String updateProperty, DateTime updateTime, Guid sessionID)
   在 sIO8JPN1xigB2vPC13O.o9E4vsYzq2NBWagfQQT.pLJUJpm6ne()

[类型]:Error
[线程]:8
[内存]:6.09M
[时间]:2015-07-07 14:55:10
[内容]:系统找不到指定的文件。
[来源]:
[目标]:
[堆栈]:

2015-07-07 14:55:19==>INFO :请求更新缓存出错:EAS.Explorer.Entities.Module
[类型]:Error
[线程]:6
[内存]:5.50M
[时间]:2015-07-07 14:55:19
[内容]:在与 SQL Server 建立连接时出现与网络相关的或特定于实例的错误。未找到或无法访问服务器。请验证实例名称是否正确并且 SQL Server 已配置为允许远程连接。 (provider: Named Pipes Provider, error: 40 - 无法打开到 SQL Server 的连接)
[来源]:.Net SqlClient Data Provider
[目标]:Void OnError(System.Data.SqlClient.SqlException, Boolean, System.Action`1[System.Action])
[堆栈]:   在 EAS.Services.DirectServiceBridger.InvokeMethod(Type serviceType, MethodBase method, Object[] args)
   在 eKaonkvffIvvyuTDpLB.X2caPfvDQI3nPHLO6f0.WPsIrN3mDo3ypOAntkM(Object , Type serviceType, Object , Object )
   在 eKaonkvffIvvyuTDpLB.X2caPfvDQI3nPHLO6f0.Intercept(IInvocation , Object[] args)
   在 rY5LbyvG3c6ADP1NSqw.M3Xnr9vQw8RB8fKTlog.Invoke(IMessage )
   在 System.Runtime.Remoting.Proxies.RealProxy.PrivateInvoke(MessageData& msgData, Int32 type)
   在 EAS.Data.Caching.ICacheService.GetData(String dataType, String updateProperty, DateTime updateTime, Guid sessionID)
   在 sIO8JPN1xigB2vPC13O.o9E4vsYzq2NBWagfQQT.pLJUJpm6ne()

[类型]:Error
[线程]:6
[内存]:5.53M
[时间]:2015-07-07 14:55:19
[内容]:系统找不到指定的文件。
[来源]:
[目标]:
[堆栈]:

2015-07-07 14:55:34==>INFO :请求更新缓存出错:EAS.Explorer.Entities.Module
[类型]:Error
[线程]:5
[内存]:4.07M
[时间]:2015-07-07 14:55:34
[内容]:在与 SQL Server 建立连接时出现与网络相关的或特定于实例的错误。未找到或无法访问服务器。请验证实例名称是否正确并且 SQL Server 已配置为允许远程连接。 (provider: Named Pipes Provider, error: 40 - 无法打开到 SQL Server 的连接)
[来源]:.Net SqlClient Data Provider
[目标]:Void OnError(System.Data.SqlClient.SqlException, Boolean, System.Action`1[System.Action])
[堆栈]:   在 EAS.Services.DirectServiceBridger.InvokeMethod(Type serviceType, MethodBase method, Object[] args)
   在 eKaonkvffIvvyuTDpLB.X2caPfvDQI3nPHLO6f0.WPsIrN3mDo3ypOAntkM(Object , Type serviceType, Object , Object )
   在 eKaonkvffIvvyuTDpLB.X2caPfvDQI3nPHLO6f0.Intercept(IInvocation , Object[] args)
   在 rY5LbyvG3c6ADP1NSqw.M3Xnr9vQw8RB8fKTlog.Invoke(IMessage )
   在 System.Runtime.Remoting.Proxies.RealProxy.PrivateInvoke(MessageData& msgData, Int32 type)
   在 EAS.Data.Caching.ICacheService.GetData(String dataType, String updateProperty, DateTime updateTime, Guid sessionID)
   在 sIO8JPN1xigB2vPC13O.o9E4vsYzq2NBWagfQQT.pLJUJpm6ne()

[类型]:Error
[线程]:5
[内存]:4.10M
[时间]:2015-07-07 14:55:34
[内容]:系统找不到指定的文件。
[来源]:
[目标]:
[堆栈]:

2015-07-07 14:55:47==>INFO :请求更新缓存出错:EAS.Explorer.Entities.Module
[类型]:Error
[线程]:15
[内存]:5.53M
[时间]:2015-07-07 14:55:47
[内容]:在与 SQL Server 建立连接时出现与网络相关的或特定于实例的错误。未找到或无法访问服务器。请验证实例名称是否正确并且 SQL Server 已配置为允许远程连接。 (provider: Named Pipes Provider, error: 40 - 无法打开到 SQL Server 的连接)
[来源]:.Net SqlClient Data Provider
[目标]:Void OnError(System.Data.SqlClient.SqlException, Boolean, System.Action`1[System.Action])
[堆栈]:   在 EAS.Services.DirectServiceBridger.InvokeMethod(Type serviceType, MethodBase method, Object[] args)
   在 eKaonkvffIvvyuTDpLB.X2caPfvDQI3nPHLO6f0.WPsIrN3mDo3ypOAntkM(Object , Type serviceType, Object , Object )
   在 eKaonkvffIvvyuTDpLB.X2caPfvDQI3nPHLO6f0.Intercept(IInvocation , Object[] args)
   在 rY5LbyvG3c6ADP1NSqw.M3Xnr9vQw8RB8fKTlog.Invoke(IMessage )
   在 System.Runtime.Remoting.Proxies.RealProxy.PrivateInvoke(MessageData& msgData, Int32 type)
   在 EAS.Data.Caching.ICacheService.GetData(String dataType, String updateProperty, DateTime updateTime, Guid sessionID)
   在 sIO8JPN1xigB2vPC13O.o9E4vsYzq2NBWagfQQT.pLJUJpm6ne()

[类型]:Error
[线程]:15
[内存]:5.56M
[时间]:2015-07-07 14:55:47
[内容]:系统找不到指定的文件。
[来源]:
[目标]:
[堆栈]:

2015-07-07 15:43:16==>INFO :请求更新缓存出错:EAS.Explorer.Entities.CacheItem
[类型]:Error
[线程]:9
[内存]:3.35M
[时间]:2015-07-07 15:43:16
[内容]:在与 SQL Server 建立连接时出现与网络相关的或特定于实例的错误。未找到或无法访问服务器。请验证实例名称是否正确并且 SQL Server 已配置为允许远程连接。 (provider: Named Pipes Provider, error: 40 - 无法打开到 SQL Server 的连接)
[来源]:.Net SqlClient Data Provider
[目标]:Void OnError(System.Data.SqlClient.SqlException, Boolean, System.Action`1[System.Action])
[堆栈]:   在 EAS.Services.DirectServiceBridger.InvokeMethod(Type serviceType, MethodBase method, Object[] args)
   在 eKaonkvffIvvyuTDpLB.X2caPfvDQI3nPHLO6f0.WPsIrN3mDo3ypOAntkM(Object , Type serviceType, Object , Object )
   在 eKaonkvffIvvyuTDpLB.X2caPfvDQI3nPHLO6f0.Intercept(IInvocation , Object[] args)
   在 rY5LbyvG3c6ADP1NSqw.M3Xnr9vQw8RB8fKTlog.Invoke(IMessage )
   在 System.Runtime.Remoting.Proxies.RealProxy.PrivateInvoke(MessageData& msgData, Int32 type)
   在 EAS.Data.Caching.ICacheService.GetData(String dataType, String updateProperty, DateTime updateTime, Guid sessionID)
   在 sIO8JPN1xigB2vPC13O.o9E4vsYzq2NBWagfQQT.pLJUJpm6ne()

[类型]:Error
[线程]:9
[内存]:3.38M
[时间]:2015-07-07 15:43:16
[内容]:系统找不到指定的文件。
[来源]:
[目标]:
[堆栈]:

2015-07-07 15:43:16==>INFO :请求更新缓存出错:EAS.Explorer.Entities.CacheItem
[类型]:Error
[线程]:13
[内存]:3.60M
[时间]:2015-07-07 15:43:16
[内容]:在与 SQL Server 建立连接时出现与网络相关的或特定于实例的错误。未找到或无法访问服务器。请验证实例名称是否正确并且 SQL Server 已配置为允许远程连接。 (provider: Named Pipes Provider, error: 40 - 无法打开到 SQL Server 的连接)
[来源]:.Net SqlClient Data Provider
[目标]:Boolean TryGetConnection(System.Data.Common.DbConnection, UInt32, Boolean, Boolean, System.Data.Common.DbConnectionOptions, System.Data.ProviderBase.DbConnectionInternal ByRef)
[堆栈]:   在 EAS.Services.DirectServiceBridger.InvokeMethod(Type serviceType, MethodBase method, Object[] args)
   在 eKaonkvffIvvyuTDpLB.X2caPfvDQI3nPHLO6f0.WPsIrN3mDo3ypOAntkM(Object , Type serviceType, Object , Object )
   在 eKaonkvffIvvyuTDpLB.X2caPfvDQI3nPHLO6f0.Intercept(IInvocation , Object[] args)
   在 rY5LbyvG3c6ADP1NSqw.M3Xnr9vQw8RB8fKTlog.Invoke(IMessage )
   在 System.Runtime.Remoting.Proxies.RealProxy.PrivateInvoke(MessageData& msgData, Int32 type)
   在 EAS.Data.Caching.ICacheService.GetData(String dataType, String updateProperty, DateTime updateTime, Guid sessionID)
   在 sIO8JPN1xigB2vPC13O.o9E4vsYzq2NBWagfQQT.pLJUJpm6ne()

[类型]:Error
[线程]:13
[内存]:3.67M
[时间]:2015-07-07 15:43:16
[内容]:系统找不到指定的文件。
[来源]:
[目标]:
[堆栈]:

2015-07-07 15:43:16==>INFO :请求更新缓存出错:EAS.Explorer.Entities.Module
[类型]:Error
[线程]:9
[内存]:5.00M
[时间]:2015-07-07 15:43:16
[内容]:在与 SQL Server 建立连接时出现与网络相关的或特定于实例的错误。未找到或无法访问服务器。请验证实例名称是否正确并且 SQL Server 已配置为允许远程连接。 (provider: Named Pipes Provider, error: 40 - 无法打开到 SQL Server 的连接)
[来源]:.Net SqlClient Data Provider
[目标]:Boolean TryGetConnection(System.Data.Common.DbConnection, UInt32, Boolean, Boolean, System.Data.Common.DbConnectionOptions, System.Data.ProviderBase.DbConnectionInternal ByRef)
[堆栈]:   在 EAS.Services.DirectServiceBridger.InvokeMethod(Type serviceType, MethodBase method, Object[] args)
   在 eKaonkvffIvvyuTDpLB.X2caPfvDQI3nPHLO6f0.WPsIrN3mDo3ypOAntkM(Object , Type serviceType, Object , Object )
   在 eKaonkvffIvvyuTDpLB.X2caPfvDQI3nPHLO6f0.Intercept(IInvocation , Object[] args)
   在 rY5LbyvG3c6ADP1NSqw.M3Xnr9vQw8RB8fKTlog.Invoke(IMessage )
   在 System.Runtime.Remoting.Proxies.RealProxy.PrivateInvoke(MessageData& msgData, Int32 type)
   在 EAS.Data.Caching.ICacheService.GetData(String dataType, String updateProperty, DateTime updateTime, Guid sessionID)
   在 sIO8JPN1xigB2vPC13O.o9E4vsYzq2NBWagfQQT.pLJUJpm6ne()

[类型]:Error
[线程]:9
[内存]:5.04M
[时间]:2015-07-07 15:43:16
[内容]:系统找不到指定的文件。
[来源]:
[目标]:
[堆栈]:

2015-07-07 15:43:54==>INFO :请求更新缓存出错:EAS.Explorer.Entities.Module
[类型]:Error
[线程]:13
[内存]:6.51M
[时间]:2015-07-07 15:43:54
[内容]:在与 SQL Server 建立连接时出现与网络相关的或特定于实例的错误。未找到或无法访问服务器。请验证实例名称是否正确并且 SQL Server 已配置为允许远程连接。 (provider: Named Pipes Provider, error: 40 - 无法打开到 SQL Server 的连接)
[来源]:.Net SqlClient Data Provider
[目标]:Void OnError(System.Data.SqlClient.SqlException, Boolean, System.Action`1[System.Action])
[堆栈]:   在 EAS.Services.DirectServiceBridger.InvokeMethod(Type serviceType, MethodBase method, Object[] args)
   在 eKaonkvffIvvyuTDpLB.X2caPfvDQI3nPHLO6f0.WPsIrN3mDo3ypOAntkM(Object , Type serviceType, Object , Object )
   在 eKaonkvffIvvyuTDpLB.X2caPfvDQI3nPHLO6f0.Intercept(IInvocation , Object[] args)
   在 rY5LbyvG3c6ADP1NSqw.M3Xnr9vQw8RB8fKTlog.Invoke(IMessage )
   在 System.Runtime.Remoting.Proxies.RealProxy.PrivateInvoke(MessageData& msgData, Int32 type)
   在 EAS.Data.Caching.ICacheService.GetData(String dataType, String updateProperty, DateTime updateTime, Guid sessionID)
   在 sIO8JPN1xigB2vPC13O.o9E4vsYzq2NBWagfQQT.pLJUJpm6ne()

[类型]:Error
[线程]:13
[内存]:6.55M
[时间]:2015-07-07 15:43:54
[内容]:系统找不到指定的文件。
[来源]:
[目标]:
[堆栈]:

