2015-01-29 14:48:10==>INFO :BaseDirectory:=K:\Users\SJP\Documents\GitHub\old-version-GasEAS\Publish\
2015-01-29 14:48:13==>INFO :Load K:\Users\SJP\Documents\GitHub\old-version-GasEAS\Publish\grdes50.dll Fail!
[类型]:Error
[线程]:6
[内存]:3.78M
[时间]:2015-01-29 14:48:13
[内容]:未能加载文件或程序集“file:///K:\Users\SJP\Documents\GitHub\old-version-GasEAS\Publish\grdes50.dll”或它的某一个依赖项。该模块应包含一个程序集清单。
[来源]:mscorlib
[目标]:System.Reflection.RuntimeAssembly _nLoad(System.Reflection.AssemblyName, System.String, System.Security.Policy.Evidence, System.Reflection.RuntimeAssembly, System.Threading.StackCrawlMark ByRef, IntPtr, Boolean, Boolean, Boolean)
[堆栈]:   在 System.Reflection.RuntimeAssembly._nLoad(AssemblyName fileName, String codeBase, Evidence assemblySecurity, RuntimeAssembly locationHint, StackCrawlMark& stackMark, IntPtr pPrivHostBinder, Boolean throwOnFileNotFound, Boolean forIntrospection, Boolean suppressSecurityChecks)
   在 System.Reflection.RuntimeAssembly.InternalLoadAssemblyName(AssemblyName assemblyRef, Evidence assemblySecurity, RuntimeAssembly reqAssembly, StackCrawlMark& stackMark, IntPtr pPrivHostBinder, Boolean throwOnFileNotFound, Boolean forIntrospection, Boolean suppressSecurityChecks)
   在 System.Reflection.RuntimeAssembly.InternalLoadAssemblyName(AssemblyName assemblyRef, Evidence assemblySecurity, RuntimeAssembly reqAssembly, StackCrawlMark& stackMark, Boolean throwOnFileNotFound, Boolean forIntrospection, Boolean suppressSecurityChecks)
   在 System.Reflection.RuntimeAssembly.InternalLoadFrom(String assemblyFile, Evidence securityEvidence, Byte[] hashValue, AssemblyHashAlgorithm hashAlgorithm, Boolean forIntrospection, Boolean suppressSecurityChecks, StackCrawlMark& stackMark)
   在 System.Reflection.Assembly.LoadFrom(String assemblyFile)
   在 vFNCuhjwfOSeLcsPluk.e1mu5pj89W74FB5hZZb.MqswC4MKmATg9wOr07s(Object )
   在 vFNCuhjwfOSeLcsPluk.e1mu5pj89W74FB5hZZb.QpccNpw0JY(String )

2015-01-29 14:48:13==>INFO :Load K:\Users\SJP\Documents\GitHub\old-version-GasEAS\Publish\gregn50.dll Fail!
[类型]:Error
[线程]:6
[内存]:3.94M
[时间]:2015-01-29 14:48:13
[内容]:未能加载文件或程序集“file:///K:\Users\SJP\Documents\GitHub\old-version-GasEAS\Publish\gregn50.dll”或它的某一个依赖项。该模块应包含一个程序集清单。
[来源]:mscorlib
[目标]:System.Reflection.RuntimeAssembly _nLoad(System.Reflection.AssemblyName, System.String, System.Security.Policy.Evidence, System.Reflection.RuntimeAssembly, System.Threading.StackCrawlMark ByRef, IntPtr, Boolean, Boolean, Boolean)
[堆栈]:   在 System.Reflection.RuntimeAssembly._nLoad(AssemblyName fileName, String codeBase, Evidence assemblySecurity, RuntimeAssembly locationHint, StackCrawlMark& stackMark, IntPtr pPrivHostBinder, Boolean throwOnFileNotFound, Boolean forIntrospection, Boolean suppressSecurityChecks)
   在 System.Reflection.RuntimeAssembly.InternalLoadAssemblyName(AssemblyName assemblyRef, Evidence assemblySecurity, RuntimeAssembly reqAssembly, StackCrawlMark& stackMark, IntPtr pPrivHostBinder, Boolean throwOnFileNotFound, Boolean forIntrospection, Boolean suppressSecurityChecks)
   在 System.Reflection.RuntimeAssembly.InternalLoadAssemblyName(AssemblyName assemblyRef, Evidence assemblySecurity, RuntimeAssembly reqAssembly, StackCrawlMark& stackMark, Boolean throwOnFileNotFound, Boolean forIntrospection, Boolean suppressSecurityChecks)
   在 System.Reflection.RuntimeAssembly.InternalLoadFrom(String assemblyFile, Evidence securityEvidence, Byte[] hashValue, AssemblyHashAlgorithm hashAlgorithm, Boolean forIntrospection, Boolean suppressSecurityChecks, StackCrawlMark& stackMark)
   在 System.Reflection.Assembly.LoadFrom(String assemblyFile)
   在 vFNCuhjwfOSeLcsPluk.e1mu5pj89W74FB5hZZb.MqswC4MKmATg9wOr07s(Object )
   在 vFNCuhjwfOSeLcsPluk.e1mu5pj89W74FB5hZZb.QpccNpw0JY(String )

2015-01-29 14:48:15==>INFO :Load K:\Users\SJP\Documents\GitHub\old-version-GasEAS\Publish\System.Data.SQLite.DLL Fail!
[类型]:Error
[线程]:6
[内存]:2.72M
[时间]:2015-01-29 14:48:15
[内容]:未能加载文件或程序集“file:///K:\Users\SJP\Documents\GitHub\old-version-GasEAS\Publish\System.Data.SQLite.DLL”或它的某一个依赖项。试图加载格式不正确的程序。
[来源]:mscorlib
[目标]:System.Reflection.RuntimeAssembly _nLoad(System.Reflection.AssemblyName, System.String, System.Security.Policy.Evidence, System.Reflection.RuntimeAssembly, System.Threading.StackCrawlMark ByRef, IntPtr, Boolean, Boolean, Boolean)
[堆栈]:   在 System.Reflection.RuntimeAssembly._nLoad(AssemblyName fileName, String codeBase, Evidence assemblySecurity, RuntimeAssembly locationHint, StackCrawlMark& stackMark, IntPtr pPrivHostBinder, Boolean throwOnFileNotFound, Boolean forIntrospection, Boolean suppressSecurityChecks)
   在 System.Reflection.RuntimeAssembly.InternalLoadAssemblyName(AssemblyName assemblyRef, Evidence assemblySecurity, RuntimeAssembly reqAssembly, StackCrawlMark& stackMark, IntPtr pPrivHostBinder, Boolean throwOnFileNotFound, Boolean forIntrospection, Boolean suppressSecurityChecks)
   在 System.Reflection.RuntimeAssembly.InternalLoadAssemblyName(AssemblyName assemblyRef, Evidence assemblySecurity, RuntimeAssembly reqAssembly, StackCrawlMark& stackMark, Boolean throwOnFileNotFound, Boolean forIntrospection, Boolean suppressSecurityChecks)
   在 System.Reflection.RuntimeAssembly.InternalLoadFrom(String assemblyFile, Evidence securityEvidence, Byte[] hashValue, AssemblyHashAlgorithm hashAlgorithm, Boolean forIntrospection, Boolean suppressSecurityChecks, StackCrawlMark& stackMark)
   在 System.Reflection.Assembly.LoadFrom(String assemblyFile)
   在 vFNCuhjwfOSeLcsPluk.e1mu5pj89W74FB5hZZb.MqswC4MKmATg9wOr07s(Object )
   在 vFNCuhjwfOSeLcsPluk.e1mu5pj89W74FB5hZZb.QpccNpw0JY(String )

2015-01-29 14:53:29==>INFO :BaseDirectory:=K:\Users\SJP\Documents\GitHub\old-version-GasEAS\Publish\
2015-01-29 14:53:31==>INFO :Load K:\Users\SJP\Documents\GitHub\old-version-GasEAS\Publish\grdes50.dll Fail!
[类型]:Error
[线程]:11
[内存]:3.85M
[时间]:2015-01-29 14:53:31
[内容]:未能加载文件或程序集“file:///K:\Users\SJP\Documents\GitHub\old-version-GasEAS\Publish\grdes50.dll”或它的某一个依赖项。该模块应包含一个程序集清单。
[来源]:mscorlib
[目标]:System.Reflection.RuntimeAssembly _nLoad(System.Reflection.AssemblyName, System.String, System.Security.Policy.Evidence, System.Reflection.RuntimeAssembly, System.Threading.StackCrawlMark ByRef, IntPtr, Boolean, Boolean, Boolean)
[堆栈]:   在 System.Reflection.RuntimeAssembly._nLoad(AssemblyName fileName, String codeBase, Evidence assemblySecurity, RuntimeAssembly locationHint, StackCrawlMark& stackMark, IntPtr pPrivHostBinder, Boolean throwOnFileNotFound, Boolean forIntrospection, Boolean suppressSecurityChecks)
   在 System.Reflection.RuntimeAssembly.InternalLoadAssemblyName(AssemblyName assemblyRef, Evidence assemblySecurity, RuntimeAssembly reqAssembly, StackCrawlMark& stackMark, IntPtr pPrivHostBinder, Boolean throwOnFileNotFound, Boolean forIntrospection, Boolean suppressSecurityChecks)
   在 System.Reflection.RuntimeAssembly.InternalLoadAssemblyName(AssemblyName assemblyRef, Evidence assemblySecurity, RuntimeAssembly reqAssembly, StackCrawlMark& stackMark, Boolean throwOnFileNotFound, Boolean forIntrospection, Boolean suppressSecurityChecks)
   在 System.Reflection.RuntimeAssembly.InternalLoadFrom(String assemblyFile, Evidence securityEvidence, Byte[] hashValue, AssemblyHashAlgorithm hashAlgorithm, Boolean forIntrospection, Boolean suppressSecurityChecks, StackCrawlMark& stackMark)
   在 System.Reflection.Assembly.LoadFrom(String assemblyFile)
   在 vFNCuhjwfOSeLcsPluk.e1mu5pj89W74FB5hZZb.MqswC4MKmATg9wOr07s(Object )
   在 vFNCuhjwfOSeLcsPluk.e1mu5pj89W74FB5hZZb.QpccNpw0JY(String )

2015-01-29 14:53:31==>INFO :Load K:\Users\SJP\Documents\GitHub\old-version-GasEAS\Publish\gregn50.dll Fail!
[类型]:Error
[线程]:11
[内存]:3.99M
[时间]:2015-01-29 14:53:31
[内容]:未能加载文件或程序集“file:///K:\Users\SJP\Documents\GitHub\old-version-GasEAS\Publish\gregn50.dll”或它的某一个依赖项。该模块应包含一个程序集清单。
[来源]:mscorlib
[目标]:System.Reflection.RuntimeAssembly _nLoad(System.Reflection.AssemblyName, System.String, System.Security.Policy.Evidence, System.Reflection.RuntimeAssembly, System.Threading.StackCrawlMark ByRef, IntPtr, Boolean, Boolean, Boolean)
[堆栈]:   在 System.Reflection.RuntimeAssembly._nLoad(AssemblyName fileName, String codeBase, Evidence assemblySecurity, RuntimeAssembly locationHint, StackCrawlMark& stackMark, IntPtr pPrivHostBinder, Boolean throwOnFileNotFound, Boolean forIntrospection, Boolean suppressSecurityChecks)
   在 System.Reflection.RuntimeAssembly.InternalLoadAssemblyName(AssemblyName assemblyRef, Evidence assemblySecurity, RuntimeAssembly reqAssembly, StackCrawlMark& stackMark, IntPtr pPrivHostBinder, Boolean throwOnFileNotFound, Boolean forIntrospection, Boolean suppressSecurityChecks)
   在 System.Reflection.RuntimeAssembly.InternalLoadAssemblyName(AssemblyName assemblyRef, Evidence assemblySecurity, RuntimeAssembly reqAssembly, StackCrawlMark& stackMark, Boolean throwOnFileNotFound, Boolean forIntrospection, Boolean suppressSecurityChecks)
   在 System.Reflection.RuntimeAssembly.InternalLoadFrom(String assemblyFile, Evidence securityEvidence, Byte[] hashValue, AssemblyHashAlgorithm hashAlgorithm, Boolean forIntrospection, Boolean suppressSecurityChecks, StackCrawlMark& stackMark)
   在 System.Reflection.Assembly.LoadFrom(String assemblyFile)
   在 vFNCuhjwfOSeLcsPluk.e1mu5pj89W74FB5hZZb.MqswC4MKmATg9wOr07s(Object )
   在 vFNCuhjwfOSeLcsPluk.e1mu5pj89W74FB5hZZb.QpccNpw0JY(String )

2015-01-29 14:53:32==>INFO :Load K:\Users\SJP\Documents\GitHub\old-version-GasEAS\Publish\System.Data.SQLite.DLL Fail!
[类型]:Error
[线程]:11
[内存]:3.76M
[时间]:2015-01-29 14:53:32
[内容]:未能加载文件或程序集“file:///K:\Users\SJP\Documents\GitHub\old-version-GasEAS\Publish\System.Data.SQLite.DLL”或它的某一个依赖项。试图加载格式不正确的程序。
[来源]:mscorlib
[目标]:System.Reflection.RuntimeAssembly _nLoad(System.Reflection.AssemblyName, System.String, System.Security.Policy.Evidence, System.Reflection.RuntimeAssembly, System.Threading.StackCrawlMark ByRef, IntPtr, Boolean, Boolean, Boolean)
[堆栈]:   在 System.Reflection.RuntimeAssembly._nLoad(AssemblyName fileName, String codeBase, Evidence assemblySecurity, RuntimeAssembly locationHint, StackCrawlMark& stackMark, IntPtr pPrivHostBinder, Boolean throwOnFileNotFound, Boolean forIntrospection, Boolean suppressSecurityChecks)
   在 System.Reflection.RuntimeAssembly.InternalLoadAssemblyName(AssemblyName assemblyRef, Evidence assemblySecurity, RuntimeAssembly reqAssembly, StackCrawlMark& stackMark, IntPtr pPrivHostBinder, Boolean throwOnFileNotFound, Boolean forIntrospection, Boolean suppressSecurityChecks)
   在 System.Reflection.RuntimeAssembly.InternalLoadAssemblyName(AssemblyName assemblyRef, Evidence assemblySecurity, RuntimeAssembly reqAssembly, StackCrawlMark& stackMark, Boolean throwOnFileNotFound, Boolean forIntrospection, Boolean suppressSecurityChecks)
   在 System.Reflection.RuntimeAssembly.InternalLoadFrom(String assemblyFile, Evidence securityEvidence, Byte[] hashValue, AssemblyHashAlgorithm hashAlgorithm, Boolean forIntrospection, Boolean suppressSecurityChecks, StackCrawlMark& stackMark)
   在 System.Reflection.Assembly.LoadFrom(String assemblyFile)
   在 vFNCuhjwfOSeLcsPluk.e1mu5pj89W74FB5hZZb.MqswC4MKmATg9wOr07s(Object )
   在 vFNCuhjwfOSeLcsPluk.e1mu5pj89W74FB5hZZb.QpccNpw0JY(String )

2015-01-29 14:54:34==>INFO :BaseDirectory:=K:\Users\SJP\Documents\GitHub\old-version-GasEAS\Publish\
2015-01-29 14:54:36==>INFO :Load K:\Users\SJP\Documents\GitHub\old-version-GasEAS\Publish\grdes50.dll Fail!
[类型]:Error
[线程]:6
[内存]:2.82M
[时间]:2015-01-29 14:54:36
[内容]:未能加载文件或程序集“file:///K:\Users\SJP\Documents\GitHub\old-version-GasEAS\Publish\grdes50.dll”或它的某一个依赖项。该模块应包含一个程序集清单。
[来源]:mscorlib
[目标]:System.Reflection.RuntimeAssembly _nLoad(System.Reflection.AssemblyName, System.String, System.Security.Policy.Evidence, System.Reflection.RuntimeAssembly, System.Threading.StackCrawlMark ByRef, IntPtr, Boolean, Boolean, Boolean)
[堆栈]:   在 System.Reflection.RuntimeAssembly._nLoad(AssemblyName fileName, String codeBase, Evidence assemblySecurity, RuntimeAssembly locationHint, StackCrawlMark& stackMark, IntPtr pPrivHostBinder, Boolean throwOnFileNotFound, Boolean forIntrospection, Boolean suppressSecurityChecks)
   在 System.Reflection.RuntimeAssembly.InternalLoadAssemblyName(AssemblyName assemblyRef, Evidence assemblySecurity, RuntimeAssembly reqAssembly, StackCrawlMark& stackMark, IntPtr pPrivHostBinder, Boolean throwOnFileNotFound, Boolean forIntrospection, Boolean suppressSecurityChecks)
   在 System.Reflection.RuntimeAssembly.InternalLoadAssemblyName(AssemblyName assemblyRef, Evidence assemblySecurity, RuntimeAssembly reqAssembly, StackCrawlMark& stackMark, Boolean throwOnFileNotFound, Boolean forIntrospection, Boolean suppressSecurityChecks)
   在 System.Reflection.RuntimeAssembly.InternalLoadFrom(String assemblyFile, Evidence securityEvidence, Byte[] hashValue, AssemblyHashAlgorithm hashAlgorithm, Boolean forIntrospection, Boolean suppressSecurityChecks, StackCrawlMark& stackMark)
   在 System.Reflection.Assembly.LoadFrom(String assemblyFile)
   在 vFNCuhjwfOSeLcsPluk.e1mu5pj89W74FB5hZZb.MqswC4MKmATg9wOr07s(Object )
   在 vFNCuhjwfOSeLcsPluk.e1mu5pj89W74FB5hZZb.QpccNpw0JY(String )

2015-01-29 14:54:36==>INFO :Load K:\Users\SJP\Documents\GitHub\old-version-GasEAS\Publish\gregn50.dll Fail!
[类型]:Error
[线程]:6
[内存]:2.97M
[时间]:2015-01-29 14:54:36
[内容]:未能加载文件或程序集“file:///K:\Users\SJP\Documents\GitHub\old-version-GasEAS\Publish\gregn50.dll”或它的某一个依赖项。该模块应包含一个程序集清单。
[来源]:mscorlib
[目标]:System.Reflection.RuntimeAssembly _nLoad(System.Reflection.AssemblyName, System.String, System.Security.Policy.Evidence, System.Reflection.RuntimeAssembly, System.Threading.StackCrawlMark ByRef, IntPtr, Boolean, Boolean, Boolean)
[堆栈]:   在 System.Reflection.RuntimeAssembly._nLoad(AssemblyName fileName, String codeBase, Evidence assemblySecurity, RuntimeAssembly locationHint, StackCrawlMark& stackMark, IntPtr pPrivHostBinder, Boolean throwOnFileNotFound, Boolean forIntrospection, Boolean suppressSecurityChecks)
   在 System.Reflection.RuntimeAssembly.InternalLoadAssemblyName(AssemblyName assemblyRef, Evidence assemblySecurity, RuntimeAssembly reqAssembly, StackCrawlMark& stackMark, IntPtr pPrivHostBinder, Boolean throwOnFileNotFound, Boolean forIntrospection, Boolean suppressSecurityChecks)
   在 System.Reflection.RuntimeAssembly.InternalLoadAssemblyName(AssemblyName assemblyRef, Evidence assemblySecurity, RuntimeAssembly reqAssembly, StackCrawlMark& stackMark, Boolean throwOnFileNotFound, Boolean forIntrospection, Boolean suppressSecurityChecks)
   在 System.Reflection.RuntimeAssembly.InternalLoadFrom(String assemblyFile, Evidence securityEvidence, Byte[] hashValue, AssemblyHashAlgorithm hashAlgorithm, Boolean forIntrospection, Boolean suppressSecurityChecks, StackCrawlMark& stackMark)
   在 System.Reflection.Assembly.LoadFrom(String assemblyFile)
   在 vFNCuhjwfOSeLcsPluk.e1mu5pj89W74FB5hZZb.MqswC4MKmATg9wOr07s(Object )
   在 vFNCuhjwfOSeLcsPluk.e1mu5pj89W74FB5hZZb.QpccNpw0JY(String )

2015-01-29 14:54:36==>INFO :Load K:\Users\SJP\Documents\GitHub\old-version-GasEAS\Publish\System.Data.SQLite.DLL Fail!
[类型]:Error
[线程]:6
[内存]:3.23M
[时间]:2015-01-29 14:54:36
[内容]:未能加载文件或程序集“file:///K:\Users\SJP\Documents\GitHub\old-version-GasEAS\Publish\System.Data.SQLite.DLL”或它的某一个依赖项。试图加载格式不正确的程序。
[来源]:mscorlib
[目标]:System.Reflection.RuntimeAssembly _nLoad(System.Reflection.AssemblyName, System.String, System.Security.Policy.Evidence, System.Reflection.RuntimeAssembly, System.Threading.StackCrawlMark ByRef, IntPtr, Boolean, Boolean, Boolean)
[堆栈]:   在 System.Reflection.RuntimeAssembly._nLoad(AssemblyName fileName, String codeBase, Evidence assemblySecurity, RuntimeAssembly locationHint, StackCrawlMark& stackMark, IntPtr pPrivHostBinder, Boolean throwOnFileNotFound, Boolean forIntrospection, Boolean suppressSecurityChecks)
   在 System.Reflection.RuntimeAssembly.InternalLoadAssemblyName(AssemblyName assemblyRef, Evidence assemblySecurity, RuntimeAssembly reqAssembly, StackCrawlMark& stackMark, IntPtr pPrivHostBinder, Boolean throwOnFileNotFound, Boolean forIntrospection, Boolean suppressSecurityChecks)
   在 System.Reflection.RuntimeAssembly.InternalLoadAssemblyName(AssemblyName assemblyRef, Evidence assemblySecurity, RuntimeAssembly reqAssembly, StackCrawlMark& stackMark, Boolean throwOnFileNotFound, Boolean forIntrospection, Boolean suppressSecurityChecks)
   在 System.Reflection.RuntimeAssembly.InternalLoadFrom(String assemblyFile, Evidence securityEvidence, Byte[] hashValue, AssemblyHashAlgorithm hashAlgorithm, Boolean forIntrospection, Boolean suppressSecurityChecks, StackCrawlMark& stackMark)
   在 System.Reflection.Assembly.LoadFrom(String assemblyFile)
   在 vFNCuhjwfOSeLcsPluk.e1mu5pj89W74FB5hZZb.MqswC4MKmATg9wOr07s(Object )
   在 vFNCuhjwfOSeLcsPluk.e1mu5pj89W74FB5hZZb.QpccNpw0JY(String )

