2015-07-02 16:52:04==>INFO :BaseDirectory:=X:\C#_Energy_Project\WG_GasManage\Publish\
2015-07-02 16:52:09==>INFO :Load X:\C#_Energy_Project\WG_GasManage\Publish\grdes50.dll Fail!
[类型]:Error
[线程]:12
[内存]:3.60M
[时间]:2015-07-02 16:52:09
[内容]:未能加载文件或程序集“file:///X:\C#_Energy_Project\WG_GasManage\Publish\grdes50.dll”或它的某一个依赖项。该模块应包含一个程序集清单。
[来源]:mscorlib
[目标]:System.Reflection.RuntimeAssembly _nLoad(System.Reflection.AssemblyName, System.String, System.Security.Policy.Evidence, System.Reflection.RuntimeAssembly, System.Threading.StackCrawlMark ByRef, IntPtr, Boolean, Boolean, Boolean)
[堆栈]:   在 System.Reflection.RuntimeAssembly._nLoad(AssemblyName fileName, String codeBase, Evidence assemblySecurity, RuntimeAssembly locationHint, StackCrawlMark& stackMark, IntPtr pPrivHostBinder, Boolean throwOnFileNotFound, Boolean forIntrospection, Boolean suppressSecurityChecks)
   在 System.Reflection.RuntimeAssembly.InternalLoadAssemblyName(AssemblyName assemblyRef, Evidence assemblySecurity, RuntimeAssembly reqAssembly, StackCrawlMark& stackMark, IntPtr pPrivHostBinder, Boolean throwOnFileNotFound, Boolean forIntrospection, Boolean suppressSecurityChecks)
   在 System.Reflection.RuntimeAssembly.InternalLoadAssemblyName(AssemblyName assemblyRef, Evidence assemblySecurity, RuntimeAssembly reqAssembly, StackCrawlMark& stackMark, Boolean throwOnFileNotFound, Boolean forIntrospection, Boolean suppressSecurityChecks)
   在 System.Reflection.RuntimeAssembly.InternalLoadFrom(String assemblyFile, Evidence securityEvidence, Byte[] hashValue, AssemblyHashAlgorithm hashAlgorithm, Boolean forIntrospection, Boolean suppressSecurityChecks, StackCrawlMark& stackMark)
   在 System.Reflection.Assembly.LoadFrom(String assemblyFile)
   在 vFNCuhjwfOSeLcsPluk.e1mu5pj89W74FB5hZZb.MqswC4MKmATg9wOr07s(Object )
   在 vFNCuhjwfOSeLcsPluk.e1mu5pj89W74FB5hZZb.QpccNpw0JY(String )

2015-07-02 16:52:10==>INFO :Load X:\C#_Energy_Project\WG_GasManage\Publish\gregn50.dll Fail!
[类型]:Error
[线程]:12
[内存]:3.76M
[时间]:2015-07-02 16:52:10
[内容]:未能加载文件或程序集“file:///X:\C#_Energy_Project\WG_GasManage\Publish\gregn50.dll”或它的某一个依赖项。该模块应包含一个程序集清单。
[来源]:mscorlib
[目标]:System.Reflection.RuntimeAssembly _nLoad(System.Reflection.AssemblyName, System.String, System.Security.Policy.Evidence, System.Reflection.RuntimeAssembly, System.Threading.StackCrawlMark ByRef, IntPtr, Boolean, Boolean, Boolean)
[堆栈]:   在 System.Reflection.RuntimeAssembly._nLoad(AssemblyName fileName, String codeBase, Evidence assemblySecurity, RuntimeAssembly locationHint, StackCrawlMark& stackMark, IntPtr pPrivHostBinder, Boolean throwOnFileNotFound, Boolean forIntrospection, Boolean suppressSecurityChecks)
   在 System.Reflection.RuntimeAssembly.InternalLoadAssemblyName(AssemblyName assemblyRef, Evidence assemblySecurity, RuntimeAssembly reqAssembly, StackCrawlMark& stackMark, IntPtr pPrivHostBinder, Boolean throwOnFileNotFound, Boolean forIntrospection, Boolean suppressSecurityChecks)
   在 System.Reflection.RuntimeAssembly.InternalLoadAssemblyName(AssemblyName assemblyRef, Evidence assemblySecurity, RuntimeAssembly reqAssembly, StackCrawlMark& stackMark, Boolean throwOnFileNotFound, Boolean forIntrospection, Boolean suppressSecurityChecks)
   在 System.Reflection.RuntimeAssembly.InternalLoadFrom(String assemblyFile, Evidence securityEvidence, Byte[] hashValue, AssemblyHashAlgorithm hashAlgorithm, Boolean forIntrospection, Boolean suppressSecurityChecks, StackCrawlMark& stackMark)
   在 System.Reflection.Assembly.LoadFrom(String assemblyFile)
   在 vFNCuhjwfOSeLcsPluk.e1mu5pj89W74FB5hZZb.MqswC4MKmATg9wOr07s(Object )
   在 vFNCuhjwfOSeLcsPluk.e1mu5pj89W74FB5hZZb.QpccNpw0JY(String )

2015-07-02 16:52:11==>INFO :Load X:\C#_Energy_Project\WG_GasManage\Publish\System.Data.SQLite.DLL Fail!
[类型]:Error
[线程]:12
[内存]:3.97M
[时间]:2015-07-02 16:52:11
[内容]:未能加载文件或程序集“file:///X:\C#_Energy_Project\WG_GasManage\Publish\System.Data.SQLite.DLL”或它的某一个依赖项。试图加载格式不正确的程序。
[来源]:mscorlib
[目标]:System.Reflection.RuntimeAssembly _nLoad(System.Reflection.AssemblyName, System.String, System.Security.Policy.Evidence, System.Reflection.RuntimeAssembly, System.Threading.StackCrawlMark ByRef, IntPtr, Boolean, Boolean, Boolean)
[堆栈]:   在 System.Reflection.RuntimeAssembly._nLoad(AssemblyName fileName, String codeBase, Evidence assemblySecurity, RuntimeAssembly locationHint, StackCrawlMark& stackMark, IntPtr pPrivHostBinder, Boolean throwOnFileNotFound, Boolean forIntrospection, Boolean suppressSecurityChecks)
   在 System.Reflection.RuntimeAssembly.InternalLoadAssemblyName(AssemblyName assemblyRef, Evidence assemblySecurity, RuntimeAssembly reqAssembly, StackCrawlMark& stackMark, IntPtr pPrivHostBinder, Boolean throwOnFileNotFound, Boolean forIntrospection, Boolean suppressSecurityChecks)
   在 System.Reflection.RuntimeAssembly.InternalLoadAssemblyName(AssemblyName assemblyRef, Evidence assemblySecurity, RuntimeAssembly reqAssembly, StackCrawlMark& stackMark, Boolean throwOnFileNotFound, Boolean forIntrospection, Boolean suppressSecurityChecks)
   在 System.Reflection.RuntimeAssembly.InternalLoadFrom(String assemblyFile, Evidence securityEvidence, Byte[] hashValue, AssemblyHashAlgorithm hashAlgorithm, Boolean forIntrospection, Boolean suppressSecurityChecks, StackCrawlMark& stackMark)
   在 System.Reflection.Assembly.LoadFrom(String assemblyFile)
   在 vFNCuhjwfOSeLcsPluk.e1mu5pj89W74FB5hZZb.MqswC4MKmATg9wOr07s(Object )
   在 vFNCuhjwfOSeLcsPluk.e1mu5pj89W74FB5hZZb.QpccNpw0JY(String )

